
*** Running vivado
    with args -log dpss_zcu102_rx_axi_timer_0_0.vds -m64 -product Vivado -mode batch -messageDb vivado.pb -notrace -source dpss_zcu102_rx_axi_timer_0_0.tcl



****** Vivado v2020.1 (64-bit)
  **** SW Build 2902540 on Wed May 27 19:54:49 MDT 2020
  **** IP Build 2902112 on Wed May 27 22:43:36 MDT 2020
    ** Copyright 1986-2020 Xilinx, Inc. All Rights Reserved.

source dpss_zcu102_rx_axi_timer_0_0.tcl -notrace
Command: synth_design -top dpss_zcu102_rx_axi_timer_0_0 -part xczu9eg-ffvb1156-2-e -mode out_of_context
Starting synth_design
Attempting to get a license for feature 'Synthesis' and/or device 'xczu9eg'
INFO: [Common 17-349] Got license for feature 'Synthesis' and/or device 'xczu9eg'
INFO: [Device 21-403] Loading part xczu9eg-ffvb1156-2-e
INFO: [Synth 8-7079] Multithreading enabled for synth_design using a maximum of 2 processes.
INFO: [Synth 8-7078] Launching helper process for spawning children vivado processes
INFO: [Synth 8-7075] Helper process launched with PID 85668
---------------------------------------------------------------------------------
Starting RTL Elaboration : Time (s): cpu = 00:00:06 ; elapsed = 00:00:07 . Memory (MB): peak = 1550.941 ; gain = 82.617
---------------------------------------------------------------------------------
INFO: [Synth 8-638] synthesizing module 'dpss_zcu102_rx_axi_timer_0_0' [c:/Projects/Xilinx/DisplayPort/DisplayPort_1_4_ss2_1_rx_ex_v2020p1/hw/v_dp_rxss1_0_ex.srcs/sources_1/bd/dpss_zcu102_rx/ip/dpss_zcu102_rx_axi_timer_0_0/synth/dpss_zcu102_rx_axi_timer_0_0.vhd:90]
	Parameter C_FAMILY bound to: zynquplus - type: string 
	Parameter C_COUNT_WIDTH bound to: 32 - type: integer 
	Parameter C_ONE_TIMER_ONLY bound to: 0 - type: integer 
	Parameter C_TRIG0_ASSERT bound to: 1'b1 
	Parameter C_TRIG1_ASSERT bound to: 1'b1 
	Parameter C_GEN0_ASSERT bound to: 1'b1 
	Parameter C_GEN1_ASSERT bound to: 1'b1 
	Parameter C_S_AXI_DATA_WIDTH bound to: 32 - type: integer 
	Parameter C_S_AXI_ADDR_WIDTH bound to: 5 - type: integer 
INFO: [Synth 8-3491] module 'axi_timer' declared at 'c:/Projects/Xilinx/DisplayPort/DisplayPort_1_4_ss2_1_rx_ex_v2020p1/hw/v_dp_rxss1_0_ex.srcs/sources_1/bd/dpss_zcu102_rx/ipshared/eb71/hdl/axi_timer_v2_0_vh_rfs.vhd:2088' bound to instance 'U0' of component 'axi_timer' [c:/Projects/Xilinx/DisplayPort/DisplayPort_1_4_ss2_1_rx_ex_v2020p1/hw/v_dp_rxss1_0_ex.srcs/sources_1/bd/dpss_zcu102_rx/ip/dpss_zcu102_rx_axi_timer_0_0/synth/dpss_zcu102_rx_axi_timer_0_0.vhd:168]
INFO: [Synth 8-638] synthesizing module 'axi_timer' [c:/Projects/Xilinx/DisplayPort/DisplayPort_1_4_ss2_1_rx_ex_v2020p1/hw/v_dp_rxss1_0_ex.srcs/sources_1/bd/dpss_zcu102_rx/ipshared/eb71/hdl/axi_timer_v2_0_vh_rfs.vhd:2143]
	Parameter C_FAMILY bound to: zynquplus - type: string 
	Parameter C_COUNT_WIDTH bound to: 32 - type: integer 
	Parameter C_ONE_TIMER_ONLY bound to: 0 - type: integer 
	Parameter C_TRIG0_ASSERT bound to: 1'b1 
	Parameter C_TRIG1_ASSERT bound to: 1'b1 
	Parameter C_GEN0_ASSERT bound to: 1'b1 
	Parameter C_GEN1_ASSERT bound to: 1'b1 
	Parameter C_S_AXI_DATA_WIDTH bound to: 32 - type: integer 
	Parameter C_S_AXI_ADDR_WIDTH bound to: 5 - type: integer 
INFO: [Synth 8-638] synthesizing module 'tc_core' [c:/Projects/Xilinx/DisplayPort/DisplayPort_1_4_ss2_1_rx_ex_v2020p1/hw/v_dp_rxss1_0_ex.srcs/sources_1/bd/dpss_zcu102_rx/ipshared/eb71/hdl/axi_timer_v2_0_vh_rfs.vhd:1704]
	Parameter C_FAMILY bound to: zynquplus - type: string 
	Parameter C_COUNT_WIDTH bound to: 32 - type: integer 
	Parameter C_ONE_TIMER_ONLY bound to: 0 - type: integer 
	Parameter C_DWIDTH bound to: 32 - type: integer 
	Parameter C_AWIDTH bound to: 5 - type: integer 
	Parameter C_TRIG0_ASSERT bound to: 1'b1 
	Parameter C_TRIG1_ASSERT bound to: 1'b1 
	Parameter C_GEN0_ASSERT bound to: 1'b1 
	Parameter C_GEN1_ASSERT bound to: 1'b1 
	Parameter C_ARD_NUM_CE_ARRAY bound to: 32'b00000000000000000000000000001000 
INFO: [Synth 8-638] synthesizing module 'mux_onehot_f' [c:/Projects/Xilinx/DisplayPort/DisplayPort_1_4_ss2_1_rx_ex_v2020p1/hw/v_dp_rxss1_0_ex.srcs/sources_1/bd/dpss_zcu102_rx/ipshared/eb71/hdl/axi_timer_v2_0_vh_rfs.vhd:365]
	Parameter C_DW bound to: 32 - type: integer 
	Parameter C_NB bound to: 6 - type: integer 
	Parameter C_FAMILY bound to: zynquplus - type: string 
INFO: [Synth 8-3491] module 'MUXCY' declared at 'C:/Xilinx/Vivado/2020.1/scripts/rt/data/unisim_comp.v:42932' bound to instance 'MUXCY_I' of component 'MUXCY' [c:/Projects/Xilinx/DisplayPort/DisplayPort_1_4_ss2_1_rx_ex_v2020p1/hw/v_dp_rxss1_0_ex.srcs/sources_1/bd/dpss_zcu102_rx/ipshared/eb71/hdl/axi_timer_v2_0_vh_rfs.vhd:462]
INFO: [Synth 8-6157] synthesizing module 'MUXCY' [C:/Xilinx/Vivado/2020.1/scripts/rt/data/unisim_comp.v:42932]
INFO: [Synth 8-6155] done synthesizing module 'MUXCY' (1#1) [C:/Xilinx/Vivado/2020.1/scripts/rt/data/unisim_comp.v:42932]
INFO: [Synth 8-3491] module 'MUXCY' declared at 'C:/Xilinx/Vivado/2020.1/scripts/rt/data/unisim_comp.v:42932' bound to instance 'MUXCY_I' of component 'MUXCY' [c:/Projects/Xilinx/DisplayPort/DisplayPort_1_4_ss2_1_rx_ex_v2020p1/hw/v_dp_rxss1_0_ex.srcs/sources_1/bd/dpss_zcu102_rx/ipshared/eb71/hdl/axi_timer_v2_0_vh_rfs.vhd:462]
INFO: [Synth 8-3491] module 'MUXCY' declared at 'C:/Xilinx/Vivado/2020.1/scripts/rt/data/unisim_comp.v:42932' bound to instance 'MUXCY_I' of component 'MUXCY' [c:/Projects/Xilinx/DisplayPort/DisplayPort_1_4_ss2_1_rx_ex_v2020p1/hw/v_dp_rxss1_0_ex.srcs/sources_1/bd/dpss_zcu102_rx/ipshared/eb71/hdl/axi_timer_v2_0_vh_rfs.vhd:462]
INFO: [Synth 8-3491] module 'MUXCY' declared at 'C:/Xilinx/Vivado/2020.1/scripts/rt/data/unisim_comp.v:42932' bound to instance 'MUXCY_I' of component 'MUXCY' [c:/Projects/Xilinx/DisplayPort/DisplayPort_1_4_ss2_1_rx_ex_v2020p1/hw/v_dp_rxss1_0_ex.srcs/sources_1/bd/dpss_zcu102_rx/ipshared/eb71/hdl/axi_timer_v2_0_vh_rfs.vhd:462]
INFO: [Synth 8-3491] module 'MUXCY' declared at 'C:/Xilinx/Vivado/2020.1/scripts/rt/data/unisim_comp.v:42932' bound to instance 'MUXCY_I' of component 'MUXCY' [c:/Projects/Xilinx/DisplayPort/DisplayPort_1_4_ss2_1_rx_ex_v2020p1/hw/v_dp_rxss1_0_ex.srcs/sources_1/bd/dpss_zcu102_rx/ipshared/eb71/hdl/axi_timer_v2_0_vh_rfs.vhd:462]
INFO: [Synth 8-3491] module 'MUXCY' declared at 'C:/Xilinx/Vivado/2020.1/scripts/rt/data/unisim_comp.v:42932' bound to instance 'MUXCY_I' of component 'MUXCY' [c:/Projects/Xilinx/DisplayPort/DisplayPort_1_4_ss2_1_rx_ex_v2020p1/hw/v_dp_rxss1_0_ex.srcs/sources_1/bd/dpss_zcu102_rx/ipshared/eb71/hdl/axi_timer_v2_0_vh_rfs.vhd:462]
INFO: [Synth 8-3491] module 'MUXCY' declared at 'C:/Xilinx/Vivado/2020.1/scripts/rt/data/unisim_comp.v:42932' bound to instance 'MUXCY_I' of component 'MUXCY' [c:/Projects/Xilinx/DisplayPort/DisplayPort_1_4_ss2_1_rx_ex_v2020p1/hw/v_dp_rxss1_0_ex.srcs/sources_1/bd/dpss_zcu102_rx/ipshared/eb71/hdl/axi_timer_v2_0_vh_rfs.vhd:462]
INFO: [Synth 8-3491] module 'MUXCY' declared at 'C:/Xilinx/Vivado/2020.1/scripts/rt/data/unisim_comp.v:42932' bound to instance 'MUXCY_I' of component 'MUXCY' [c:/Projects/Xilinx/DisplayPort/DisplayPort_1_4_ss2_1_rx_ex_v2020p1/hw/v_dp_rxss1_0_ex.srcs/sources_1/bd/dpss_zcu102_rx/ipshared/eb71/hdl/axi_timer_v2_0_vh_rfs.vhd:462]
INFO: [Synth 8-3491] module 'MUXCY' declared at 'C:/Xilinx/Vivado/2020.1/scripts/rt/data/unisim_comp.v:42932' bound to instance 'MUXCY_I' of component 'MUXCY' [c:/Projects/Xilinx/DisplayPort/DisplayPort_1_4_ss2_1_rx_ex_v2020p1/hw/v_dp_rxss1_0_ex.srcs/sources_1/bd/dpss_zcu102_rx/ipshared/eb71/hdl/axi_timer_v2_0_vh_rfs.vhd:462]
INFO: [Synth 8-3491] module 'MUXCY' declared at 'C:/Xilinx/Vivado/2020.1/scripts/rt/data/unisim_comp.v:42932' bound to instance 'MUXCY_I' of component 'MUXCY' [c:/Projects/Xilinx/DisplayPort/DisplayPort_1_4_ss2_1_rx_ex_v2020p1/hw/v_dp_rxss1_0_ex.srcs/sources_1/bd/dpss_zcu102_rx/ipshared/eb71/hdl/axi_timer_v2_0_vh_rfs.vhd:462]
INFO: [Synth 8-3491] module 'MUXCY' declared at 'C:/Xilinx/Vivado/2020.1/scripts/rt/data/unisim_comp.v:42932' bound to instance 'MUXCY_I' of component 'MUXCY' [c:/Projects/Xilinx/DisplayPort/DisplayPort_1_4_ss2_1_rx_ex_v2020p1/hw/v_dp_rxss1_0_ex.srcs/sources_1/bd/dpss_zcu102_rx/ipshared/eb71/hdl/axi_timer_v2_0_vh_rfs.vhd:462]
INFO: [Synth 8-3491] module 'MUXCY' declared at 'C:/Xilinx/Vivado/2020.1/scripts/rt/data/unisim_comp.v:42932' bound to instance 'MUXCY_I' of component 'MUXCY' [c:/Projects/Xilinx/DisplayPort/DisplayPort_1_4_ss2_1_rx_ex_v2020p1/hw/v_dp_rxss1_0_ex.srcs/sources_1/bd/dpss_zcu102_rx/ipshared/eb71/hdl/axi_timer_v2_0_vh_rfs.vhd:462]
INFO: [Synth 8-3491] module 'MUXCY' declared at 'C:/Xilinx/Vivado/2020.1/scripts/rt/data/unisim_comp.v:42932' bound to instance 'MUXCY_I' of component 'MUXCY' [c:/Projects/Xilinx/DisplayPort/DisplayPort_1_4_ss2_1_rx_ex_v2020p1/hw/v_dp_rxss1_0_ex.srcs/sources_1/bd/dpss_zcu102_rx/ipshared/eb71/hdl/axi_timer_v2_0_vh_rfs.vhd:462]
INFO: [Synth 8-3491] module 'MUXCY' declared at 'C:/Xilinx/Vivado/2020.1/scripts/rt/data/unisim_comp.v:42932' bound to instance 'MUXCY_I' of component 'MUXCY' [c:/Projects/Xilinx/DisplayPort/DisplayPort_1_4_ss2_1_rx_ex_v2020p1/hw/v_dp_rxss1_0_ex.srcs/sources_1/bd/dpss_zcu102_rx/ipshared/eb71/hdl/axi_timer_v2_0_vh_rfs.vhd:462]
INFO: [Synth 8-3491] module 'MUXCY' declared at 'C:/Xilinx/Vivado/2020.1/scripts/rt/data/unisim_comp.v:42932' bound to instance 'MUXCY_I' of component 'MUXCY' [c:/Projects/Xilinx/DisplayPort/DisplayPort_1_4_ss2_1_rx_ex_v2020p1/hw/v_dp_rxss1_0_ex.srcs/sources_1/bd/dpss_zcu102_rx/ipshared/eb71/hdl/axi_timer_v2_0_vh_rfs.vhd:462]
INFO: [Synth 8-3491] module 'MUXCY' declared at 'C:/Xilinx/Vivado/2020.1/scripts/rt/data/unisim_comp.v:42932' bound to instance 'MUXCY_I' of component 'MUXCY' [c:/Projects/Xilinx/DisplayPort/DisplayPort_1_4_ss2_1_rx_ex_v2020p1/hw/v_dp_rxss1_0_ex.srcs/sources_1/bd/dpss_zcu102_rx/ipshared/eb71/hdl/axi_timer_v2_0_vh_rfs.vhd:462]
INFO: [Synth 8-3491] module 'MUXCY' declared at 'C:/Xilinx/Vivado/2020.1/scripts/rt/data/unisim_comp.v:42932' bound to instance 'MUXCY_I' of component 'MUXCY' [c:/Projects/Xilinx/DisplayPort/DisplayPort_1_4_ss2_1_rx_ex_v2020p1/hw/v_dp_rxss1_0_ex.srcs/sources_1/bd/dpss_zcu102_rx/ipshared/eb71/hdl/axi_timer_v2_0_vh_rfs.vhd:462]
INFO: [Synth 8-3491] module 'MUXCY' declared at 'C:/Xilinx/Vivado/2020.1/scripts/rt/data/unisim_comp.v:42932' bound to instance 'MUXCY_I' of component 'MUXCY' [c:/Projects/Xilinx/DisplayPort/DisplayPort_1_4_ss2_1_rx_ex_v2020p1/hw/v_dp_rxss1_0_ex.srcs/sources_1/bd/dpss_zcu102_rx/ipshared/eb71/hdl/axi_timer_v2_0_vh_rfs.vhd:462]
INFO: [Synth 8-3491] module 'MUXCY' declared at 'C:/Xilinx/Vivado/2020.1/scripts/rt/data/unisim_comp.v:42932' bound to instance 'MUXCY_I' of component 'MUXCY' [c:/Projects/Xilinx/DisplayPort/DisplayPort_1_4_ss2_1_rx_ex_v2020p1/hw/v_dp_rxss1_0_ex.srcs/sources_1/bd/dpss_zcu102_rx/ipshared/eb71/hdl/axi_timer_v2_0_vh_rfs.vhd:462]
INFO: [Synth 8-3491] module 'MUXCY' declared at 'C:/Xilinx/Vivado/2020.1/scripts/rt/data/unisim_comp.v:42932' bound to instance 'MUXCY_I' of component 'MUXCY' [c:/Projects/Xilinx/DisplayPort/DisplayPort_1_4_ss2_1_rx_ex_v2020p1/hw/v_dp_rxss1_0_ex.srcs/sources_1/bd/dpss_zcu102_rx/ipshared/eb71/hdl/axi_timer_v2_0_vh_rfs.vhd:462]
INFO: [Synth 8-3491] module 'MUXCY' declared at 'C:/Xilinx/Vivado/2020.1/scripts/rt/data/unisim_comp.v:42932' bound to instance 'MUXCY_I' of component 'MUXCY' [c:/Projects/Xilinx/DisplayPort/DisplayPort_1_4_ss2_1_rx_ex_v2020p1/hw/v_dp_rxss1_0_ex.srcs/sources_1/bd/dpss_zcu102_rx/ipshared/eb71/hdl/axi_timer_v2_0_vh_rfs.vhd:462]
INFO: [Synth 8-3491] module 'MUXCY' declared at 'C:/Xilinx/Vivado/2020.1/scripts/rt/data/unisim_comp.v:42932' bound to instance 'MUXCY_I' of component 'MUXCY' [c:/Projects/Xilinx/DisplayPort/DisplayPort_1_4_ss2_1_rx_ex_v2020p1/hw/v_dp_rxss1_0_ex.srcs/sources_1/bd/dpss_zcu102_rx/ipshared/eb71/hdl/axi_timer_v2_0_vh_rfs.vhd:462]
INFO: [Synth 8-3491] module 'MUXCY' declared at 'C:/Xilinx/Vivado/2020.1/scripts/rt/data/unisim_comp.v:42932' bound to instance 'MUXCY_I' of component 'MUXCY' [c:/Projects/Xilinx/DisplayPort/DisplayPort_1_4_ss2_1_rx_ex_v2020p1/hw/v_dp_rxss1_0_ex.srcs/sources_1/bd/dpss_zcu102_rx/ipshared/eb71/hdl/axi_timer_v2_0_vh_rfs.vhd:462]
INFO: [Synth 8-3491] module 'MUXCY' declared at 'C:/Xilinx/Vivado/2020.1/scripts/rt/data/unisim_comp.v:42932' bound to instance 'MUXCY_I' of component 'MUXCY' [c:/Projects/Xilinx/DisplayPort/DisplayPort_1_4_ss2_1_rx_ex_v2020p1/hw/v_dp_rxss1_0_ex.srcs/sources_1/bd/dpss_zcu102_rx/ipshared/eb71/hdl/axi_timer_v2_0_vh_rfs.vhd:462]
INFO: [Synth 8-3491] module 'MUXCY' declared at 'C:/Xilinx/Vivado/2020.1/scripts/rt/data/unisim_comp.v:42932' bound to instance 'MUXCY_I' of component 'MUXCY' [c:/Projects/Xilinx/DisplayPort/DisplayPort_1_4_ss2_1_rx_ex_v2020p1/hw/v_dp_rxss1_0_ex.srcs/sources_1/bd/dpss_zcu102_rx/ipshared/eb71/hdl/axi_timer_v2_0_vh_rfs.vhd:462]
INFO: [Synth 8-3491] module 'MUXCY' declared at 'C:/Xilinx/Vivado/2020.1/scripts/rt/data/unisim_comp.v:42932' bound to instance 'MUXCY_I' of component 'MUXCY' [c:/Projects/Xilinx/DisplayPort/DisplayPort_1_4_ss2_1_rx_ex_v2020p1/hw/v_dp_rxss1_0_ex.srcs/sources_1/bd/dpss_zcu102_rx/ipshared/eb71/hdl/axi_timer_v2_0_vh_rfs.vhd:462]
INFO: [Synth 8-3491] module 'MUXCY' declared at 'C:/Xilinx/Vivado/2020.1/scripts/rt/data/unisim_comp.v:42932' bound to instance 'MUXCY_I' of component 'MUXCY' [c:/Projects/Xilinx/DisplayPort/DisplayPort_1_4_ss2_1_rx_ex_v2020p1/hw/v_dp_rxss1_0_ex.srcs/sources_1/bd/dpss_zcu102_rx/ipshared/eb71/hdl/axi_timer_v2_0_vh_rfs.vhd:462]
INFO: [Synth 8-3491] module 'MUXCY' declared at 'C:/Xilinx/Vivado/2020.1/scripts/rt/data/unisim_comp.v:42932' bound to instance 'MUXCY_I' of component 'MUXCY' [c:/Projects/Xilinx/DisplayPort/DisplayPort_1_4_ss2_1_rx_ex_v2020p1/hw/v_dp_rxss1_0_ex.srcs/sources_1/bd/dpss_zcu102_rx/ipshared/eb71/hdl/axi_timer_v2_0_vh_rfs.vhd:462]
INFO: [Synth 8-3491] module 'MUXCY' declared at 'C:/Xilinx/Vivado/2020.1/scripts/rt/data/unisim_comp.v:42932' bound to instance 'MUXCY_I' of component 'MUXCY' [c:/Projects/Xilinx/DisplayPort/DisplayPort_1_4_ss2_1_rx_ex_v2020p1/hw/v_dp_rxss1_0_ex.srcs/sources_1/bd/dpss_zcu102_rx/ipshared/eb71/hdl/axi_timer_v2_0_vh_rfs.vhd:462]
INFO: [Synth 8-3491] module 'MUXCY' declared at 'C:/Xilinx/Vivado/2020.1/scripts/rt/data/unisim_comp.v:42932' bound to instance 'MUXCY_I' of component 'MUXCY' [c:/Projects/Xilinx/DisplayPort/DisplayPort_1_4_ss2_1_rx_ex_v2020p1/hw/v_dp_rxss1_0_ex.srcs/sources_1/bd/dpss_zcu102_rx/ipshared/eb71/hdl/axi_timer_v2_0_vh_rfs.vhd:462]
INFO: [Synth 8-3491] module 'MUXCY' declared at 'C:/Xilinx/Vivado/2020.1/scripts/rt/data/unisim_comp.v:42932' bound to instance 'MUXCY_I' of component 'MUXCY' [c:/Projects/Xilinx/DisplayPort/DisplayPort_1_4_ss2_1_rx_ex_v2020p1/hw/v_dp_rxss1_0_ex.srcs/sources_1/bd/dpss_zcu102_rx/ipshared/eb71/hdl/axi_timer_v2_0_vh_rfs.vhd:462]
INFO: [Synth 8-3491] module 'MUXCY' declared at 'C:/Xilinx/Vivado/2020.1/scripts/rt/data/unisim_comp.v:42932' bound to instance 'MUXCY_I' of component 'MUXCY' [c:/Projects/Xilinx/DisplayPort/DisplayPort_1_4_ss2_1_rx_ex_v2020p1/hw/v_dp_rxss1_0_ex.srcs/sources_1/bd/dpss_zcu102_rx/ipshared/eb71/hdl/axi_timer_v2_0_vh_rfs.vhd:462]
INFO: [Synth 8-3491] module 'MUXCY' declared at 'C:/Xilinx/Vivado/2020.1/scripts/rt/data/unisim_comp.v:42932' bound to instance 'MUXCY_I' of component 'MUXCY' [c:/Projects/Xilinx/DisplayPort/DisplayPort_1_4_ss2_1_rx_ex_v2020p1/hw/v_dp_rxss1_0_ex.srcs/sources_1/bd/dpss_zcu102_rx/ipshared/eb71/hdl/axi_timer_v2_0_vh_rfs.vhd:462]
INFO: [Synth 8-3491] module 'MUXCY' declared at 'C:/Xilinx/Vivado/2020.1/scripts/rt/data/unisim_comp.v:42932' bound to instance 'MUXCY_I' of component 'MUXCY' [c:/Projects/Xilinx/DisplayPort/DisplayPort_1_4_ss2_1_rx_ex_v2020p1/hw/v_dp_rxss1_0_ex.srcs/sources_1/bd/dpss_zcu102_rx/ipshared/eb71/hdl/axi_timer_v2_0_vh_rfs.vhd:462]
INFO: [Synth 8-3491] module 'MUXCY' declared at 'C:/Xilinx/Vivado/2020.1/scripts/rt/data/unisim_comp.v:42932' bound to instance 'MUXCY_I' of component 'MUXCY' [c:/Projects/Xilinx/DisplayPort/DisplayPort_1_4_ss2_1_rx_ex_v2020p1/hw/v_dp_rxss1_0_ex.srcs/sources_1/bd/dpss_zcu102_rx/ipshared/eb71/hdl/axi_timer_v2_0_vh_rfs.vhd:462]
INFO: [Synth 8-3491] module 'MUXCY' declared at 'C:/Xilinx/Vivado/2020.1/scripts/rt/data/unisim_comp.v:42932' bound to instance 'MUXCY_I' of component 'MUXCY' [c:/Projects/Xilinx/DisplayPort/DisplayPort_1_4_ss2_1_rx_ex_v2020p1/hw/v_dp_rxss1_0_ex.srcs/sources_1/bd/dpss_zcu102_rx/ipshared/eb71/hdl/axi_timer_v2_0_vh_rfs.vhd:462]
INFO: [Synth 8-3491] module 'MUXCY' declared at 'C:/Xilinx/Vivado/2020.1/scripts/rt/data/unisim_comp.v:42932' bound to instance 'MUXCY_I' of component 'MUXCY' [c:/Projects/Xilinx/DisplayPort/DisplayPort_1_4_ss2_1_rx_ex_v2020p1/hw/v_dp_rxss1_0_ex.srcs/sources_1/bd/dpss_zcu102_rx/ipshared/eb71/hdl/axi_timer_v2_0_vh_rfs.vhd:462]
INFO: [Synth 8-3491] module 'MUXCY' declared at 'C:/Xilinx/Vivado/2020.1/scripts/rt/data/unisim_comp.v:42932' bound to instance 'MUXCY_I' of component 'MUXCY' [c:/Projects/Xilinx/DisplayPort/DisplayPort_1_4_ss2_1_rx_ex_v2020p1/hw/v_dp_rxss1_0_ex.srcs/sources_1/bd/dpss_zcu102_rx/ipshared/eb71/hdl/axi_timer_v2_0_vh_rfs.vhd:462]
INFO: [Synth 8-3491] module 'MUXCY' declared at 'C:/Xilinx/Vivado/2020.1/scripts/rt/data/unisim_comp.v:42932' bound to instance 'MUXCY_I' of component 'MUXCY' [c:/Projects/Xilinx/DisplayPort/DisplayPort_1_4_ss2_1_rx_ex_v2020p1/hw/v_dp_rxss1_0_ex.srcs/sources_1/bd/dpss_zcu102_rx/ipshared/eb71/hdl/axi_timer_v2_0_vh_rfs.vhd:462]
INFO: [Synth 8-3491] module 'MUXCY' declared at 'C:/Xilinx/Vivado/2020.1/scripts/rt/data/unisim_comp.v:42932' bound to instance 'MUXCY_I' of component 'MUXCY' [c:/Projects/Xilinx/DisplayPort/DisplayPort_1_4_ss2_1_rx_ex_v2020p1/hw/v_dp_rxss1_0_ex.srcs/sources_1/bd/dpss_zcu102_rx/ipshared/eb71/hdl/axi_timer_v2_0_vh_rfs.vhd:462]
INFO: [Synth 8-3491] module 'MUXCY' declared at 'C:/Xilinx/Vivado/2020.1/scripts/rt/data/unisim_comp.v:42932' bound to instance 'MUXCY_I' of component 'MUXCY' [c:/Projects/Xilinx/DisplayPort/DisplayPort_1_4_ss2_1_rx_ex_v2020p1/hw/v_dp_rxss1_0_ex.srcs/sources_1/bd/dpss_zcu102_rx/ipshared/eb71/hdl/axi_timer_v2_0_vh_rfs.vhd:462]
INFO: [Synth 8-3491] module 'MUXCY' declared at 'C:/Xilinx/Vivado/2020.1/scripts/rt/data/unisim_comp.v:42932' bound to instance 'MUXCY_I' of component 'MUXCY' [c:/Projects/Xilinx/DisplayPort/DisplayPort_1_4_ss2_1_rx_ex_v2020p1/hw/v_dp_rxss1_0_ex.srcs/sources_1/bd/dpss_zcu102_rx/ipshared/eb71/hdl/axi_timer_v2_0_vh_rfs.vhd:462]
INFO: [Synth 8-3491] module 'MUXCY' declared at 'C:/Xilinx/Vivado/2020.1/scripts/rt/data/unisim_comp.v:42932' bound to instance 'MUXCY_I' of component 'MUXCY' [c:/Projects/Xilinx/DisplayPort/DisplayPort_1_4_ss2_1_rx_ex_v2020p1/hw/v_dp_rxss1_0_ex.srcs/sources_1/bd/dpss_zcu102_rx/ipshared/eb71/hdl/axi_timer_v2_0_vh_rfs.vhd:462]
INFO: [Synth 8-3491] module 'MUXCY' declared at 'C:/Xilinx/Vivado/2020.1/scripts/rt/data/unisim_comp.v:42932' bound to instance 'MUXCY_I' of component 'MUXCY' [c:/Projects/Xilinx/DisplayPort/DisplayPort_1_4_ss2_1_rx_ex_v2020p1/hw/v_dp_rxss1_0_ex.srcs/sources_1/bd/dpss_zcu102_rx/ipshared/eb71/hdl/axi_timer_v2_0_vh_rfs.vhd:462]
INFO: [Synth 8-3491] module 'MUXCY' declared at 'C:/Xilinx/Vivado/2020.1/scripts/rt/data/unisim_comp.v:42932' bound to instance 'MUXCY_I' of component 'MUXCY' [c:/Projects/Xilinx/DisplayPort/DisplayPort_1_4_ss2_1_rx_ex_v2020p1/hw/v_dp_rxss1_0_ex.srcs/sources_1/bd/dpss_zcu102_rx/ipshared/eb71/hdl/axi_timer_v2_0_vh_rfs.vhd:462]
INFO: [Synth 8-3491] module 'MUXCY' declared at 'C:/Xilinx/Vivado/2020.1/scripts/rt/data/unisim_comp.v:42932' bound to instance 'MUXCY_I' of component 'MUXCY' [c:/Projects/Xilinx/DisplayPort/DisplayPort_1_4_ss2_1_rx_ex_v2020p1/hw/v_dp_rxss1_0_ex.srcs/sources_1/bd/dpss_zcu102_rx/ipshared/eb71/hdl/axi_timer_v2_0_vh_rfs.vhd:462]
INFO: [Synth 8-3491] module 'MUXCY' declared at 'C:/Xilinx/Vivado/2020.1/scripts/rt/data/unisim_comp.v:42932' bound to instance 'MUXCY_I' of component 'MUXCY' [c:/Projects/Xilinx/DisplayPort/DisplayPort_1_4_ss2_1_rx_ex_v2020p1/hw/v_dp_rxss1_0_ex.srcs/sources_1/bd/dpss_zcu102_rx/ipshared/eb71/hdl/axi_timer_v2_0_vh_rfs.vhd:462]
INFO: [Synth 8-3491] module 'MUXCY' declared at 'C:/Xilinx/Vivado/2020.1/scripts/rt/data/unisim_comp.v:42932' bound to instance 'MUXCY_I' of component 'MUXCY' [c:/Projects/Xilinx/DisplayPort/DisplayPort_1_4_ss2_1_rx_ex_v2020p1/hw/v_dp_rxss1_0_ex.srcs/sources_1/bd/dpss_zcu102_rx/ipshared/eb71/hdl/axi_timer_v2_0_vh_rfs.vhd:462]
INFO: [Synth 8-3491] module 'MUXCY' declared at 'C:/Xilinx/Vivado/2020.1/scripts/rt/data/unisim_comp.v:42932' bound to instance 'MUXCY_I' of component 'MUXCY' [c:/Projects/Xilinx/DisplayPort/DisplayPort_1_4_ss2_1_rx_ex_v2020p1/hw/v_dp_rxss1_0_ex.srcs/sources_1/bd/dpss_zcu102_rx/ipshared/eb71/hdl/axi_timer_v2_0_vh_rfs.vhd:462]
INFO: [Synth 8-3491] module 'MUXCY' declared at 'C:/Xilinx/Vivado/2020.1/scripts/rt/data/unisim_comp.v:42932' bound to instance 'MUXCY_I' of component 'MUXCY' [c:/Projects/Xilinx/DisplayPort/DisplayPort_1_4_ss2_1_rx_ex_v2020p1/hw/v_dp_rxss1_0_ex.srcs/sources_1/bd/dpss_zcu102_rx/ipshared/eb71/hdl/axi_timer_v2_0_vh_rfs.vhd:462]
INFO: [Synth 8-3491] module 'MUXCY' declared at 'C:/Xilinx/Vivado/2020.1/scripts/rt/data/unisim_comp.v:42932' bound to instance 'MUXCY_I' of component 'MUXCY' [c:/Projects/Xilinx/DisplayPort/DisplayPort_1_4_ss2_1_rx_ex_v2020p1/hw/v_dp_rxss1_0_ex.srcs/sources_1/bd/dpss_zcu102_rx/ipshared/eb71/hdl/axi_timer_v2_0_vh_rfs.vhd:462]
INFO: [Synth 8-3491] module 'MUXCY' declared at 'C:/Xilinx/Vivado/2020.1/scripts/rt/data/unisim_comp.v:42932' bound to instance 'MUXCY_I' of component 'MUXCY' [c:/Projects/Xilinx/DisplayPort/DisplayPort_1_4_ss2_1_rx_ex_v2020p1/hw/v_dp_rxss1_0_ex.srcs/sources_1/bd/dpss_zcu102_rx/ipshared/eb71/hdl/axi_timer_v2_0_vh_rfs.vhd:462]
INFO: [Synth 8-3491] module 'MUXCY' declared at 'C:/Xilinx/Vivado/2020.1/scripts/rt/data/unisim_comp.v:42932' bound to instance 'MUXCY_I' of component 'MUXCY' [c:/Projects/Xilinx/DisplayPort/DisplayPort_1_4_ss2_1_rx_ex_v2020p1/hw/v_dp_rxss1_0_ex.srcs/sources_1/bd/dpss_zcu102_rx/ipshared/eb71/hdl/axi_timer_v2_0_vh_rfs.vhd:462]
INFO: [Synth 8-3491] module 'MUXCY' declared at 'C:/Xilinx/Vivado/2020.1/scripts/rt/data/unisim_comp.v:42932' bound to instance 'MUXCY_I' of component 'MUXCY' [c:/Projects/Xilinx/DisplayPort/DisplayPort_1_4_ss2_1_rx_ex_v2020p1/hw/v_dp_rxss1_0_ex.srcs/sources_1/bd/dpss_zcu102_rx/ipshared/eb71/hdl/axi_timer_v2_0_vh_rfs.vhd:462]
INFO: [Synth 8-3491] module 'MUXCY' declared at 'C:/Xilinx/Vivado/2020.1/scripts/rt/data/unisim_comp.v:42932' bound to instance 'MUXCY_I' of component 'MUXCY' [c:/Projects/Xilinx/DisplayPort/DisplayPort_1_4_ss2_1_rx_ex_v2020p1/hw/v_dp_rxss1_0_ex.srcs/sources_1/bd/dpss_zcu102_rx/ipshared/eb71/hdl/axi_timer_v2_0_vh_rfs.vhd:462]
INFO: [Synth 8-3491] module 'MUXCY' declared at 'C:/Xilinx/Vivado/2020.1/scripts/rt/data/unisim_comp.v:42932' bound to instance 'MUXCY_I' of component 'MUXCY' [c:/Projects/Xilinx/DisplayPort/DisplayPort_1_4_ss2_1_rx_ex_v2020p1/hw/v_dp_rxss1_0_ex.srcs/sources_1/bd/dpss_zcu102_rx/ipshared/eb71/hdl/axi_timer_v2_0_vh_rfs.vhd:462]
INFO: [Synth 8-3491] module 'MUXCY' declared at 'C:/Xilinx/Vivado/2020.1/scripts/rt/data/unisim_comp.v:42932' bound to instance 'MUXCY_I' of component 'MUXCY' [c:/Projects/Xilinx/DisplayPort/DisplayPort_1_4_ss2_1_rx_ex_v2020p1/hw/v_dp_rxss1_0_ex.srcs/sources_1/bd/dpss_zcu102_rx/ipshared/eb71/hdl/axi_timer_v2_0_vh_rfs.vhd:462]
INFO: [Synth 8-3491] module 'MUXCY' declared at 'C:/Xilinx/Vivado/2020.1/scripts/rt/data/unisim_comp.v:42932' bound to instance 'MUXCY_I' of component 'MUXCY' [c:/Projects/Xilinx/DisplayPort/DisplayPort_1_4_ss2_1_rx_ex_v2020p1/hw/v_dp_rxss1_0_ex.srcs/sources_1/bd/dpss_zcu102_rx/ipshared/eb71/hdl/axi_timer_v2_0_vh_rfs.vhd:462]
INFO: [Synth 8-3491] module 'MUXCY' declared at 'C:/Xilinx/Vivado/2020.1/scripts/rt/data/unisim_comp.v:42932' bound to instance 'MUXCY_I' of component 'MUXCY' [c:/Projects/Xilinx/DisplayPort/DisplayPort_1_4_ss2_1_rx_ex_v2020p1/hw/v_dp_rxss1_0_ex.srcs/sources_1/bd/dpss_zcu102_rx/ipshared/eb71/hdl/axi_timer_v2_0_vh_rfs.vhd:462]
INFO: [Synth 8-3491] module 'MUXCY' declared at 'C:/Xilinx/Vivado/2020.1/scripts/rt/data/unisim_comp.v:42932' bound to instance 'MUXCY_I' of component 'MUXCY' [c:/Projects/Xilinx/DisplayPort/DisplayPort_1_4_ss2_1_rx_ex_v2020p1/hw/v_dp_rxss1_0_ex.srcs/sources_1/bd/dpss_zcu102_rx/ipshared/eb71/hdl/axi_timer_v2_0_vh_rfs.vhd:462]
INFO: [Synth 8-3491] module 'MUXCY' declared at 'C:/Xilinx/Vivado/2020.1/scripts/rt/data/unisim_comp.v:42932' bound to instance 'MUXCY_I' of component 'MUXCY' [c:/Projects/Xilinx/DisplayPort/DisplayPort_1_4_ss2_1_rx_ex_v2020p1/hw/v_dp_rxss1_0_ex.srcs/sources_1/bd/dpss_zcu102_rx/ipshared/eb71/hdl/axi_timer_v2_0_vh_rfs.vhd:462]
INFO: [Synth 8-3491] module 'MUXCY' declared at 'C:/Xilinx/Vivado/2020.1/scripts/rt/data/unisim_comp.v:42932' bound to instance 'MUXCY_I' of component 'MUXCY' [c:/Projects/Xilinx/DisplayPort/DisplayPort_1_4_ss2_1_rx_ex_v2020p1/hw/v_dp_rxss1_0_ex.srcs/sources_1/bd/dpss_zcu102_rx/ipshared/eb71/hdl/axi_timer_v2_0_vh_rfs.vhd:462]
INFO: [Synth 8-3491] module 'MUXCY' declared at 'C:/Xilinx/Vivado/2020.1/scripts/rt/data/unisim_comp.v:42932' bound to instance 'MUXCY_I' of component 'MUXCY' [c:/Projects/Xilinx/DisplayPort/DisplayPort_1_4_ss2_1_rx_ex_v2020p1/hw/v_dp_rxss1_0_ex.srcs/sources_1/bd/dpss_zcu102_rx/ipshared/eb71/hdl/axi_timer_v2_0_vh_rfs.vhd:462]
INFO: [Synth 8-3491] module 'MUXCY' declared at 'C:/Xilinx/Vivado/2020.1/scripts/rt/data/unisim_comp.v:42932' bound to instance 'MUXCY_I' of component 'MUXCY' [c:/Projects/Xilinx/DisplayPort/DisplayPort_1_4_ss2_1_rx_ex_v2020p1/hw/v_dp_rxss1_0_ex.srcs/sources_1/bd/dpss_zcu102_rx/ipshared/eb71/hdl/axi_timer_v2_0_vh_rfs.vhd:462]
INFO: [Synth 8-256] done synthesizing module 'mux_onehot_f' (2#1) [c:/Projects/Xilinx/DisplayPort/DisplayPort_1_4_ss2_1_rx_ex_v2020p1/hw/v_dp_rxss1_0_ex.srcs/sources_1/bd/dpss_zcu102_rx/ipshared/eb71/hdl/axi_timer_v2_0_vh_rfs.vhd:365]
INFO: [Synth 8-638] synthesizing module 'count_module' [c:/Projects/Xilinx/DisplayPort/DisplayPort_1_4_ss2_1_rx_ex_v2020p1/hw/v_dp_rxss1_0_ex.srcs/sources_1/bd/dpss_zcu102_rx/ipshared/eb71/hdl/axi_timer_v2_0_vh_rfs.vhd:1438]
	Parameter C_FAMILY bound to: zynquplus - type: string 
	Parameter C_COUNT_WIDTH bound to: 32 - type: integer 
	Parameter INIT bound to: 1'b0 
	Parameter IS_C_INVERTED bound to: 1'b0 
	Parameter IS_D_INVERTED bound to: 1'b0 
	Parameter IS_R_INVERTED bound to: 1'b0 
INFO: [Synth 8-113] binding component instance 'LOAD_REG_I' to cell 'FDRE' [c:/Projects/Xilinx/DisplayPort/DisplayPort_1_4_ss2_1_rx_ex_v2020p1/hw/v_dp_rxss1_0_ex.srcs/sources_1/bd/dpss_zcu102_rx/ipshared/eb71/hdl/axi_timer_v2_0_vh_rfs.vhd:1474]
	Parameter INIT bound to: 1'b0 
	Parameter IS_C_INVERTED bound to: 1'b0 
	Parameter IS_D_INVERTED bound to: 1'b0 
	Parameter IS_R_INVERTED bound to: 1'b0 
INFO: [Synth 8-113] binding component instance 'LOAD_REG_I' to cell 'FDRE' [c:/Projects/Xilinx/DisplayPort/DisplayPort_1_4_ss2_1_rx_ex_v2020p1/hw/v_dp_rxss1_0_ex.srcs/sources_1/bd/dpss_zcu102_rx/ipshared/eb71/hdl/axi_timer_v2_0_vh_rfs.vhd:1474]
	Parameter INIT bound to: 1'b0 
	Parameter IS_C_INVERTED bound to: 1'b0 
	Parameter IS_D_INVERTED bound to: 1'b0 
	Parameter IS_R_INVERTED bound to: 1'b0 
INFO: [Synth 8-113] binding component instance 'LOAD_REG_I' to cell 'FDRE' [c:/Projects/Xilinx/DisplayPort/DisplayPort_1_4_ss2_1_rx_ex_v2020p1/hw/v_dp_rxss1_0_ex.srcs/sources_1/bd/dpss_zcu102_rx/ipshared/eb71/hdl/axi_timer_v2_0_vh_rfs.vhd:1474]
	Parameter INIT bound to: 1'b0 
	Parameter IS_C_INVERTED bound to: 1'b0 
	Parameter IS_D_INVERTED bound to: 1'b0 
	Parameter IS_R_INVERTED bound to: 1'b0 
INFO: [Synth 8-113] binding component instance 'LOAD_REG_I' to cell 'FDRE' [c:/Projects/Xilinx/DisplayPort/DisplayPort_1_4_ss2_1_rx_ex_v2020p1/hw/v_dp_rxss1_0_ex.srcs/sources_1/bd/dpss_zcu102_rx/ipshared/eb71/hdl/axi_timer_v2_0_vh_rfs.vhd:1474]
	Parameter INIT bound to: 1'b0 
	Parameter IS_C_INVERTED bound to: 1'b0 
	Parameter IS_D_INVERTED bound to: 1'b0 
	Parameter IS_R_INVERTED bound to: 1'b0 
INFO: [Synth 8-113] binding component instance 'LOAD_REG_I' to cell 'FDRE' [c:/Projects/Xilinx/DisplayPort/DisplayPort_1_4_ss2_1_rx_ex_v2020p1/hw/v_dp_rxss1_0_ex.srcs/sources_1/bd/dpss_zcu102_rx/ipshared/eb71/hdl/axi_timer_v2_0_vh_rfs.vhd:1474]
	Parameter INIT bound to: 1'b0 
	Parameter IS_C_INVERTED bound to: 1'b0 
	Parameter IS_D_INVERTED bound to: 1'b0 
	Parameter IS_R_INVERTED bound to: 1'b0 
INFO: [Synth 8-113] binding component instance 'LOAD_REG_I' to cell 'FDRE' [c:/Projects/Xilinx/DisplayPort/DisplayPort_1_4_ss2_1_rx_ex_v2020p1/hw/v_dp_rxss1_0_ex.srcs/sources_1/bd/dpss_zcu102_rx/ipshared/eb71/hdl/axi_timer_v2_0_vh_rfs.vhd:1474]
	Parameter INIT bound to: 1'b0 
	Parameter IS_C_INVERTED bound to: 1'b0 
	Parameter IS_D_INVERTED bound to: 1'b0 
	Parameter IS_R_INVERTED bound to: 1'b0 
INFO: [Synth 8-113] binding component instance 'LOAD_REG_I' to cell 'FDRE' [c:/Projects/Xilinx/DisplayPort/DisplayPort_1_4_ss2_1_rx_ex_v2020p1/hw/v_dp_rxss1_0_ex.srcs/sources_1/bd/dpss_zcu102_rx/ipshared/eb71/hdl/axi_timer_v2_0_vh_rfs.vhd:1474]
	Parameter INIT bound to: 1'b0 
	Parameter IS_C_INVERTED bound to: 1'b0 
	Parameter IS_D_INVERTED bound to: 1'b0 
	Parameter IS_R_INVERTED bound to: 1'b0 
INFO: [Synth 8-113] binding component instance 'LOAD_REG_I' to cell 'FDRE' [c:/Projects/Xilinx/DisplayPort/DisplayPort_1_4_ss2_1_rx_ex_v2020p1/hw/v_dp_rxss1_0_ex.srcs/sources_1/bd/dpss_zcu102_rx/ipshared/eb71/hdl/axi_timer_v2_0_vh_rfs.vhd:1474]
	Parameter INIT bound to: 1'b0 
	Parameter IS_C_INVERTED bound to: 1'b0 
	Parameter IS_D_INVERTED bound to: 1'b0 
	Parameter IS_R_INVERTED bound to: 1'b0 
INFO: [Synth 8-113] binding component instance 'LOAD_REG_I' to cell 'FDRE' [c:/Projects/Xilinx/DisplayPort/DisplayPort_1_4_ss2_1_rx_ex_v2020p1/hw/v_dp_rxss1_0_ex.srcs/sources_1/bd/dpss_zcu102_rx/ipshared/eb71/hdl/axi_timer_v2_0_vh_rfs.vhd:1474]
	Parameter INIT bound to: 1'b0 
	Parameter IS_C_INVERTED bound to: 1'b0 
	Parameter IS_D_INVERTED bound to: 1'b0 
	Parameter IS_R_INVERTED bound to: 1'b0 
INFO: [Synth 8-113] binding component instance 'LOAD_REG_I' to cell 'FDRE' [c:/Projects/Xilinx/DisplayPort/DisplayPort_1_4_ss2_1_rx_ex_v2020p1/hw/v_dp_rxss1_0_ex.srcs/sources_1/bd/dpss_zcu102_rx/ipshared/eb71/hdl/axi_timer_v2_0_vh_rfs.vhd:1474]
	Parameter INIT bound to: 1'b0 
	Parameter IS_C_INVERTED bound to: 1'b0 
	Parameter IS_D_INVERTED bound to: 1'b0 
	Parameter IS_R_INVERTED bound to: 1'b0 
INFO: [Synth 8-113] binding component instance 'LOAD_REG_I' to cell 'FDRE' [c:/Projects/Xilinx/DisplayPort/DisplayPort_1_4_ss2_1_rx_ex_v2020p1/hw/v_dp_rxss1_0_ex.srcs/sources_1/bd/dpss_zcu102_rx/ipshared/eb71/hdl/axi_timer_v2_0_vh_rfs.vhd:1474]
	Parameter INIT bound to: 1'b0 
	Parameter IS_C_INVERTED bound to: 1'b0 
	Parameter IS_D_INVERTED bound to: 1'b0 
	Parameter IS_R_INVERTED bound to: 1'b0 
INFO: [Synth 8-113] binding component instance 'LOAD_REG_I' to cell 'FDRE' [c:/Projects/Xilinx/DisplayPort/DisplayPort_1_4_ss2_1_rx_ex_v2020p1/hw/v_dp_rxss1_0_ex.srcs/sources_1/bd/dpss_zcu102_rx/ipshared/eb71/hdl/axi_timer_v2_0_vh_rfs.vhd:1474]
	Parameter INIT bound to: 1'b0 
	Parameter IS_C_INVERTED bound to: 1'b0 
	Parameter IS_D_INVERTED bound to: 1'b0 
	Parameter IS_R_INVERTED bound to: 1'b0 
INFO: [Synth 8-113] binding component instance 'LOAD_REG_I' to cell 'FDRE' [c:/Projects/Xilinx/DisplayPort/DisplayPort_1_4_ss2_1_rx_ex_v2020p1/hw/v_dp_rxss1_0_ex.srcs/sources_1/bd/dpss_zcu102_rx/ipshared/eb71/hdl/axi_timer_v2_0_vh_rfs.vhd:1474]
	Parameter INIT bound to: 1'b0 
	Parameter IS_C_INVERTED bound to: 1'b0 
	Parameter IS_D_INVERTED bound to: 1'b0 
	Parameter IS_R_INVERTED bound to: 1'b0 
INFO: [Synth 8-113] binding component instance 'LOAD_REG_I' to cell 'FDRE' [c:/Projects/Xilinx/DisplayPort/DisplayPort_1_4_ss2_1_rx_ex_v2020p1/hw/v_dp_rxss1_0_ex.srcs/sources_1/bd/dpss_zcu102_rx/ipshared/eb71/hdl/axi_timer_v2_0_vh_rfs.vhd:1474]
	Parameter INIT bound to: 1'b0 
	Parameter IS_C_INVERTED bound to: 1'b0 
	Parameter IS_D_INVERTED bound to: 1'b0 
	Parameter IS_R_INVERTED bound to: 1'b0 
INFO: [Synth 8-113] binding component instance 'LOAD_REG_I' to cell 'FDRE' [c:/Projects/Xilinx/DisplayPort/DisplayPort_1_4_ss2_1_rx_ex_v2020p1/hw/v_dp_rxss1_0_ex.srcs/sources_1/bd/dpss_zcu102_rx/ipshared/eb71/hdl/axi_timer_v2_0_vh_rfs.vhd:1474]
	Parameter INIT bound to: 1'b0 
	Parameter IS_C_INVERTED bound to: 1'b0 
	Parameter IS_D_INVERTED bound to: 1'b0 
	Parameter IS_R_INVERTED bound to: 1'b0 
INFO: [Synth 8-113] binding component instance 'LOAD_REG_I' to cell 'FDRE' [c:/Projects/Xilinx/DisplayPort/DisplayPort_1_4_ss2_1_rx_ex_v2020p1/hw/v_dp_rxss1_0_ex.srcs/sources_1/bd/dpss_zcu102_rx/ipshared/eb71/hdl/axi_timer_v2_0_vh_rfs.vhd:1474]
	Parameter INIT bound to: 1'b0 
	Parameter IS_C_INVERTED bound to: 1'b0 
	Parameter IS_D_INVERTED bound to: 1'b0 
	Parameter IS_R_INVERTED bound to: 1'b0 
INFO: [Synth 8-113] binding component instance 'LOAD_REG_I' to cell 'FDRE' [c:/Projects/Xilinx/DisplayPort/DisplayPort_1_4_ss2_1_rx_ex_v2020p1/hw/v_dp_rxss1_0_ex.srcs/sources_1/bd/dpss_zcu102_rx/ipshared/eb71/hdl/axi_timer_v2_0_vh_rfs.vhd:1474]
	Parameter INIT bound to: 1'b0 
	Parameter IS_C_INVERTED bound to: 1'b0 
	Parameter IS_D_INVERTED bound to: 1'b0 
	Parameter IS_R_INVERTED bound to: 1'b0 
INFO: [Synth 8-113] binding component instance 'LOAD_REG_I' to cell 'FDRE' [c:/Projects/Xilinx/DisplayPort/DisplayPort_1_4_ss2_1_rx_ex_v2020p1/hw/v_dp_rxss1_0_ex.srcs/sources_1/bd/dpss_zcu102_rx/ipshared/eb71/hdl/axi_timer_v2_0_vh_rfs.vhd:1474]
	Parameter INIT bound to: 1'b0 
	Parameter IS_C_INVERTED bound to: 1'b0 
	Parameter IS_D_INVERTED bound to: 1'b0 
	Parameter IS_R_INVERTED bound to: 1'b0 
INFO: [Synth 8-113] binding component instance 'LOAD_REG_I' to cell 'FDRE' [c:/Projects/Xilinx/DisplayPort/DisplayPort_1_4_ss2_1_rx_ex_v2020p1/hw/v_dp_rxss1_0_ex.srcs/sources_1/bd/dpss_zcu102_rx/ipshared/eb71/hdl/axi_timer_v2_0_vh_rfs.vhd:1474]
	Parameter INIT bound to: 1'b0 
	Parameter IS_C_INVERTED bound to: 1'b0 
	Parameter IS_D_INVERTED bound to: 1'b0 
	Parameter IS_R_INVERTED bound to: 1'b0 
INFO: [Synth 8-113] binding component instance 'LOAD_REG_I' to cell 'FDRE' [c:/Projects/Xilinx/DisplayPort/DisplayPort_1_4_ss2_1_rx_ex_v2020p1/hw/v_dp_rxss1_0_ex.srcs/sources_1/bd/dpss_zcu102_rx/ipshared/eb71/hdl/axi_timer_v2_0_vh_rfs.vhd:1474]
	Parameter INIT bound to: 1'b0 
	Parameter IS_C_INVERTED bound to: 1'b0 
	Parameter IS_D_INVERTED bound to: 1'b0 
	Parameter IS_R_INVERTED bound to: 1'b0 
INFO: [Synth 8-113] binding component instance 'LOAD_REG_I' to cell 'FDRE' [c:/Projects/Xilinx/DisplayPort/DisplayPort_1_4_ss2_1_rx_ex_v2020p1/hw/v_dp_rxss1_0_ex.srcs/sources_1/bd/dpss_zcu102_rx/ipshared/eb71/hdl/axi_timer_v2_0_vh_rfs.vhd:1474]
	Parameter INIT bound to: 1'b0 
	Parameter IS_C_INVERTED bound to: 1'b0 
	Parameter IS_D_INVERTED bound to: 1'b0 
	Parameter IS_R_INVERTED bound to: 1'b0 
INFO: [Synth 8-113] binding component instance 'LOAD_REG_I' to cell 'FDRE' [c:/Projects/Xilinx/DisplayPort/DisplayPort_1_4_ss2_1_rx_ex_v2020p1/hw/v_dp_rxss1_0_ex.srcs/sources_1/bd/dpss_zcu102_rx/ipshared/eb71/hdl/axi_timer_v2_0_vh_rfs.vhd:1474]
	Parameter INIT bound to: 1'b0 
	Parameter IS_C_INVERTED bound to: 1'b0 
	Parameter IS_D_INVERTED bound to: 1'b0 
	Parameter IS_R_INVERTED bound to: 1'b0 
INFO: [Synth 8-113] binding component instance 'LOAD_REG_I' to cell 'FDRE' [c:/Projects/Xilinx/DisplayPort/DisplayPort_1_4_ss2_1_rx_ex_v2020p1/hw/v_dp_rxss1_0_ex.srcs/sources_1/bd/dpss_zcu102_rx/ipshared/eb71/hdl/axi_timer_v2_0_vh_rfs.vhd:1474]
	Parameter INIT bound to: 1'b0 
	Parameter IS_C_INVERTED bound to: 1'b0 
	Parameter IS_D_INVERTED bound to: 1'b0 
	Parameter IS_R_INVERTED bound to: 1'b0 
INFO: [Synth 8-113] binding component instance 'LOAD_REG_I' to cell 'FDRE' [c:/Projects/Xilinx/DisplayPort/DisplayPort_1_4_ss2_1_rx_ex_v2020p1/hw/v_dp_rxss1_0_ex.srcs/sources_1/bd/dpss_zcu102_rx/ipshared/eb71/hdl/axi_timer_v2_0_vh_rfs.vhd:1474]
	Parameter INIT bound to: 1'b0 
	Parameter IS_C_INVERTED bound to: 1'b0 
	Parameter IS_D_INVERTED bound to: 1'b0 
	Parameter IS_R_INVERTED bound to: 1'b0 
INFO: [Synth 8-113] binding component instance 'LOAD_REG_I' to cell 'FDRE' [c:/Projects/Xilinx/DisplayPort/DisplayPort_1_4_ss2_1_rx_ex_v2020p1/hw/v_dp_rxss1_0_ex.srcs/sources_1/bd/dpss_zcu102_rx/ipshared/eb71/hdl/axi_timer_v2_0_vh_rfs.vhd:1474]
	Parameter INIT bound to: 1'b0 
	Parameter IS_C_INVERTED bound to: 1'b0 
	Parameter IS_D_INVERTED bound to: 1'b0 
	Parameter IS_R_INVERTED bound to: 1'b0 
INFO: [Synth 8-113] binding component instance 'LOAD_REG_I' to cell 'FDRE' [c:/Projects/Xilinx/DisplayPort/DisplayPort_1_4_ss2_1_rx_ex_v2020p1/hw/v_dp_rxss1_0_ex.srcs/sources_1/bd/dpss_zcu102_rx/ipshared/eb71/hdl/axi_timer_v2_0_vh_rfs.vhd:1474]
	Parameter INIT bound to: 1'b0 
	Parameter IS_C_INVERTED bound to: 1'b0 
	Parameter IS_D_INVERTED bound to: 1'b0 
	Parameter IS_R_INVERTED bound to: 1'b0 
INFO: [Synth 8-113] binding component instance 'LOAD_REG_I' to cell 'FDRE' [c:/Projects/Xilinx/DisplayPort/DisplayPort_1_4_ss2_1_rx_ex_v2020p1/hw/v_dp_rxss1_0_ex.srcs/sources_1/bd/dpss_zcu102_rx/ipshared/eb71/hdl/axi_timer_v2_0_vh_rfs.vhd:1474]
	Parameter INIT bound to: 1'b0 
	Parameter IS_C_INVERTED bound to: 1'b0 
	Parameter IS_D_INVERTED bound to: 1'b0 
	Parameter IS_R_INVERTED bound to: 1'b0 
INFO: [Synth 8-113] binding component instance 'LOAD_REG_I' to cell 'FDRE' [c:/Projects/Xilinx/DisplayPort/DisplayPort_1_4_ss2_1_rx_ex_v2020p1/hw/v_dp_rxss1_0_ex.srcs/sources_1/bd/dpss_zcu102_rx/ipshared/eb71/hdl/axi_timer_v2_0_vh_rfs.vhd:1474]
	Parameter INIT bound to: 1'b0 
	Parameter IS_C_INVERTED bound to: 1'b0 
	Parameter IS_D_INVERTED bound to: 1'b0 
	Parameter IS_R_INVERTED bound to: 1'b0 
INFO: [Synth 8-113] binding component instance 'LOAD_REG_I' to cell 'FDRE' [c:/Projects/Xilinx/DisplayPort/DisplayPort_1_4_ss2_1_rx_ex_v2020p1/hw/v_dp_rxss1_0_ex.srcs/sources_1/bd/dpss_zcu102_rx/ipshared/eb71/hdl/axi_timer_v2_0_vh_rfs.vhd:1474]
	Parameter INIT bound to: 1'b0 
	Parameter IS_C_INVERTED bound to: 1'b0 
	Parameter IS_D_INVERTED bound to: 1'b0 
	Parameter IS_R_INVERTED bound to: 1'b0 
INFO: [Synth 8-113] binding component instance 'LOAD_REG_I' to cell 'FDRE' [c:/Projects/Xilinx/DisplayPort/DisplayPort_1_4_ss2_1_rx_ex_v2020p1/hw/v_dp_rxss1_0_ex.srcs/sources_1/bd/dpss_zcu102_rx/ipshared/eb71/hdl/axi_timer_v2_0_vh_rfs.vhd:1474]
	Parameter INIT bound to: 1'b0 
	Parameter IS_C_INVERTED bound to: 1'b0 
	Parameter IS_D_INVERTED bound to: 1'b0 
	Parameter IS_R_INVERTED bound to: 1'b0 
INFO: [Synth 8-113] binding component instance 'LOAD_REG_I' to cell 'FDRE' [c:/Projects/Xilinx/DisplayPort/DisplayPort_1_4_ss2_1_rx_ex_v2020p1/hw/v_dp_rxss1_0_ex.srcs/sources_1/bd/dpss_zcu102_rx/ipshared/eb71/hdl/axi_timer_v2_0_vh_rfs.vhd:1474]
	Parameter INIT bound to: 1'b0 
	Parameter IS_C_INVERTED bound to: 1'b0 
	Parameter IS_D_INVERTED bound to: 1'b0 
	Parameter IS_R_INVERTED bound to: 1'b0 
INFO: [Synth 8-113] binding component instance 'LOAD_REG_I' to cell 'FDRE' [c:/Projects/Xilinx/DisplayPort/DisplayPort_1_4_ss2_1_rx_ex_v2020p1/hw/v_dp_rxss1_0_ex.srcs/sources_1/bd/dpss_zcu102_rx/ipshared/eb71/hdl/axi_timer_v2_0_vh_rfs.vhd:1474]
INFO: [Synth 8-638] synthesizing module 'counter_f' [c:/Projects/Xilinx/DisplayPort/DisplayPort_1_4_ss2_1_rx_ex_v2020p1/hw/v_dp_rxss1_0_ex.srcs/sources_1/bd/dpss_zcu102_rx/ipshared/eb71/hdl/axi_timer_v2_0_vh_rfs.vhd:148]
	Parameter C_NUM_BITS bound to: 32 - type: integer 
	Parameter C_FAMILY bound to: zynquplus - type: string 
INFO: [Synth 8-256] done synthesizing module 'counter_f' (3#1) [c:/Projects/Xilinx/DisplayPort/DisplayPort_1_4_ss2_1_rx_ex_v2020p1/hw/v_dp_rxss1_0_ex.srcs/sources_1/bd/dpss_zcu102_rx/ipshared/eb71/hdl/axi_timer_v2_0_vh_rfs.vhd:148]
INFO: [Synth 8-256] done synthesizing module 'count_module' (4#1) [c:/Projects/Xilinx/DisplayPort/DisplayPort_1_4_ss2_1_rx_ex_v2020p1/hw/v_dp_rxss1_0_ex.srcs/sources_1/bd/dpss_zcu102_rx/ipshared/eb71/hdl/axi_timer_v2_0_vh_rfs.vhd:1438]
INFO: [Synth 8-638] synthesizing module 'timer_control' [c:/Projects/Xilinx/DisplayPort/DisplayPort_1_4_ss2_1_rx_ex_v2020p1/hw/v_dp_rxss1_0_ex.srcs/sources_1/bd/dpss_zcu102_rx/ipshared/eb71/hdl/axi_timer_v2_0_vh_rfs.vhd:835]
	Parameter C_TRIG0_ASSERT bound to: 1'b1 
	Parameter C_TRIG1_ASSERT bound to: 1'b1 
	Parameter C_GEN0_ASSERT bound to: 1'b1 
	Parameter C_GEN1_ASSERT bound to: 1'b1 
	Parameter C_ARD_NUM_CE_ARRAY bound to: 32'b00000000000000000000000000001000 
	Parameter INIT bound to: 1'b0 
	Parameter IS_CE_INVERTED bound to: 1'b0 
	Parameter IS_C_INVERTED bound to: 1'b0 
	Parameter IS_D_INVERTED bound to: 1'b0 
	Parameter IS_R_INVERTED bound to: 1'b0 
	Parameter IS_S_INVERTED bound to: 1'b0 
INFO: [Synth 8-113] binding component instance 'TCSR0_FF_I' to cell 'FDRSE' [c:/Projects/Xilinx/DisplayPort/DisplayPort_1_4_ss2_1_rx_ex_v2020p1/hw/v_dp_rxss1_0_ex.srcs/sources_1/bd/dpss_zcu102_rx/ipshared/eb71/hdl/axi_timer_v2_0_vh_rfs.vhd:921]
	Parameter INIT bound to: 1'b0 
	Parameter IS_CE_INVERTED bound to: 1'b0 
	Parameter IS_C_INVERTED bound to: 1'b0 
	Parameter IS_D_INVERTED bound to: 1'b0 
	Parameter IS_R_INVERTED bound to: 1'b0 
	Parameter IS_S_INVERTED bound to: 1'b0 
INFO: [Synth 8-113] binding component instance 'TCSR0_FF_I' to cell 'FDRSE' [c:/Projects/Xilinx/DisplayPort/DisplayPort_1_4_ss2_1_rx_ex_v2020p1/hw/v_dp_rxss1_0_ex.srcs/sources_1/bd/dpss_zcu102_rx/ipshared/eb71/hdl/axi_timer_v2_0_vh_rfs.vhd:921]
	Parameter INIT bound to: 1'b0 
	Parameter IS_CE_INVERTED bound to: 1'b0 
	Parameter IS_C_INVERTED bound to: 1'b0 
	Parameter IS_D_INVERTED bound to: 1'b0 
	Parameter IS_R_INVERTED bound to: 1'b0 
	Parameter IS_S_INVERTED bound to: 1'b0 
INFO: [Synth 8-113] binding component instance 'TCSR0_FF_I' to cell 'FDRSE' [c:/Projects/Xilinx/DisplayPort/DisplayPort_1_4_ss2_1_rx_ex_v2020p1/hw/v_dp_rxss1_0_ex.srcs/sources_1/bd/dpss_zcu102_rx/ipshared/eb71/hdl/axi_timer_v2_0_vh_rfs.vhd:921]
	Parameter INIT bound to: 1'b0 
	Parameter IS_CE_INVERTED bound to: 1'b0 
	Parameter IS_C_INVERTED bound to: 1'b0 
	Parameter IS_D_INVERTED bound to: 1'b0 
	Parameter IS_R_INVERTED bound to: 1'b0 
	Parameter IS_S_INVERTED bound to: 1'b0 
INFO: [Synth 8-113] binding component instance 'TCSR0_FF_I' to cell 'FDRSE' [c:/Projects/Xilinx/DisplayPort/DisplayPort_1_4_ss2_1_rx_ex_v2020p1/hw/v_dp_rxss1_0_ex.srcs/sources_1/bd/dpss_zcu102_rx/ipshared/eb71/hdl/axi_timer_v2_0_vh_rfs.vhd:921]
	Parameter INIT bound to: 1'b0 
	Parameter IS_CE_INVERTED bound to: 1'b0 
	Parameter IS_C_INVERTED bound to: 1'b0 
	Parameter IS_D_INVERTED bound to: 1'b0 
	Parameter IS_R_INVERTED bound to: 1'b0 
	Parameter IS_S_INVERTED bound to: 1'b0 
INFO: [Synth 8-113] binding component instance 'TCSR0_FF_I' to cell 'FDRSE' [c:/Projects/Xilinx/DisplayPort/DisplayPort_1_4_ss2_1_rx_ex_v2020p1/hw/v_dp_rxss1_0_ex.srcs/sources_1/bd/dpss_zcu102_rx/ipshared/eb71/hdl/axi_timer_v2_0_vh_rfs.vhd:921]
	Parameter INIT bound to: 1'b0 
	Parameter IS_CE_INVERTED bound to: 1'b0 
	Parameter IS_C_INVERTED bound to: 1'b0 
	Parameter IS_D_INVERTED bound to: 1'b0 
	Parameter IS_R_INVERTED bound to: 1'b0 
	Parameter IS_S_INVERTED bound to: 1'b0 
INFO: [Synth 8-113] binding component instance 'TCSR0_FF_I' to cell 'FDRSE' [c:/Projects/Xilinx/DisplayPort/DisplayPort_1_4_ss2_1_rx_ex_v2020p1/hw/v_dp_rxss1_0_ex.srcs/sources_1/bd/dpss_zcu102_rx/ipshared/eb71/hdl/axi_timer_v2_0_vh_rfs.vhd:921]
	Parameter INIT bound to: 1'b0 
	Parameter IS_CE_INVERTED bound to: 1'b0 
	Parameter IS_C_INVERTED bound to: 1'b0 
	Parameter IS_D_INVERTED bound to: 1'b0 
	Parameter IS_R_INVERTED bound to: 1'b0 
	Parameter IS_S_INVERTED bound to: 1'b0 
INFO: [Synth 8-113] binding component instance 'TCSR0_FF_I' to cell 'FDRSE' [c:/Projects/Xilinx/DisplayPort/DisplayPort_1_4_ss2_1_rx_ex_v2020p1/hw/v_dp_rxss1_0_ex.srcs/sources_1/bd/dpss_zcu102_rx/ipshared/eb71/hdl/axi_timer_v2_0_vh_rfs.vhd:921]
	Parameter INIT bound to: 1'b0 
	Parameter IS_CE_INVERTED bound to: 1'b0 
	Parameter IS_C_INVERTED bound to: 1'b0 
	Parameter IS_D_INVERTED bound to: 1'b0 
	Parameter IS_R_INVERTED bound to: 1'b0 
	Parameter IS_S_INVERTED bound to: 1'b0 
INFO: [Synth 8-113] binding component instance 'TCSR0_FF_I' to cell 'FDRSE' [c:/Projects/Xilinx/DisplayPort/DisplayPort_1_4_ss2_1_rx_ex_v2020p1/hw/v_dp_rxss1_0_ex.srcs/sources_1/bd/dpss_zcu102_rx/ipshared/eb71/hdl/axi_timer_v2_0_vh_rfs.vhd:921]
	Parameter INIT bound to: 1'b0 
	Parameter IS_CE_INVERTED bound to: 1'b0 
	Parameter IS_C_INVERTED bound to: 1'b0 
	Parameter IS_D_INVERTED bound to: 1'b0 
	Parameter IS_R_INVERTED bound to: 1'b0 
	Parameter IS_S_INVERTED bound to: 1'b0 
INFO: [Synth 8-113] binding component instance 'TCSR0_FF_I' to cell 'FDRSE' [c:/Projects/Xilinx/DisplayPort/DisplayPort_1_4_ss2_1_rx_ex_v2020p1/hw/v_dp_rxss1_0_ex.srcs/sources_1/bd/dpss_zcu102_rx/ipshared/eb71/hdl/axi_timer_v2_0_vh_rfs.vhd:921]
	Parameter INIT bound to: 1'b0 
	Parameter IS_CE_INVERTED bound to: 1'b0 
	Parameter IS_C_INVERTED bound to: 1'b0 
	Parameter IS_D_INVERTED bound to: 1'b0 
	Parameter IS_R_INVERTED bound to: 1'b0 
	Parameter IS_S_INVERTED bound to: 1'b0 
INFO: [Synth 8-113] binding component instance 'TCSR0_FF_I' to cell 'FDRSE' [c:/Projects/Xilinx/DisplayPort/DisplayPort_1_4_ss2_1_rx_ex_v2020p1/hw/v_dp_rxss1_0_ex.srcs/sources_1/bd/dpss_zcu102_rx/ipshared/eb71/hdl/axi_timer_v2_0_vh_rfs.vhd:921]
	Parameter INIT bound to: 1'b0 
	Parameter IS_CE_INVERTED bound to: 1'b0 
	Parameter IS_C_INVERTED bound to: 1'b0 
	Parameter IS_D_INVERTED bound to: 1'b0 
	Parameter IS_R_INVERTED bound to: 1'b0 
	Parameter IS_S_INVERTED bound to: 1'b0 
INFO: [Synth 8-113] binding component instance 'TCSR0_FF_I' to cell 'FDRSE' [c:/Projects/Xilinx/DisplayPort/DisplayPort_1_4_ss2_1_rx_ex_v2020p1/hw/v_dp_rxss1_0_ex.srcs/sources_1/bd/dpss_zcu102_rx/ipshared/eb71/hdl/axi_timer_v2_0_vh_rfs.vhd:921]
	Parameter INIT bound to: 1'b0 
	Parameter IS_CE_INVERTED bound to: 1'b0 
	Parameter IS_C_INVERTED bound to: 1'b0 
	Parameter IS_D_INVERTED bound to: 1'b0 
	Parameter IS_R_INVERTED bound to: 1'b0 
	Parameter IS_S_INVERTED bound to: 1'b0 
INFO: [Synth 8-113] binding component instance 'TCSR0_FF_I' to cell 'FDRSE' [c:/Projects/Xilinx/DisplayPort/DisplayPort_1_4_ss2_1_rx_ex_v2020p1/hw/v_dp_rxss1_0_ex.srcs/sources_1/bd/dpss_zcu102_rx/ipshared/eb71/hdl/axi_timer_v2_0_vh_rfs.vhd:921]
	Parameter INIT bound to: 1'b0 
	Parameter IS_CE_INVERTED bound to: 1'b0 
	Parameter IS_C_INVERTED bound to: 1'b0 
	Parameter IS_D_INVERTED bound to: 1'b0 
	Parameter IS_R_INVERTED bound to: 1'b0 
	Parameter IS_S_INVERTED bound to: 1'b0 
INFO: [Synth 8-113] binding component instance 'TCSR1_FF_I' to cell 'FDRSE' [c:/Projects/Xilinx/DisplayPort/DisplayPort_1_4_ss2_1_rx_ex_v2020p1/hw/v_dp_rxss1_0_ex.srcs/sources_1/bd/dpss_zcu102_rx/ipshared/eb71/hdl/axi_timer_v2_0_vh_rfs.vhd:1002]
	Parameter INIT bound to: 1'b0 
	Parameter IS_CE_INVERTED bound to: 1'b0 
	Parameter IS_C_INVERTED bound to: 1'b0 
	Parameter IS_D_INVERTED bound to: 1'b0 
	Parameter IS_R_INVERTED bound to: 1'b0 
	Parameter IS_S_INVERTED bound to: 1'b0 
INFO: [Synth 8-113] binding component instance 'TCSR1_FF_I' to cell 'FDRSE' [c:/Projects/Xilinx/DisplayPort/DisplayPort_1_4_ss2_1_rx_ex_v2020p1/hw/v_dp_rxss1_0_ex.srcs/sources_1/bd/dpss_zcu102_rx/ipshared/eb71/hdl/axi_timer_v2_0_vh_rfs.vhd:1002]
	Parameter INIT bound to: 1'b0 
	Parameter IS_CE_INVERTED bound to: 1'b0 
	Parameter IS_C_INVERTED bound to: 1'b0 
	Parameter IS_D_INVERTED bound to: 1'b0 
	Parameter IS_R_INVERTED bound to: 1'b0 
	Parameter IS_S_INVERTED bound to: 1'b0 
INFO: [Synth 8-113] binding component instance 'TCSR1_FF_I' to cell 'FDRSE' [c:/Projects/Xilinx/DisplayPort/DisplayPort_1_4_ss2_1_rx_ex_v2020p1/hw/v_dp_rxss1_0_ex.srcs/sources_1/bd/dpss_zcu102_rx/ipshared/eb71/hdl/axi_timer_v2_0_vh_rfs.vhd:1002]
	Parameter INIT bound to: 1'b0 
	Parameter IS_CE_INVERTED bound to: 1'b0 
	Parameter IS_C_INVERTED bound to: 1'b0 
	Parameter IS_D_INVERTED bound to: 1'b0 
	Parameter IS_R_INVERTED bound to: 1'b0 
	Parameter IS_S_INVERTED bound to: 1'b0 
INFO: [Synth 8-113] binding component instance 'TCSR1_FF_I' to cell 'FDRSE' [c:/Projects/Xilinx/DisplayPort/DisplayPort_1_4_ss2_1_rx_ex_v2020p1/hw/v_dp_rxss1_0_ex.srcs/sources_1/bd/dpss_zcu102_rx/ipshared/eb71/hdl/axi_timer_v2_0_vh_rfs.vhd:1002]
	Parameter INIT bound to: 1'b0 
	Parameter IS_CE_INVERTED bound to: 1'b0 
	Parameter IS_C_INVERTED bound to: 1'b0 
	Parameter IS_D_INVERTED bound to: 1'b0 
	Parameter IS_R_INVERTED bound to: 1'b0 
	Parameter IS_S_INVERTED bound to: 1'b0 
INFO: [Synth 8-113] binding component instance 'TCSR1_FF_I' to cell 'FDRSE' [c:/Projects/Xilinx/DisplayPort/DisplayPort_1_4_ss2_1_rx_ex_v2020p1/hw/v_dp_rxss1_0_ex.srcs/sources_1/bd/dpss_zcu102_rx/ipshared/eb71/hdl/axi_timer_v2_0_vh_rfs.vhd:1002]
	Parameter INIT bound to: 1'b0 
	Parameter IS_CE_INVERTED bound to: 1'b0 
	Parameter IS_C_INVERTED bound to: 1'b0 
	Parameter IS_D_INVERTED bound to: 1'b0 
	Parameter IS_R_INVERTED bound to: 1'b0 
	Parameter IS_S_INVERTED bound to: 1'b0 
INFO: [Synth 8-113] binding component instance 'TCSR1_FF_I' to cell 'FDRSE' [c:/Projects/Xilinx/DisplayPort/DisplayPort_1_4_ss2_1_rx_ex_v2020p1/hw/v_dp_rxss1_0_ex.srcs/sources_1/bd/dpss_zcu102_rx/ipshared/eb71/hdl/axi_timer_v2_0_vh_rfs.vhd:1002]
	Parameter INIT bound to: 1'b0 
	Parameter IS_CE_INVERTED bound to: 1'b0 
	Parameter IS_C_INVERTED bound to: 1'b0 
	Parameter IS_D_INVERTED bound to: 1'b0 
	Parameter IS_R_INVERTED bound to: 1'b0 
	Parameter IS_S_INVERTED bound to: 1'b0 
INFO: [Synth 8-113] binding component instance 'TCSR1_FF_I' to cell 'FDRSE' [c:/Projects/Xilinx/DisplayPort/DisplayPort_1_4_ss2_1_rx_ex_v2020p1/hw/v_dp_rxss1_0_ex.srcs/sources_1/bd/dpss_zcu102_rx/ipshared/eb71/hdl/axi_timer_v2_0_vh_rfs.vhd:1002]
	Parameter INIT bound to: 1'b0 
	Parameter IS_CE_INVERTED bound to: 1'b0 
	Parameter IS_C_INVERTED bound to: 1'b0 
	Parameter IS_D_INVERTED bound to: 1'b0 
	Parameter IS_R_INVERTED bound to: 1'b0 
	Parameter IS_S_INVERTED bound to: 1'b0 
INFO: [Synth 8-113] binding component instance 'TCSR1_FF_I' to cell 'FDRSE' [c:/Projects/Xilinx/DisplayPort/DisplayPort_1_4_ss2_1_rx_ex_v2020p1/hw/v_dp_rxss1_0_ex.srcs/sources_1/bd/dpss_zcu102_rx/ipshared/eb71/hdl/axi_timer_v2_0_vh_rfs.vhd:1002]
	Parameter INIT bound to: 1'b0 
	Parameter IS_CE_INVERTED bound to: 1'b0 
	Parameter IS_C_INVERTED bound to: 1'b0 
	Parameter IS_D_INVERTED bound to: 1'b0 
	Parameter IS_R_INVERTED bound to: 1'b0 
	Parameter IS_S_INVERTED bound to: 1'b0 
INFO: [Synth 8-113] binding component instance 'TCSR1_FF_I' to cell 'FDRSE' [c:/Projects/Xilinx/DisplayPort/DisplayPort_1_4_ss2_1_rx_ex_v2020p1/hw/v_dp_rxss1_0_ex.srcs/sources_1/bd/dpss_zcu102_rx/ipshared/eb71/hdl/axi_timer_v2_0_vh_rfs.vhd:1002]
	Parameter INIT bound to: 1'b0 
	Parameter IS_CE_INVERTED bound to: 1'b0 
	Parameter IS_C_INVERTED bound to: 1'b0 
	Parameter IS_D_INVERTED bound to: 1'b0 
	Parameter IS_R_INVERTED bound to: 1'b0 
	Parameter IS_S_INVERTED bound to: 1'b0 
INFO: [Synth 8-113] binding component instance 'TCSR1_FF_I' to cell 'FDRSE' [c:/Projects/Xilinx/DisplayPort/DisplayPort_1_4_ss2_1_rx_ex_v2020p1/hw/v_dp_rxss1_0_ex.srcs/sources_1/bd/dpss_zcu102_rx/ipshared/eb71/hdl/axi_timer_v2_0_vh_rfs.vhd:1002]
	Parameter INIT bound to: 1'b0 
	Parameter IS_CE_INVERTED bound to: 1'b0 
	Parameter IS_C_INVERTED bound to: 1'b0 
	Parameter IS_D_INVERTED bound to: 1'b0 
	Parameter IS_R_INVERTED bound to: 1'b0 
	Parameter IS_S_INVERTED bound to: 1'b0 
INFO: [Synth 8-113] binding component instance 'TCSR1_FF_I' to cell 'FDRSE' [c:/Projects/Xilinx/DisplayPort/DisplayPort_1_4_ss2_1_rx_ex_v2020p1/hw/v_dp_rxss1_0_ex.srcs/sources_1/bd/dpss_zcu102_rx/ipshared/eb71/hdl/axi_timer_v2_0_vh_rfs.vhd:1002]
	Parameter INIT bound to: 1'b0 
	Parameter IS_CE_INVERTED bound to: 1'b0 
	Parameter IS_C_INVERTED bound to: 1'b0 
	Parameter IS_D_INVERTED bound to: 1'b0 
	Parameter IS_R_INVERTED bound to: 1'b0 
	Parameter IS_S_INVERTED bound to: 1'b0 
INFO: [Synth 8-113] binding component instance 'READ_DONE0_I' to cell 'FDRSE' [c:/Projects/Xilinx/DisplayPort/DisplayPort_1_4_ss2_1_rx_ex_v2020p1/hw/v_dp_rxss1_0_ex.srcs/sources_1/bd/dpss_zcu102_rx/ipshared/eb71/hdl/axi_timer_v2_0_vh_rfs.vhd:1074]
	Parameter INIT bound to: 1'b0 
	Parameter IS_CE_INVERTED bound to: 1'b0 
	Parameter IS_C_INVERTED bound to: 1'b0 
	Parameter IS_D_INVERTED bound to: 1'b0 
	Parameter IS_R_INVERTED bound to: 1'b0 
	Parameter IS_S_INVERTED bound to: 1'b0 
INFO: [Synth 8-113] binding component instance 'READ_DONE1_I' to cell 'FDRSE' [c:/Projects/Xilinx/DisplayPort/DisplayPort_1_4_ss2_1_rx_ex_v2020p1/hw/v_dp_rxss1_0_ex.srcs/sources_1/bd/dpss_zcu102_rx/ipshared/eb71/hdl/axi_timer_v2_0_vh_rfs.vhd:1084]
INFO: [Synth 8-638] synthesizing module 'cdc_sync' [c:/Projects/Xilinx/DisplayPort/DisplayPort_1_4_ss2_1_rx_ex_v2020p1/hw/v_dp_rxss1_0_ex.srcs/sources_1/bd/dpss_zcu102_rx/ipshared/ef1e/hdl/lib_cdc_v1_0_rfs.vhd:106]
	Parameter C_CDC_TYPE bound to: 1 - type: integer 
	Parameter C_RESET_STATE bound to: 0 - type: integer 
	Parameter C_SINGLE_BIT bound to: 1 - type: integer 
	Parameter C_FLOP_INPUT bound to: 0 - type: integer 
	Parameter C_VECTOR_WIDTH bound to: 32 - type: integer 
	Parameter C_MTBF_STAGES bound to: 4 - type: integer 
	Parameter INIT bound to: 1'b0 
INFO: [Synth 8-113] binding component instance 'CROSS_PLEVEL_IN2SCNDRY_IN_cdc_to' to cell 'FDR' [c:/Projects/Xilinx/DisplayPort/DisplayPort_1_4_ss2_1_rx_ex_v2020p1/hw/v_dp_rxss1_0_ex.srcs/sources_1/bd/dpss_zcu102_rx/ipshared/ef1e/hdl/lib_cdc_v1_0_rfs.vhd:514]
	Parameter INIT bound to: 1'b0 
INFO: [Synth 8-113] binding component instance 'CROSS_PLEVEL_IN2SCNDRY_s_level_out_d2' to cell 'FDR' [c:/Projects/Xilinx/DisplayPort/DisplayPort_1_4_ss2_1_rx_ex_v2020p1/hw/v_dp_rxss1_0_ex.srcs/sources_1/bd/dpss_zcu102_rx/ipshared/ef1e/hdl/lib_cdc_v1_0_rfs.vhd:545]
	Parameter INIT bound to: 1'b0 
INFO: [Synth 8-113] binding component instance 'CROSS_PLEVEL_IN2SCNDRY_s_level_out_d3' to cell 'FDR' [c:/Projects/Xilinx/DisplayPort/DisplayPort_1_4_ss2_1_rx_ex_v2020p1/hw/v_dp_rxss1_0_ex.srcs/sources_1/bd/dpss_zcu102_rx/ipshared/ef1e/hdl/lib_cdc_v1_0_rfs.vhd:554]
	Parameter INIT bound to: 1'b0 
INFO: [Synth 8-113] binding component instance 'CROSS_PLEVEL_IN2SCNDRY_s_level_out_d4' to cell 'FDR' [c:/Projects/Xilinx/DisplayPort/DisplayPort_1_4_ss2_1_rx_ex_v2020p1/hw/v_dp_rxss1_0_ex.srcs/sources_1/bd/dpss_zcu102_rx/ipshared/ef1e/hdl/lib_cdc_v1_0_rfs.vhd:564]
	Parameter INIT bound to: 1'b0 
INFO: [Synth 8-113] binding component instance 'CROSS_PLEVEL_IN2SCNDRY_s_level_out_d5' to cell 'FDR' [c:/Projects/Xilinx/DisplayPort/DisplayPort_1_4_ss2_1_rx_ex_v2020p1/hw/v_dp_rxss1_0_ex.srcs/sources_1/bd/dpss_zcu102_rx/ipshared/ef1e/hdl/lib_cdc_v1_0_rfs.vhd:574]
	Parameter INIT bound to: 1'b0 
INFO: [Synth 8-113] binding component instance 'CROSS_PLEVEL_IN2SCNDRY_s_level_out_d6' to cell 'FDR' [c:/Projects/Xilinx/DisplayPort/DisplayPort_1_4_ss2_1_rx_ex_v2020p1/hw/v_dp_rxss1_0_ex.srcs/sources_1/bd/dpss_zcu102_rx/ipshared/ef1e/hdl/lib_cdc_v1_0_rfs.vhd:584]
INFO: [Synth 8-256] done synthesizing module 'cdc_sync' (5#1) [c:/Projects/Xilinx/DisplayPort/DisplayPort_1_4_ss2_1_rx_ex_v2020p1/hw/v_dp_rxss1_0_ex.srcs/sources_1/bd/dpss_zcu102_rx/ipshared/ef1e/hdl/lib_cdc_v1_0_rfs.vhd:106]
INFO: [Synth 8-256] done synthesizing module 'timer_control' (6#1) [c:/Projects/Xilinx/DisplayPort/DisplayPort_1_4_ss2_1_rx_ex_v2020p1/hw/v_dp_rxss1_0_ex.srcs/sources_1/bd/dpss_zcu102_rx/ipshared/eb71/hdl/axi_timer_v2_0_vh_rfs.vhd:835]
	Parameter INIT bound to: 1'b0 
	Parameter IS_C_INVERTED bound to: 1'b0 
	Parameter IS_D_INVERTED bound to: 1'b0 
	Parameter IS_R_INVERTED bound to: 1'b0 
	Parameter IS_S_INVERTED bound to: 1'b0 
INFO: [Synth 8-113] binding component instance 'PWM_FF_I' to cell 'FDRS' [c:/Projects/Xilinx/DisplayPort/DisplayPort_1_4_ss2_1_rx_ex_v2020p1/hw/v_dp_rxss1_0_ex.srcs/sources_1/bd/dpss_zcu102_rx/ipshared/eb71/hdl/axi_timer_v2_0_vh_rfs.vhd:1910]
INFO: [Synth 8-256] done synthesizing module 'tc_core' (7#1) [c:/Projects/Xilinx/DisplayPort/DisplayPort_1_4_ss2_1_rx_ex_v2020p1/hw/v_dp_rxss1_0_ex.srcs/sources_1/bd/dpss_zcu102_rx/ipshared/eb71/hdl/axi_timer_v2_0_vh_rfs.vhd:1704]
INFO: [Synth 8-638] synthesizing module 'axi_lite_ipif' [c:/Projects/Xilinx/DisplayPort/DisplayPort_1_4_ss2_1_rx_ex_v2020p1/hw/v_dp_rxss1_0_ex.srcs/sources_1/bd/dpss_zcu102_rx/ipshared/66ea/hdl/axi_lite_ipif_v3_0_vh_rfs.vhd:2948]
	Parameter C_S_AXI_DATA_WIDTH bound to: 32 - type: integer 
	Parameter C_S_AXI_ADDR_WIDTH bound to: 5 - type: integer 
	Parameter C_S_AXI_MIN_SIZE bound to: 32'b00000000000000000000000000011111 
	Parameter C_USE_WSTRB bound to: 0 - type: integer 
	Parameter C_DPHASE_TIMEOUT bound to: 32 - type: integer 
	Parameter C_ARD_ADDR_RANGE_ARRAY bound to: 128'b00000000000000000000000000000000000000000000000000000000000000000000000000000000000000000000000000000000000000000000000000011111 
	Parameter C_ARD_NUM_CE_ARRAY bound to: 32'b00000000000000000000000000001000 
	Parameter C_FAMILY bound to: zynquplus - type: string 
INFO: [Synth 8-638] synthesizing module 'slave_attachment' [c:/Projects/Xilinx/DisplayPort/DisplayPort_1_4_ss2_1_rx_ex_v2020p1/hw/v_dp_rxss1_0_ex.srcs/sources_1/bd/dpss_zcu102_rx/ipshared/66ea/hdl/axi_lite_ipif_v3_0_vh_rfs.vhd:2341]
	Parameter C_ARD_ADDR_RANGE_ARRAY bound to: 128'b00000000000000000000000000000000000000000000000000000000000000000000000000000000000000000000000000000000000000000000000000011111 
	Parameter C_ARD_NUM_CE_ARRAY bound to: 32'b00000000000000000000000000001000 
	Parameter C_IPIF_ABUS_WIDTH bound to: 5 - type: integer 
	Parameter C_IPIF_DBUS_WIDTH bound to: 32 - type: integer 
	Parameter C_S_AXI_MIN_SIZE bound to: 31 - type: integer 
	Parameter C_USE_WSTRB bound to: 0 - type: integer 
	Parameter C_DPHASE_TIMEOUT bound to: 32 - type: integer 
	Parameter C_FAMILY bound to: zynquplus - type: string 
INFO: [Synth 8-638] synthesizing module 'address_decoder' [c:/Projects/Xilinx/DisplayPort/DisplayPort_1_4_ss2_1_rx_ex_v2020p1/hw/v_dp_rxss1_0_ex.srcs/sources_1/bd/dpss_zcu102_rx/ipshared/66ea/hdl/axi_lite_ipif_v3_0_vh_rfs.vhd:1775]
	Parameter C_BUS_AWIDTH bound to: 5 - type: integer 
	Parameter C_S_AXI_MIN_SIZE bound to: 31 - type: integer 
	Parameter C_ARD_ADDR_RANGE_ARRAY bound to: 128'b00000000000000000000000000000000000000000000000000000000000000000000000000000000000000000000000000000000000000000000000000011111 
	Parameter C_ARD_NUM_CE_ARRAY bound to: 32'b00000000000000000000000000001000 
	Parameter C_FAMILY bound to: nofamily - type: string 
INFO: [Synth 8-638] synthesizing module 'pselect_f' [c:/Projects/Xilinx/DisplayPort/DisplayPort_1_4_ss2_1_rx_ex_v2020p1/hw/v_dp_rxss1_0_ex.srcs/sources_1/bd/dpss_zcu102_rx/ipshared/66ea/hdl/axi_lite_ipif_v3_0_vh_rfs.vhd:1534]
	Parameter C_AB bound to: 3 - type: integer 
	Parameter C_AW bound to: 3 - type: integer 
	Parameter C_BAR bound to: 3'b000 
	Parameter C_FAMILY bound to: nofamily - type: string 
INFO: [Synth 8-256] done synthesizing module 'pselect_f' (8#1) [c:/Projects/Xilinx/DisplayPort/DisplayPort_1_4_ss2_1_rx_ex_v2020p1/hw/v_dp_rxss1_0_ex.srcs/sources_1/bd/dpss_zcu102_rx/ipshared/66ea/hdl/axi_lite_ipif_v3_0_vh_rfs.vhd:1534]
INFO: [Synth 8-638] synthesizing module 'pselect_f__parameterized0' [c:/Projects/Xilinx/DisplayPort/DisplayPort_1_4_ss2_1_rx_ex_v2020p1/hw/v_dp_rxss1_0_ex.srcs/sources_1/bd/dpss_zcu102_rx/ipshared/66ea/hdl/axi_lite_ipif_v3_0_vh_rfs.vhd:1534]
	Parameter C_AB bound to: 3 - type: integer 
	Parameter C_AW bound to: 3 - type: integer 
	Parameter C_BAR bound to: 3'b001 
	Parameter C_FAMILY bound to: nofamily - type: string 
INFO: [Synth 8-256] done synthesizing module 'pselect_f__parameterized0' (8#1) [c:/Projects/Xilinx/DisplayPort/DisplayPort_1_4_ss2_1_rx_ex_v2020p1/hw/v_dp_rxss1_0_ex.srcs/sources_1/bd/dpss_zcu102_rx/ipshared/66ea/hdl/axi_lite_ipif_v3_0_vh_rfs.vhd:1534]
INFO: [Synth 8-638] synthesizing module 'pselect_f__parameterized1' [c:/Projects/Xilinx/DisplayPort/DisplayPort_1_4_ss2_1_rx_ex_v2020p1/hw/v_dp_rxss1_0_ex.srcs/sources_1/bd/dpss_zcu102_rx/ipshared/66ea/hdl/axi_lite_ipif_v3_0_vh_rfs.vhd:1534]
	Parameter C_AB bound to: 3 - type: integer 
	Parameter C_AW bound to: 3 - type: integer 
	Parameter C_BAR bound to: 3'b010 
	Parameter C_FAMILY bound to: nofamily - type: string 
INFO: [Synth 8-256] done synthesizing module 'pselect_f__parameterized1' (8#1) [c:/Projects/Xilinx/DisplayPort/DisplayPort_1_4_ss2_1_rx_ex_v2020p1/hw/v_dp_rxss1_0_ex.srcs/sources_1/bd/dpss_zcu102_rx/ipshared/66ea/hdl/axi_lite_ipif_v3_0_vh_rfs.vhd:1534]
INFO: [Synth 8-638] synthesizing module 'pselect_f__parameterized2' [c:/Projects/Xilinx/DisplayPort/DisplayPort_1_4_ss2_1_rx_ex_v2020p1/hw/v_dp_rxss1_0_ex.srcs/sources_1/bd/dpss_zcu102_rx/ipshared/66ea/hdl/axi_lite_ipif_v3_0_vh_rfs.vhd:1534]
	Parameter C_AB bound to: 3 - type: integer 
	Parameter C_AW bound to: 3 - type: integer 
	Parameter C_BAR bound to: 3'b011 
	Parameter C_FAMILY bound to: nofamily - type: string 
INFO: [Synth 8-256] done synthesizing module 'pselect_f__parameterized2' (8#1) [c:/Projects/Xilinx/DisplayPort/DisplayPort_1_4_ss2_1_rx_ex_v2020p1/hw/v_dp_rxss1_0_ex.srcs/sources_1/bd/dpss_zcu102_rx/ipshared/66ea/hdl/axi_lite_ipif_v3_0_vh_rfs.vhd:1534]
INFO: [Synth 8-638] synthesizing module 'pselect_f__parameterized3' [c:/Projects/Xilinx/DisplayPort/DisplayPort_1_4_ss2_1_rx_ex_v2020p1/hw/v_dp_rxss1_0_ex.srcs/sources_1/bd/dpss_zcu102_rx/ipshared/66ea/hdl/axi_lite_ipif_v3_0_vh_rfs.vhd:1534]
	Parameter C_AB bound to: 3 - type: integer 
	Parameter C_AW bound to: 3 - type: integer 
	Parameter C_BAR bound to: 3'b100 
	Parameter C_FAMILY bound to: nofamily - type: string 
INFO: [Synth 8-256] done synthesizing module 'pselect_f__parameterized3' (8#1) [c:/Projects/Xilinx/DisplayPort/DisplayPort_1_4_ss2_1_rx_ex_v2020p1/hw/v_dp_rxss1_0_ex.srcs/sources_1/bd/dpss_zcu102_rx/ipshared/66ea/hdl/axi_lite_ipif_v3_0_vh_rfs.vhd:1534]
INFO: [Synth 8-638] synthesizing module 'pselect_f__parameterized4' [c:/Projects/Xilinx/DisplayPort/DisplayPort_1_4_ss2_1_rx_ex_v2020p1/hw/v_dp_rxss1_0_ex.srcs/sources_1/bd/dpss_zcu102_rx/ipshared/66ea/hdl/axi_lite_ipif_v3_0_vh_rfs.vhd:1534]
	Parameter C_AB bound to: 3 - type: integer 
	Parameter C_AW bound to: 3 - type: integer 
	Parameter C_BAR bound to: 3'b101 
	Parameter C_FAMILY bound to: nofamily - type: string 
INFO: [Synth 8-256] done synthesizing module 'pselect_f__parameterized4' (8#1) [c:/Projects/Xilinx/DisplayPort/DisplayPort_1_4_ss2_1_rx_ex_v2020p1/hw/v_dp_rxss1_0_ex.srcs/sources_1/bd/dpss_zcu102_rx/ipshared/66ea/hdl/axi_lite_ipif_v3_0_vh_rfs.vhd:1534]
INFO: [Synth 8-638] synthesizing module 'pselect_f__parameterized5' [c:/Projects/Xilinx/DisplayPort/DisplayPort_1_4_ss2_1_rx_ex_v2020p1/hw/v_dp_rxss1_0_ex.srcs/sources_1/bd/dpss_zcu102_rx/ipshared/66ea/hdl/axi_lite_ipif_v3_0_vh_rfs.vhd:1534]
	Parameter C_AB bound to: 3 - type: integer 
	Parameter C_AW bound to: 3 - type: integer 
	Parameter C_BAR bound to: 3'b110 
	Parameter C_FAMILY bound to: nofamily - type: string 
INFO: [Synth 8-256] done synthesizing module 'pselect_f__parameterized5' (8#1) [c:/Projects/Xilinx/DisplayPort/DisplayPort_1_4_ss2_1_rx_ex_v2020p1/hw/v_dp_rxss1_0_ex.srcs/sources_1/bd/dpss_zcu102_rx/ipshared/66ea/hdl/axi_lite_ipif_v3_0_vh_rfs.vhd:1534]
INFO: [Synth 8-638] synthesizing module 'pselect_f__parameterized6' [c:/Projects/Xilinx/DisplayPort/DisplayPort_1_4_ss2_1_rx_ex_v2020p1/hw/v_dp_rxss1_0_ex.srcs/sources_1/bd/dpss_zcu102_rx/ipshared/66ea/hdl/axi_lite_ipif_v3_0_vh_rfs.vhd:1534]
	Parameter C_AB bound to: 3 - type: integer 
	Parameter C_AW bound to: 3 - type: integer 
	Parameter C_BAR bound to: 3'b111 
	Parameter C_FAMILY bound to: nofamily - type: string 
INFO: [Synth 8-256] done synthesizing module 'pselect_f__parameterized6' (8#1) [c:/Projects/Xilinx/DisplayPort/DisplayPort_1_4_ss2_1_rx_ex_v2020p1/hw/v_dp_rxss1_0_ex.srcs/sources_1/bd/dpss_zcu102_rx/ipshared/66ea/hdl/axi_lite_ipif_v3_0_vh_rfs.vhd:1534]
INFO: [Synth 8-256] done synthesizing module 'address_decoder' (9#1) [c:/Projects/Xilinx/DisplayPort/DisplayPort_1_4_ss2_1_rx_ex_v2020p1/hw/v_dp_rxss1_0_ex.srcs/sources_1/bd/dpss_zcu102_rx/ipshared/66ea/hdl/axi_lite_ipif_v3_0_vh_rfs.vhd:1775]
INFO: [Synth 8-226] default block is never used [c:/Projects/Xilinx/DisplayPort/DisplayPort_1_4_ss2_1_rx_ex_v2020p1/hw/v_dp_rxss1_0_ex.srcs/sources_1/bd/dpss_zcu102_rx/ipshared/66ea/hdl/axi_lite_ipif_v3_0_vh_rfs.vhd:2550]
INFO: [Synth 8-256] done synthesizing module 'slave_attachment' (10#1) [c:/Projects/Xilinx/DisplayPort/DisplayPort_1_4_ss2_1_rx_ex_v2020p1/hw/v_dp_rxss1_0_ex.srcs/sources_1/bd/dpss_zcu102_rx/ipshared/66ea/hdl/axi_lite_ipif_v3_0_vh_rfs.vhd:2341]
INFO: [Synth 8-256] done synthesizing module 'axi_lite_ipif' (11#1) [c:/Projects/Xilinx/DisplayPort/DisplayPort_1_4_ss2_1_rx_ex_v2020p1/hw/v_dp_rxss1_0_ex.srcs/sources_1/bd/dpss_zcu102_rx/ipshared/66ea/hdl/axi_lite_ipif_v3_0_vh_rfs.vhd:2948]
INFO: [Synth 8-256] done synthesizing module 'axi_timer' (12#1) [c:/Projects/Xilinx/DisplayPort/DisplayPort_1_4_ss2_1_rx_ex_v2020p1/hw/v_dp_rxss1_0_ex.srcs/sources_1/bd/dpss_zcu102_rx/ipshared/eb71/hdl/axi_timer_v2_0_vh_rfs.vhd:2143]
INFO: [Synth 8-256] done synthesizing module 'dpss_zcu102_rx_axi_timer_0_0' (13#1) [c:/Projects/Xilinx/DisplayPort/DisplayPort_1_4_ss2_1_rx_ex_v2020p1/hw/v_dp_rxss1_0_ex.srcs/sources_1/bd/dpss_zcu102_rx/ip/dpss_zcu102_rx_axi_timer_0_0/synth/dpss_zcu102_rx_axi_timer_0_0.vhd:90]
---------------------------------------------------------------------------------
Finished RTL Elaboration : Time (s): cpu = 00:00:09 ; elapsed = 00:00:10 . Memory (MB): peak = 1618.457 ; gain = 150.133
---------------------------------------------------------------------------------
---------------------------------------------------------------------------------
Start Handling Custom Attributes
---------------------------------------------------------------------------------
---------------------------------------------------------------------------------
Finished Handling Custom Attributes : Time (s): cpu = 00:00:10 ; elapsed = 00:00:11 . Memory (MB): peak = 1636.383 ; gain = 168.059
---------------------------------------------------------------------------------
---------------------------------------------------------------------------------
Finished RTL Optimization Phase 1 : Time (s): cpu = 00:00:10 ; elapsed = 00:00:11 . Memory (MB): peak = 1636.383 ; gain = 168.059
---------------------------------------------------------------------------------
Netlist sorting complete. Time (s): cpu = 00:00:00 ; elapsed = 00:00:00.048 . Memory (MB): peak = 1648.441 ; gain = 0.000
INFO: [Netlist 29-17] Analyzing 108 Unisim elements for replacement
INFO: [Netlist 29-28] Unisim Transformation completed in 0 CPU seconds
INFO: [Project 1-570] Preparing netlist for logic optimization

Processing XDC Constraints
Initializing timing engine
Parsing XDC File [c:/Projects/Xilinx/DisplayPort/DisplayPort_1_4_ss2_1_rx_ex_v2020p1/hw/v_dp_rxss1_0_ex.srcs/sources_1/bd/dpss_zcu102_rx/ip/dpss_zcu102_rx_axi_timer_0_0/dpss_zcu102_rx_axi_timer_0_0_ooc.xdc] for cell 'U0'
create_clock: Time (s): cpu = 00:00:05 ; elapsed = 00:00:05 . Memory (MB): peak = 1763.418 ; gain = 3.984
Finished Parsing XDC File [c:/Projects/Xilinx/DisplayPort/DisplayPort_1_4_ss2_1_rx_ex_v2020p1/hw/v_dp_rxss1_0_ex.srcs/sources_1/bd/dpss_zcu102_rx/ip/dpss_zcu102_rx_axi_timer_0_0/dpss_zcu102_rx_axi_timer_0_0_ooc.xdc] for cell 'U0'
Parsing XDC File [c:/Projects/Xilinx/DisplayPort/DisplayPort_1_4_ss2_1_rx_ex_v2020p1/hw/v_dp_rxss1_0_ex.srcs/sources_1/bd/dpss_zcu102_rx/ip/dpss_zcu102_rx_axi_timer_0_0/dpss_zcu102_rx_axi_timer_0_0.xdc] for cell 'U0'
Finished Parsing XDC File [c:/Projects/Xilinx/DisplayPort/DisplayPort_1_4_ss2_1_rx_ex_v2020p1/hw/v_dp_rxss1_0_ex.srcs/sources_1/bd/dpss_zcu102_rx/ip/dpss_zcu102_rx_axi_timer_0_0/dpss_zcu102_rx_axi_timer_0_0.xdc] for cell 'U0'
Parsing XDC File [C:/Projects/Xilinx/DisplayPort/DisplayPort_1_4_ss2_1_rx_ex_v2020p1/hw/v_dp_rxss1_0_ex.runs/dpss_zcu102_rx_axi_timer_0_0_synth_1/dont_touch.xdc]
Finished Parsing XDC File [C:/Projects/Xilinx/DisplayPort/DisplayPort_1_4_ss2_1_rx_ex_v2020p1/hw/v_dp_rxss1_0_ex.runs/dpss_zcu102_rx_axi_timer_0_0_synth_1/dont_touch.xdc]
Completed Processing XDC Constraints

Netlist sorting complete. Time (s): cpu = 00:00:00 ; elapsed = 00:00:00 . Memory (MB): peak = 1763.418 ; gain = 0.000
INFO: [Project 1-111] Unisim Transformation Summary:
  A total of 44 instances were transformed.
  FDR => FDRE: 18 instances
  FDRS => FDRS (FDRE, LUT2, VCC): 1 instance 
  FDRSE => FDRSE (FDRE, LUT4, VCC): 25 instances

Constraint Validation Runtime : Time (s): cpu = 00:00:00 ; elapsed = 00:00:00.049 . Memory (MB): peak = 1763.418 ; gain = 0.000
---------------------------------------------------------------------------------
Finished Constraint Validation : Time (s): cpu = 00:00:27 ; elapsed = 00:00:29 . Memory (MB): peak = 1763.418 ; gain = 295.094
---------------------------------------------------------------------------------
---------------------------------------------------------------------------------
Start Loading Part and Timing Information
---------------------------------------------------------------------------------
Loading part: xczu9eg-ffvb1156-2-e
INFO: [Synth 8-6742] Reading net delay rules and data
---------------------------------------------------------------------------------
Finished Loading Part and Timing Information : Time (s): cpu = 00:00:27 ; elapsed = 00:00:29 . Memory (MB): peak = 1763.418 ; gain = 295.094
---------------------------------------------------------------------------------
---------------------------------------------------------------------------------
Start Applying 'set_property' XDC Constraints
---------------------------------------------------------------------------------
Applied set_property DONT_TOUCH = true for U0. (constraint file  C:/Projects/Xilinx/DisplayPort/DisplayPort_1_4_ss2_1_rx_ex_v2020p1/hw/v_dp_rxss1_0_ex.runs/dpss_zcu102_rx_axi_timer_0_0_synth_1/dont_touch.xdc, line 9).
---------------------------------------------------------------------------------
Finished applying 'set_property' XDC Constraints : Time (s): cpu = 00:00:27 ; elapsed = 00:00:29 . Memory (MB): peak = 1763.418 ; gain = 295.094
---------------------------------------------------------------------------------
INFO: [Synth 8-802] inferred FSM for state register 'state_reg' in module 'slave_attachment'
---------------------------------------------------------------------------------------------------
                   State |                     New Encoding |                Previous Encoding 
---------------------------------------------------------------------------------------------------
                 iSTATE2 |                             0001 |                               00
                  iSTATE |                             0010 |                               01
                 iSTATE0 |                             0100 |                               10
                 iSTATE1 |                             1000 |                               11
---------------------------------------------------------------------------------------------------
INFO: [Synth 8-3354] encoded FSM with state register 'state_reg' using encoding 'one-hot' in module 'slave_attachment'
---------------------------------------------------------------------------------
Finished RTL Optimization Phase 2 : Time (s): cpu = 00:00:28 ; elapsed = 00:00:31 . Memory (MB): peak = 1763.418 ; gain = 295.094
---------------------------------------------------------------------------------
---------------------------------------------------------------------------------
Start RTL Component Statistics 
---------------------------------------------------------------------------------
Detailed RTL Component Info : 
+---Adders : 
	   2 Input   33 Bit       Adders := 2     
	   2 Input    6 Bit       Adders := 1     
+---Registers : 
	               33 Bit    Registers := 2     
	               32 Bit    Registers := 1     
	                6 Bit    Registers := 1     
	                5 Bit    Registers := 1     
	                2 Bit    Registers := 4     
	                1 Bit    Registers := 29    
+---Muxes : 
	   3 Input   33 Bit        Muxes := 2     
	   2 Input   33 Bit        Muxes := 2     
	   2 Input   32 Bit        Muxes := 2     
	   2 Input   12 Bit        Muxes := 1     
	   2 Input   11 Bit        Muxes := 1     
	   2 Input    9 Bit        Muxes := 3     
	   3 Input    9 Bit        Muxes := 1     
	   2 Input    5 Bit        Muxes := 1     
	   4 Input    4 Bit        Muxes := 1     
	   2 Input    4 Bit        Muxes := 5     
	   7 Input    2 Bit        Muxes := 1     
	   2 Input    2 Bit        Muxes := 2     
	   2 Input    1 Bit        Muxes := 24    
	   4 Input    1 Bit        Muxes := 3     
---------------------------------------------------------------------------------
Finished RTL Component Statistics 
---------------------------------------------------------------------------------
---------------------------------------------------------------------------------
Start Part Resource Summary
---------------------------------------------------------------------------------
Part Resources:
DSPs: 2520 (col length:168)
BRAMs: 1824 (col length: RAMB18 168 RAMB36 84)
---------------------------------------------------------------------------------
Finished Part Resource Summary
---------------------------------------------------------------------------------
---------------------------------------------------------------------------------
Start Cross Boundary and Area Optimization
---------------------------------------------------------------------------------
---------------------------------------------------------------------------------
Finished Cross Boundary and Area Optimization : Time (s): cpu = 00:00:34 ; elapsed = 00:00:37 . Memory (MB): peak = 1763.418 ; gain = 295.094
---------------------------------------------------------------------------------
---------------------------------------------------------------------------------
Start Applying XDC Timing Constraints
---------------------------------------------------------------------------------
---------------------------------------------------------------------------------
Finished Applying XDC Timing Constraints : Time (s): cpu = 00:00:53 ; elapsed = 00:00:57 . Memory (MB): peak = 2297.941 ; gain = 829.617
---------------------------------------------------------------------------------
---------------------------------------------------------------------------------
Start Timing Optimization
---------------------------------------------------------------------------------
---------------------------------------------------------------------------------
Finished Timing Optimization : Time (s): cpu = 00:00:54 ; elapsed = 00:00:59 . Memory (MB): peak = 2334.180 ; gain = 865.855
---------------------------------------------------------------------------------
---------------------------------------------------------------------------------
Start Technology Mapping
---------------------------------------------------------------------------------
---------------------------------------------------------------------------------
Finished Technology Mapping : Time (s): cpu = 00:00:55 ; elapsed = 00:01:00 . Memory (MB): peak = 2338.871 ; gain = 870.547
---------------------------------------------------------------------------------
---------------------------------------------------------------------------------
Start IO Insertion
---------------------------------------------------------------------------------
---------------------------------------------------------------------------------
Start Flattening Before IO Insertion
---------------------------------------------------------------------------------
---------------------------------------------------------------------------------
Finished Flattening Before IO Insertion
---------------------------------------------------------------------------------
---------------------------------------------------------------------------------
Start Final Netlist Cleanup
---------------------------------------------------------------------------------
---------------------------------------------------------------------------------
Finished Final Netlist Cleanup
---------------------------------------------------------------------------------
---------------------------------------------------------------------------------
Finished IO Insertion : Time (s): cpu = 00:01:01 ; elapsed = 00:01:06 . Memory (MB): peak = 2342.637 ; gain = 874.312
---------------------------------------------------------------------------------
---------------------------------------------------------------------------------
Start Renaming Generated Instances
---------------------------------------------------------------------------------
---------------------------------------------------------------------------------
Finished Renaming Generated Instances : Time (s): cpu = 00:01:01 ; elapsed = 00:01:06 . Memory (MB): peak = 2342.637 ; gain = 874.312
---------------------------------------------------------------------------------
---------------------------------------------------------------------------------
Start Rebuilding User Hierarchy
---------------------------------------------------------------------------------
---------------------------------------------------------------------------------
Finished Rebuilding User Hierarchy : Time (s): cpu = 00:01:02 ; elapsed = 00:01:06 . Memory (MB): peak = 2342.637 ; gain = 874.312
---------------------------------------------------------------------------------
---------------------------------------------------------------------------------
Start Renaming Generated Ports
---------------------------------------------------------------------------------
---------------------------------------------------------------------------------
Finished Renaming Generated Ports : Time (s): cpu = 00:01:02 ; elapsed = 00:01:06 . Memory (MB): peak = 2342.637 ; gain = 874.312
---------------------------------------------------------------------------------
---------------------------------------------------------------------------------
Start Handling Custom Attributes
---------------------------------------------------------------------------------
---------------------------------------------------------------------------------
Finished Handling Custom Attributes : Time (s): cpu = 00:01:02 ; elapsed = 00:01:07 . Memory (MB): peak = 2342.637 ; gain = 874.312
---------------------------------------------------------------------------------
---------------------------------------------------------------------------------
Start Renaming Generated Nets
---------------------------------------------------------------------------------
---------------------------------------------------------------------------------
Finished Renaming Generated Nets : Time (s): cpu = 00:01:02 ; elapsed = 00:01:07 . Memory (MB): peak = 2342.637 ; gain = 874.312
---------------------------------------------------------------------------------
---------------------------------------------------------------------------------
Start Writing Synthesis Report
---------------------------------------------------------------------------------

Report BlackBoxes: 
+-+--------------+----------+
| |BlackBox name |Instances |
+-+--------------+----------+
+-+--------------+----------+

Report Cell Usage: 
+------+-------+------+
|      |Cell   |Count |
+------+-------+------+
|1     |CARRY8 |     8|
|2     |LUT1   |     6|
|3     |LUT2   |    85|
|4     |LUT3   |   103|
|5     |LUT4   |    79|
|6     |LUT5   |    20|
|7     |LUT6   |    64|
|8     |MUXCY  |    64|
|9     |FDR    |    12|
|10    |FDRE   |   231|
|11    |FDSE   |     1|
+------+-------+------+
---------------------------------------------------------------------------------
Finished Writing Synthesis Report : Time (s): cpu = 00:01:02 ; elapsed = 00:01:07 . Memory (MB): peak = 2342.637 ; gain = 874.312
---------------------------------------------------------------------------------
Synthesis finished with 0 errors, 0 critical warnings and 0 warnings.
Synthesis Optimization Runtime : Time (s): cpu = 00:00:43 ; elapsed = 00:00:57 . Memory (MB): peak = 2342.637 ; gain = 747.277
Synthesis Optimization Complete : Time (s): cpu = 00:01:02 ; elapsed = 00:01:07 . Memory (MB): peak = 2342.637 ; gain = 874.312
INFO: [Project 1-571] Translating synthesized netlist
Netlist sorting complete. Time (s): cpu = 00:00:00 ; elapsed = 00:00:00.056 . Memory (MB): peak = 2342.637 ; gain = 0.000
INFO: [Netlist 29-17] Analyzing 84 Unisim elements for replacement
INFO: [Netlist 29-28] Unisim Transformation completed in 0 CPU seconds
INFO: [Project 1-570] Preparing netlist for logic optimization
INFO: [Opt 31-138] Pushed 0 inverter(s) to 0 load pin(s).
Netlist sorting complete. Time (s): cpu = 00:00:00 ; elapsed = 00:00:00 . Memory (MB): peak = 2376.742 ; gain = 0.000
INFO: [Project 1-111] Unisim Transformation Summary:
  A total of 44 instances were transformed.
  (CARRY4) => CARRY8: 32 instances
  FDR => FDRE: 12 instances

INFO: [Common 17-83] Releasing license: Synthesis
189 Infos, 0 Warnings, 0 Critical Warnings and 0 Errors encountered.
synth_design completed successfully
synth_design: Time (s): cpu = 00:01:15 ; elapsed = 00:01:23 . Memory (MB): peak = 2376.742 ; gain = 1339.965
INFO: [Common 17-1381] The checkpoint 'C:/Projects/Xilinx/DisplayPort/DisplayPort_1_4_ss2_1_rx_ex_v2020p1/hw/v_dp_rxss1_0_ex.runs/dpss_zcu102_rx_axi_timer_0_0_synth_1/dpss_zcu102_rx_axi_timer_0_0.dcp' has been generated.
WARNING: [Common 17-576] 'use_project_ipc' is deprecated. This option is deprecated and no longer used.
INFO: [Coretcl 2-1648] Added synthesis output to IP cache for IP dpss_zcu102_rx_axi_timer_0_0, cache-ID = 1a58bc59afcae87e
INFO: [Coretcl 2-1174] Renamed 20 cell refs.
INFO: [Common 17-1381] The checkpoint 'C:/Projects/Xilinx/DisplayPort/DisplayPort_1_4_ss2_1_rx_ex_v2020p1/hw/v_dp_rxss1_0_ex.runs/dpss_zcu102_rx_axi_timer_0_0_synth_1/dpss_zcu102_rx_axi_timer_0_0.dcp' has been generated.
INFO: [runtcl-4] Executing : report_utilization -file dpss_zcu102_rx_axi_timer_0_0_utilization_synth.rpt -pb dpss_zcu102_rx_axi_timer_0_0_utilization_synth.pb
INFO: [Common 17-206] Exiting Vivado at Wed Apr  7 18:46:22 2021...
