Copyright 1986-2020 Xilinx, Inc. All Rights Reserved.
-----------------------------------------------------------------------------------------------------------------------------------------------------
| Tool Version : Vivado v.2020.1 (win64) Build 2902540 Wed May 27 19:54:49 MDT 2020
| Date         : Wed Apr  7 18:52:33 2021
| Host         : DESKTOP-LB2DFM9 running 64-bit major release  (build 9200)
| Command      : report_utilization -file dpss_zcu102_rx_system_ila_1_0_utilization_synth.rpt -pb dpss_zcu102_rx_system_ila_1_0_utilization_synth.pb
| Design       : dpss_zcu102_rx_system_ila_1_0
| Device       : xczu9egffvb1156-2
| Design State : Synthesized
-----------------------------------------------------------------------------------------------------------------------------------------------------

Utilization Design Information

Table of Contents
-----------------
1. CLB Logic
1.1 Summary of Registers by Type
2. BLOCKRAM
3. ARITHMETIC
4. I/O
5. CLOCK
6. ADVANCED
7. CONFIGURATION
8. Primitives
9. Black Boxes
10. Instantiated Netlists

1. CLB Logic
------------

+----------------------------+------+-------+-----------+-------+
|          Site Type         | Used | Fixed | Available | Util% |
+----------------------------+------+-------+-----------+-------+
| CLB LUTs*                  |  850 |     0 |    274080 |  0.31 |
|   LUT as Logic             |  715 |     0 |    274080 |  0.26 |
|   LUT as Memory            |  135 |     0 |    144000 |  0.09 |
|     LUT as Distributed RAM |    0 |     0 |           |       |
|     LUT as Shift Register  |  135 |     0 |           |       |
| CLB Registers              | 1424 |     0 |    548160 |  0.26 |
|   Register as Flip Flop    | 1424 |     0 |    548160 |  0.26 |
|   Register as Latch        |    0 |     0 |    548160 |  0.00 |
| CARRY8                     |   14 |     0 |     34260 |  0.04 |
| F7 Muxes                   |   13 |     0 |    137040 | <0.01 |
| F8 Muxes                   |    0 |     0 |     68520 |  0.00 |
| F9 Muxes                   |    0 |     0 |     34260 |  0.00 |
+----------------------------+------+-------+-----------+-------+
* Warning! The Final LUT count, after physical optimizations and full implementation, is typically lower. Run opt_design after synthesis, if not already completed, for a more realistic count.


1.1 Summary of Registers by Type
--------------------------------

+-------+--------------+-------------+--------------+
| Total | Clock Enable | Synchronous | Asynchronous |
+-------+--------------+-------------+--------------+
| 0     |            _ |           - |            - |
| 0     |            _ |           - |          Set |
| 0     |            _ |           - |        Reset |
| 0     |            _ |         Set |            - |
| 0     |            _ |       Reset |            - |
| 0     |          Yes |           - |            - |
| 0     |          Yes |           - |          Set |
| 0     |          Yes |           - |        Reset |
| 10    |          Yes |         Set |            - |
| 1414  |          Yes |       Reset |            - |
+-------+--------------+-------------+--------------+


2. BLOCKRAM
-----------

+-------------------+------+-------+-----------+-------+
|     Site Type     | Used | Fixed | Available | Util% |
+-------------------+------+-------+-----------+-------+
| Block RAM Tile    |  1.5 |     0 |       912 |  0.16 |
|   RAMB36/FIFO*    |    1 |     0 |       912 |  0.11 |
|     RAMB36E2 only |    1 |       |           |       |
|   RAMB18          |    1 |     0 |      1824 |  0.05 |
|     RAMB18E2 only |    1 |       |           |       |
+-------------------+------+-------+-----------+-------+
* Note: Each Block RAM Tile only has one FIFO logic available and therefore can accommodate only one FIFO36E2 or one FIFO18E2. However, if a FIFO18E2 occupies a Block RAM Tile, that tile can still accommodate a RAMB18E2


3. ARITHMETIC
-------------

+-----------+------+-------+-----------+-------+
| Site Type | Used | Fixed | Available | Util% |
+-----------+------+-------+-----------+-------+
| DSPs      |    0 |     0 |      2520 |  0.00 |
+-----------+------+-------+-----------+-------+


4. I/O
------

+------------+------+-------+-----------+-------+
|  Site Type | Used | Fixed | Available | Util% |
+------------+------+-------+-----------+-------+
| Bonded IOB |    0 |     0 |       328 |  0.00 |
+------------+------+-------+-----------+-------+


5. CLOCK
--------

+----------------------+------+-------+-----------+-------+
|       Site Type      | Used | Fixed | Available | Util% |
+----------------------+------+-------+-----------+-------+
| GLOBAL CLOCK BUFFERs |    0 |     0 |       404 |  0.00 |
|   BUFGCE             |    0 |     0 |       116 |  0.00 |
|   BUFGCE_DIV         |    0 |     0 |        16 |  0.00 |
|   BUFG_GT            |    0 |     0 |       168 |  0.00 |
|   BUFG_PS            |    0 |     0 |        72 |  0.00 |
|   BUFGCTRL*          |    0 |     0 |        32 |  0.00 |
| PLL                  |    0 |     0 |         8 |  0.00 |
| MMCM                 |    0 |     0 |         4 |  0.00 |
+----------------------+------+-------+-----------+-------+
* Note: Each used BUFGCTRL counts as two GLOBAL CLOCK BUFFERs. This table does not include global clocking resources, only buffer cell usage. See the Clock Utilization Report (report_clock_utilization) for detailed accounting of global clocking resource availability.


6. ADVANCED
-----------

+-----------------+------+-------+-----------+-------+
|    Site Type    | Used | Fixed | Available | Util% |
+-----------------+------+-------+-----------+-------+
| GTHE4_CHANNEL   |    0 |     0 |        24 |  0.00 |
| GTHE4_COMMON    |    0 |     0 |         6 |  0.00 |
| OBUFDS_GTE4     |    0 |     0 |        12 |  0.00 |
| OBUFDS_GTE4_ADV |    0 |     0 |        12 |  0.00 |
| PS8             |    0 |     0 |         1 |  0.00 |
| SYSMONE4        |    0 |     0 |         1 |  0.00 |
+-----------------+------+-------+-----------+-------+


7. CONFIGURATION
----------------

+-------------+------+-------+-----------+-------+
|  Site Type  | Used | Fixed | Available | Util% |
+-------------+------+-------+-----------+-------+
| BSCANE2     |    0 |     0 |         4 |  0.00 |
| DNA_PORTE2  |    0 |     0 |         1 |  0.00 |
| EFUSE_USR   |    0 |     0 |         1 |  0.00 |
| FRAME_ECCE4 |    0 |     0 |         1 |  0.00 |
| ICAPE3      |    0 |     0 |         2 |  0.00 |
| MASTER_JTAG |    0 |     0 |         1 |  0.00 |
| STARTUPE3   |    0 |     0 |         1 |  0.00 |
+-------------+------+-------+-----------+-------+


8. Primitives
-------------

+----------+------+---------------------+
| Ref Name | Used | Functional Category |
+----------+------+---------------------+
| FDRE     | 1414 |            Register |
| LUT6     |  381 |                 CLB |
| LUT5     |  127 |                 CLB |
| LUT4     |  112 |                 CLB |
| LUT3     |  112 |                 CLB |
| SRL16E   |  107 |                 CLB |
| SRLC32E  |   86 |                 CLB |
| LUT2     |   47 |                 CLB |
| LUT1     |   35 |                 CLB |
| CARRY8   |   14 |                 CLB |
| MUXF7    |   13 |                 CLB |
| FDSE     |   10 |            Register |
| SRLC16E  |    2 |                 CLB |
| RAMB36E2 |    1 |           Block Ram |
| RAMB18E2 |    1 |           Block Ram |
+----------+------+---------------------+


9. Black Boxes
--------------

+----------+------+
| Ref Name | Used |
+----------+------+


10. Instantiated Netlists
-------------------------

+----------+------+
| Ref Name | Used |
+----------+------+


