
*** Running vivado
    with args -log dpss_zcu102_rx_xbar_1.vds -m64 -product Vivado -mode batch -messageDb vivado.pb -notrace -source dpss_zcu102_rx_xbar_1.tcl



****** Vivado v2020.1 (64-bit)
  **** SW Build 2902540 on Wed May 27 19:54:49 MDT 2020
  **** IP Build 2902112 on Wed May 27 22:43:36 MDT 2020
    ** Copyright 1986-2020 Xilinx, Inc. All Rights Reserved.

source dpss_zcu102_rx_xbar_1.tcl -notrace
Command: synth_design -top dpss_zcu102_rx_xbar_1 -part xczu9eg-ffvb1156-2-e -mode out_of_context
Starting synth_design
Attempting to get a license for feature 'Synthesis' and/or device 'xczu9eg'
INFO: [Common 17-349] Got license for feature 'Synthesis' and/or device 'xczu9eg'
INFO: [Device 21-403] Loading part xczu9eg-ffvb1156-2-e
INFO: [Synth 8-7079] Multithreading enabled for synth_design using a maximum of 2 processes.
INFO: [Synth 8-7078] Launching helper process for spawning children vivado processes
INFO: [Synth 8-7075] Helper process launched with PID 28476

*** Running vivado
    with args -log dpss_zcu102_rx_xbar_1.vds -m64 -product Vivado -mode batch -messageDb vivado.pb -notrace -source dpss_zcu102_rx_xbar_1.tcl



****** Vivado v2020.1 (64-bit)
  **** SW Build 2902540 on Wed May 27 19:54:49 MDT 2020
  **** IP Build 2902112 on Wed May 27 22:43:36 MDT 2020
    ** Copyright 1986-2020 Xilinx, Inc. All Rights Reserved.

source dpss_zcu102_rx_xbar_1.tcl -notrace
Command: synth_design -top dpss_zcu102_rx_xbar_1 -part xczu9eg-ffvb1156-2-e -mode out_of_context
Starting synth_design
Attempting to get a license for feature 'Synthesis' and/or device 'xczu9eg'
INFO: [Common 17-349] Got license for feature 'Synthesis' and/or device 'xczu9eg'
INFO: [Device 21-403] Loading part xczu9eg-ffvb1156-2-e
INFO: [Synth 8-7079] Multithreading enabled for synth_design using a maximum of 2 processes.
INFO: [Synth 8-7078] Launching helper process for spawning children vivado processes
INFO: [Synth 8-7075] Helper process launched with PID 28468
---------------------------------------------------------------------------------
Starting RTL Elaboration : Time (s): cpu = 00:00:08 ; elapsed = 00:00:09 . Memory (MB): peak = 1558.770 ; gain = 82.934
---------------------------------------------------------------------------------
INFO: [Synth 8-6157] synthesizing module 'dpss_zcu102_rx_xbar_1' [c:/Projects/Xilinx/DisplayPort/DisplayPort_1_4_ss2_1_rx_ex_v2020p1/hw/v_dp_rxss1_0_ex.srcs/sources_1/bd/dpss_zcu102_rx/ip/dpss_zcu102_rx_xbar_1/synth/dpss_zcu102_rx_xbar_1.v:59]
INFO: [Synth 8-6157] synthesizing module 'axi_crossbar_v2_1_22_axi_crossbar' [c:/Projects/Xilinx/DisplayPort/DisplayPort_1_4_ss2_1_rx_ex_v2020p1/hw/v_dp_rxss1_0_ex.srcs/sources_1/bd/dpss_zcu102_rx/ipshared/b68e/hdl/axi_crossbar_v2_1_vl_rfs.v:4884]
	Parameter C_FAMILY bound to: zynquplus - type: string 
	Parameter C_NUM_SLAVE_SLOTS bound to: 1 - type: integer 
	Parameter C_NUM_MASTER_SLOTS bound to: 2 - type: integer 
	Parameter C_AXI_ID_WIDTH bound to: 17 - type: integer 
	Parameter C_AXI_ADDR_WIDTH bound to: 40 - type: integer 
	Parameter C_AXI_DATA_WIDTH bound to: 128 - type: integer 
	Parameter C_AXI_PROTOCOL bound to: 0 - type: integer 
	Parameter C_NUM_ADDR_RANGES bound to: 1 - type: integer 
	Parameter C_M_AXI_BASE_ADDR bound to: 128'b11111111111111111111111111111111111111111111111111111111111111110000000000000000000000000000010000000000000000000000000000000000 
	Parameter C_M_AXI_ADDR_WIDTH bound to: 64'b0000000000000000000000000000000000000000000000000000000000011101 
	Parameter C_S_AXI_BASE_ID bound to: 0 - type: integer 
	Parameter C_S_AXI_THREAD_ID_WIDTH bound to: 17 - type: integer 
	Parameter C_AXI_SUPPORTS_USER_SIGNALS bound to: 1 - type: integer 
	Parameter C_AXI_AWUSER_WIDTH bound to: 16 - type: integer 
	Parameter C_AXI_ARUSER_WIDTH bound to: 16 - type: integer 
	Parameter C_AXI_WUSER_WIDTH bound to: 1 - type: integer 
	Parameter C_AXI_RUSER_WIDTH bound to: 1 - type: integer 
	Parameter C_AXI_BUSER_WIDTH bound to: 1 - type: integer 
	Parameter C_M_AXI_WRITE_CONNECTIVITY bound to: 64'b1111111111111111111111111111111111111111111111111111111111111111 
	Parameter C_M_AXI_READ_CONNECTIVITY bound to: 64'b1111111111111111111111111111111111111111111111111111111111111111 
	Parameter C_R_REGISTER bound to: 0 - type: integer 
	Parameter C_S_AXI_SINGLE_THREAD bound to: 0 - type: integer 
	Parameter C_S_AXI_WRITE_ACCEPTANCE bound to: 8 - type: integer 
	Parameter C_S_AXI_READ_ACCEPTANCE bound to: 8 - type: integer 
	Parameter C_M_AXI_WRITE_ISSUING bound to: 64'b0000000000000000000000000000100000000000000000000000000000001000 
	Parameter C_M_AXI_READ_ISSUING bound to: 64'b0000000000000000000000000000100000000000000000000000000000001000 
	Parameter C_S_AXI_ARB_PRIORITY bound to: 0 - type: integer 
	Parameter C_M_AXI_SECURE bound to: 64'b0000000000000000000000000000000000000000000000000000000000000000 
	Parameter C_CONNECTIVITY_MODE bound to: 1 - type: integer 
	Parameter P_ONES bound to: 65'b11111111111111111111111111111111111111111111111111111111111111111 
	Parameter P_S_AXI_BASE_ID bound to: 64'b0000000000000000000000000000000000000000000000000000000000000000 
	Parameter P_S_AXI_HIGH_ID bound to: 64'b0000000000000000000000000000000000000000000000011111111111111111 
	Parameter P_AXI4 bound to: 0 - type: integer 
	Parameter P_AXI3 bound to: 1 - type: integer 
	Parameter P_AXILITE bound to: 2 - type: integer 
	Parameter P_AXILITE_SIZE bound to: 3'b010 
	Parameter P_INCR bound to: 2'b01 
	Parameter P_M_AXI_SUPPORTS_WRITE bound to: 2'b11 
	Parameter P_M_AXI_SUPPORTS_READ bound to: 2'b11 
	Parameter P_S_AXI_SUPPORTS_WRITE bound to: 1'b1 
	Parameter P_S_AXI_SUPPORTS_READ bound to: 1'b1 
	Parameter C_DEBUG bound to: 1 - type: integer 
	Parameter P_RANGE_CHECK bound to: 1 - type: integer 
	Parameter P_ADDR_DECODE bound to: 1 - type: integer 
	Parameter P_M_AXI_ERR_MODE bound to: 64'b0000000000000000000000000000000000000000000000000000000000000000 
	Parameter P_LEN bound to: 8 - type: integer 
	Parameter P_LOCK bound to: 1 - type: integer 
	Parameter P_FAMILY bound to: rtl - type: string 
INFO: [Synth 8-6157] synthesizing module 'axi_crossbar_v2_1_22_crossbar' [c:/Projects/Xilinx/DisplayPort/DisplayPort_1_4_ss2_1_rx_ex_v2020p1/hw/v_dp_rxss1_0_ex.srcs/sources_1/bd/dpss_zcu102_rx/ipshared/b68e/hdl/axi_crossbar_v2_1_vl_rfs.v:2239]
	Parameter C_FAMILY bound to: rtl - type: string 
	Parameter C_NUM_SLAVE_SLOTS bound to: 1 - type: integer 
	Parameter C_NUM_MASTER_SLOTS bound to: 2 - type: integer 
	Parameter C_NUM_ADDR_RANGES bound to: 1 - type: integer 
	Parameter C_AXI_ID_WIDTH bound to: 17 - type: integer 
	Parameter C_AXI_ADDR_WIDTH bound to: 40 - type: integer 
	Parameter C_AXI_DATA_WIDTH bound to: 128 - type: integer 
	Parameter C_AXI_PROTOCOL bound to: 0 - type: integer 
	Parameter C_M_AXI_BASE_ADDR bound to: 128'b11111111111111111111111111111111111111111111111111111111111111110000000000000000000000000000010000000000000000000000000000000000 
	Parameter C_M_AXI_HIGH_ADDR bound to: 128'b00000000000000000000000000000000000000000000000000000000000000000000000000000000000000000000010000011111111111111111111111111111 
	Parameter C_S_AXI_BASE_ID bound to: 64'b0000000000000000000000000000000000000000000000000000000000000000 
	Parameter C_S_AXI_HIGH_ID bound to: 64'b0000000000000000000000000000000000000000000000011111111111111111 
	Parameter C_S_AXI_THREAD_ID_WIDTH bound to: 17 - type: integer 
	Parameter C_AXI_SUPPORTS_USER_SIGNALS bound to: 1 - type: integer 
	Parameter C_AXI_AWUSER_WIDTH bound to: 16 - type: integer 
	Parameter C_AXI_ARUSER_WIDTH bound to: 16 - type: integer 
	Parameter C_AXI_WUSER_WIDTH bound to: 1 - type: integer 
	Parameter C_AXI_RUSER_WIDTH bound to: 1 - type: integer 
	Parameter C_AXI_BUSER_WIDTH bound to: 1 - type: integer 
	Parameter C_S_AXI_SUPPORTS_WRITE bound to: 1'b1 
	Parameter C_S_AXI_SUPPORTS_READ bound to: 1'b1 
	Parameter C_M_AXI_SUPPORTS_WRITE bound to: 2'b11 
	Parameter C_M_AXI_SUPPORTS_READ bound to: 2'b11 
	Parameter C_M_AXI_WRITE_CONNECTIVITY bound to: 64'b1111111111111111111111111111111111111111111111111111111111111111 
	Parameter C_M_AXI_READ_CONNECTIVITY bound to: 64'b1111111111111111111111111111111111111111111111111111111111111111 
	Parameter C_S_AXI_SINGLE_THREAD bound to: 0 - type: integer 
	Parameter C_S_AXI_WRITE_ACCEPTANCE bound to: 8 - type: integer 
	Parameter C_S_AXI_READ_ACCEPTANCE bound to: 8 - type: integer 
	Parameter C_M_AXI_WRITE_ISSUING bound to: 64'b0000000000000000000000000000100000000000000000000000000000001000 
	Parameter C_M_AXI_READ_ISSUING bound to: 64'b0000000000000000000000000000100000000000000000000000000000001000 
	Parameter C_S_AXI_ARB_PRIORITY bound to: 0 - type: integer 
	Parameter C_M_AXI_SECURE bound to: 64'b0000000000000000000000000000000000000000000000000000000000000000 
	Parameter C_M_AXI_ERR_MODE bound to: 64'b0000000000000000000000000000000000000000000000000000000000000000 
	Parameter C_RANGE_CHECK bound to: 1 - type: integer 
	Parameter C_ADDR_DECODE bound to: 1 - type: integer 
	Parameter C_W_ISSUE_WIDTH bound to: 96'b000000000000000000000000000000000000000000000000000000000000001100000000000000000000000000000011 
	Parameter C_R_ISSUE_WIDTH bound to: 96'b000000000000000000000000000000000000000000000000000000000000001100000000000000000000000000000011 
	Parameter C_W_ACCEPT_WIDTH bound to: 32'b00000000000000000000000000000011 
	Parameter C_R_ACCEPT_WIDTH bound to: 32'b00000000000000000000000000000011 
	Parameter C_DEBUG bound to: 1 - type: integer 
	Parameter P_AXI4 bound to: 0 - type: integer 
	Parameter P_AXI3 bound to: 1 - type: integer 
	Parameter P_AXILITE bound to: 2 - type: integer 
	Parameter P_WRITE bound to: 0 - type: integer 
	Parameter P_READ bound to: 1 - type: integer 
	Parameter P_NUM_MASTER_SLOTS_LOG bound to: 1 - type: integer 
	Parameter P_NUM_SLAVE_SLOTS_LOG bound to: 1 - type: integer 
	Parameter P_AXI_WID_WIDTH bound to: 1 - type: integer 
	Parameter P_ST_AWMESG_WIDTH bound to: 26 - type: integer 
	Parameter P_AA_AWMESG_WIDTH bound to: 103 - type: integer 
	Parameter P_ST_ARMESG_WIDTH bound to: 26 - type: integer 
	Parameter P_AA_ARMESG_WIDTH bound to: 103 - type: integer 
	Parameter P_ST_BMESG_WIDTH bound to: 3 - type: integer 
	Parameter P_ST_RMESG_WIDTH bound to: 131 - type: integer 
	Parameter P_WR_WMESG_WIDTH bound to: 146 - type: integer 
	Parameter P_BYPASS bound to: 0 - type: integer 
	Parameter P_FWD_REV bound to: 1 - type: integer 
	Parameter P_SIMPLE bound to: 7 - type: integer 
	Parameter P_M_AXI_SUPPORTS_READ bound to: 3'b111 
	Parameter P_M_AXI_SUPPORTS_WRITE bound to: 3'b111 
	Parameter P_M_AXI_WRITE_CONNECTIVITY bound to: 96'b111111111111111111111111111111111111111111111111111111111111111111111111111111111111111111111111 
	Parameter P_M_AXI_READ_CONNECTIVITY bound to: 96'b111111111111111111111111111111111111111111111111111111111111111111111111111111111111111111111111 
	Parameter P_S_AXI_WRITE_CONNECTIVITY bound to: 32'b11111111111111111111111111111111 
	Parameter P_S_AXI_READ_CONNECTIVITY bound to: 32'b11111111111111111111111111111111 
	Parameter P_M_AXI_READ_ISSUING bound to: 96'b000000000000000000000000000000010000000000000000000000000000100000000000000000000000000000001000 
	Parameter P_M_AXI_WRITE_ISSUING bound to: 96'b000000000000000000000000000000010000000000000000000000000000100000000000000000000000000000001000 
	Parameter P_DECERR bound to: 2'b11 
INFO: [Synth 8-6157] synthesizing module 'axi_crossbar_v2_1_22_si_transactor' [c:/Projects/Xilinx/DisplayPort/DisplayPort_1_4_ss2_1_rx_ex_v2020p1/hw/v_dp_rxss1_0_ex.srcs/sources_1/bd/dpss_zcu102_rx/ipshared/b68e/hdl/axi_crossbar_v2_1_vl_rfs.v:3800]
	Parameter C_FAMILY bound to: rtl - type: string 
	Parameter C_SI bound to: 0 - type: integer 
	Parameter C_DIR bound to: 1 - type: integer 
	Parameter C_NUM_ADDR_RANGES bound to: 1 - type: integer 
	Parameter C_NUM_M bound to: 2 - type: integer 
	Parameter C_NUM_M_LOG bound to: 1 - type: integer 
	Parameter C_ACCEPTANCE bound to: 8 - type: integer 
	Parameter C_ACCEPTANCE_LOG bound to: 3 - type: integer 
	Parameter C_ID_WIDTH bound to: 17 - type: integer 
	Parameter C_THREAD_ID_WIDTH bound to: 17 - type: integer 
	Parameter C_ADDR_WIDTH bound to: 40 - type: integer 
	Parameter C_AMESG_WIDTH bound to: 26 - type: integer 
	Parameter C_RMESG_WIDTH bound to: 131 - type: integer 
	Parameter C_BASE_ID bound to: 17'b00000000000000000 
	Parameter C_HIGH_ID bound to: 17'b11111111111111111 
	Parameter C_BASE_ADDR bound to: 128'b11111111111111111111111111111111111111111111111111111111111111110000000000000000000000000000010000000000000000000000000000000000 
	Parameter C_HIGH_ADDR bound to: 128'b00000000000000000000000000000000000000000000000000000000000000000000000000000000000000000000010000011111111111111111111111111111 
	Parameter C_SINGLE_THREAD bound to: 0 - type: integer 
	Parameter C_TARGET_QUAL bound to: 2'b11 
	Parameter C_M_AXI_SECURE bound to: 64'b0000000000000000000000000000000000000000000000000000000000000000 
	Parameter C_RANGE_CHECK bound to: 1 - type: integer 
	Parameter C_ADDR_DECODE bound to: 1 - type: integer 
	Parameter C_ERR_MODE bound to: 64'b0000000000000000000000000000000000000000000000000000000000000000 
	Parameter C_DEBUG bound to: 1 - type: integer 
	Parameter P_WRITE bound to: 0 - type: integer 
	Parameter P_READ bound to: 1 - type: integer 
	Parameter P_RMUX_MESG_WIDTH bound to: 149 - type: integer 
	Parameter P_AXILITE_ERRMODE bound to: 1 - type: integer 
	Parameter P_NONSECURE_BIT bound to: 1 - type: integer 
	Parameter P_NUM_M_LOG_M1 bound to: 1 - type: integer 
	Parameter P_M_AXILITE bound to: 2'b00 
	Parameter P_FIXED bound to: 2'b00 
	Parameter P_NUM_M_DE_LOG bound to: 2 - type: integer 
	Parameter P_THREAD_ID_WIDTH_M1 bound to: 17 - type: integer 
	Parameter P_NUM_ID_VAL bound to: 131072 - type: integer 
	Parameter P_NUM_THREADS bound to: 8 - type: integer 
	Parameter P_M_SECURE_MASK bound to: 2'b00 
INFO: [Synth 8-6157] synthesizing module 'axi_crossbar_v2_1_22_addr_decoder' [c:/Projects/Xilinx/DisplayPort/DisplayPort_1_4_ss2_1_rx_ex_v2020p1/hw/v_dp_rxss1_0_ex.srcs/sources_1/bd/dpss_zcu102_rx/ipshared/b68e/hdl/axi_crossbar_v2_1_vl_rfs.v:794]
	Parameter C_FAMILY bound to: rtl - type: string 
	Parameter C_NUM_TARGETS bound to: 2 - type: integer 
	Parameter C_NUM_TARGETS_LOG bound to: 1 - type: integer 
	Parameter C_NUM_RANGES bound to: 1 - type: integer 
	Parameter C_ADDR_WIDTH bound to: 40 - type: integer 
	Parameter C_TARGET_ENC bound to: 1 - type: integer 
	Parameter C_TARGET_HOT bound to: 1 - type: integer 
	Parameter C_REGION_ENC bound to: 1 - type: integer 
	Parameter C_BASE_ADDR bound to: 128'b11111111111111111111111111111111111111111111111111111111111111110000000000000000000000000000010000000000000000000000000000000000 
	Parameter C_HIGH_ADDR bound to: 128'b00000000000000000000000000000000000000000000000000000000000000000000000000000000000000000000010000011111111111111111111111111111 
	Parameter C_TARGET_QUAL bound to: 3'b011 
	Parameter C_RESOLUTION bound to: 2 - type: integer 
	Parameter C_COMPARATOR_THRESHOLD bound to: 6 - type: integer 
INFO: [Synth 8-6157] synthesizing module 'generic_baseblocks_v2_1_0_comparator_static' [c:/Projects/Xilinx/DisplayPort/DisplayPort_1_4_ss2_1_rx_ex_v2020p1/hw/v_dp_rxss1_0_ex.srcs/sources_1/bd/dpss_zcu102_rx/ipshared/b752/hdl/generic_baseblocks_v2_1_vl_rfs.v:2133]
	Parameter C_FAMILY bound to: rtl - type: string 
	Parameter C_VALUE bound to: 38'b00000100000000000000000000000000000000 
	Parameter C_DATA_WIDTH bound to: 38 - type: integer 
	Parameter C_BITS_PER_LUT bound to: 6 - type: integer 
	Parameter C_NUM_LUT bound to: 7 - type: integer 
	Parameter C_FIX_DATA_WIDTH bound to: 42 - type: integer 
INFO: [Synth 8-6157] synthesizing module 'generic_baseblocks_v2_1_0_carry_and' [c:/Projects/Xilinx/DisplayPort/DisplayPort_1_4_ss2_1_rx_ex_v2020p1/hw/v_dp_rxss1_0_ex.srcs/sources_1/bd/dpss_zcu102_rx/ipshared/b752/hdl/generic_baseblocks_v2_1_vl_rfs.v:62]
	Parameter C_FAMILY bound to: rtl - type: string 
INFO: [Synth 8-6155] done synthesizing module 'generic_baseblocks_v2_1_0_carry_and' (1#1) [c:/Projects/Xilinx/DisplayPort/DisplayPort_1_4_ss2_1_rx_ex_v2020p1/hw/v_dp_rxss1_0_ex.srcs/sources_1/bd/dpss_zcu102_rx/ipshared/b752/hdl/generic_baseblocks_v2_1_vl_rfs.v:62]
INFO: [Synth 8-6155] done synthesizing module 'generic_baseblocks_v2_1_0_comparator_static' (2#1) [c:/Projects/Xilinx/DisplayPort/DisplayPort_1_4_ss2_1_rx_ex_v2020p1/hw/v_dp_rxss1_0_ex.srcs/sources_1/bd/dpss_zcu102_rx/ipshared/b752/hdl/generic_baseblocks_v2_1_vl_rfs.v:2133]
INFO: [Synth 8-6155] done synthesizing module 'axi_crossbar_v2_1_22_addr_decoder' (3#1) [c:/Projects/Xilinx/DisplayPort/DisplayPort_1_4_ss2_1_rx_ex_v2020p1/hw/v_dp_rxss1_0_ex.srcs/sources_1/bd/dpss_zcu102_rx/ipshared/b68e/hdl/axi_crossbar_v2_1_vl_rfs.v:794]
INFO: [Synth 8-6157] synthesizing module 'axi_data_fifo_v2_1_20_axic_srl_fifo' [c:/Projects/Xilinx/DisplayPort/DisplayPort_1_4_ss2_1_rx_ex_v2020p1/hw/v_dp_rxss1_0_ex.srcs/sources_1/bd/dpss_zcu102_rx/ipshared/47c9/hdl/axi_data_fifo_v2_1_vl_rfs.v:698]
	Parameter C_FAMILY bound to: rtl - type: string 
	Parameter C_FIFO_WIDTH bound to: 8 - type: integer 
	Parameter C_MAX_CTRL_FANOUT bound to: 33 - type: integer 
	Parameter C_FIFO_DEPTH_LOG bound to: 4 - type: integer 
	Parameter C_USE_FULL bound to: 0 - type: integer 
	Parameter P_FIFO_DEPTH_LOG bound to: 4 - type: integer 
	Parameter P_EMPTY bound to: 4'b1111 
	Parameter P_ALMOSTEMPTY bound to: 4'b0000 
	Parameter P_ALMOSTFULL_TEMP bound to: 5'b11110 
	Parameter P_ALMOSTFULL bound to: 4'b1110 
	Parameter P_NUM_REPS bound to: 1 - type: integer 
INFO: [Synth 8-6157] synthesizing module 'axi_data_fifo_v2_1_20_ndeep_srl' [c:/Projects/Xilinx/DisplayPort/DisplayPort_1_4_ss2_1_rx_ex_v2020p1/hw/v_dp_rxss1_0_ex.srcs/sources_1/bd/dpss_zcu102_rx/ipshared/47c9/hdl/axi_data_fifo_v2_1_vl_rfs.v:1135]
	Parameter C_FAMILY bound to: rtl - type: string 
	Parameter C_A_WIDTH bound to: 4 - type: integer 
	Parameter P_SRLASIZE bound to: 5 - type: integer 
	Parameter P_SRLDEPTH bound to: 32 - type: integer 
	Parameter P_NUMSRLS bound to: 1 - type: integer 
	Parameter P_SHIFT_DEPTH bound to: 16 - type: integer 
INFO: [Synth 8-6155] done synthesizing module 'axi_data_fifo_v2_1_20_ndeep_srl' (4#1) [c:/Projects/Xilinx/DisplayPort/DisplayPort_1_4_ss2_1_rx_ex_v2020p1/hw/v_dp_rxss1_0_ex.srcs/sources_1/bd/dpss_zcu102_rx/ipshared/47c9/hdl/axi_data_fifo_v2_1_vl_rfs.v:1135]
INFO: [Synth 8-6155] done synthesizing module 'axi_data_fifo_v2_1_20_axic_srl_fifo' (5#1) [c:/Projects/Xilinx/DisplayPort/DisplayPort_1_4_ss2_1_rx_ex_v2020p1/hw/v_dp_rxss1_0_ex.srcs/sources_1/bd/dpss_zcu102_rx/ipshared/47c9/hdl/axi_data_fifo_v2_1_vl_rfs.v:698]
INFO: [Synth 8-6157] synthesizing module 'axi_crossbar_v2_1_22_arbiter_resp' [c:/Projects/Xilinx/DisplayPort/DisplayPort_1_4_ss2_1_rx_ex_v2020p1/hw/v_dp_rxss1_0_ex.srcs/sources_1/bd/dpss_zcu102_rx/ipshared/b68e/hdl/axi_crossbar_v2_1_vl_rfs.v:1025]
	Parameter C_FAMILY bound to: rtl - type: string 
	Parameter C_NUM_S bound to: 3 - type: integer 
	Parameter C_NUM_S_LOG bound to: 2 - type: integer 
	Parameter C_GRANT_ENC bound to: 1 - type: integer 
	Parameter C_GRANT_HOT bound to: 0 - type: integer 
INFO: [Synth 8-6155] done synthesizing module 'axi_crossbar_v2_1_22_arbiter_resp' (6#1) [c:/Projects/Xilinx/DisplayPort/DisplayPort_1_4_ss2_1_rx_ex_v2020p1/hw/v_dp_rxss1_0_ex.srcs/sources_1/bd/dpss_zcu102_rx/ipshared/b68e/hdl/axi_crossbar_v2_1_vl_rfs.v:1025]
INFO: [Synth 8-6157] synthesizing module 'generic_baseblocks_v2_1_0_mux_enc' [c:/Projects/Xilinx/DisplayPort/DisplayPort_1_4_ss2_1_rx_ex_v2020p1/hw/v_dp_rxss1_0_ex.srcs/sources_1/bd/dpss_zcu102_rx/ipshared/b752/hdl/generic_baseblocks_v2_1_vl_rfs.v:2452]
	Parameter C_FAMILY bound to: rtl - type: string 
	Parameter C_RATIO bound to: 3 - type: integer 
	Parameter C_SEL_WIDTH bound to: 2 - type: integer 
	Parameter C_DATA_WIDTH bound to: 149 - type: integer 
INFO: [Synth 8-6155] done synthesizing module 'generic_baseblocks_v2_1_0_mux_enc' (7#1) [c:/Projects/Xilinx/DisplayPort/DisplayPort_1_4_ss2_1_rx_ex_v2020p1/hw/v_dp_rxss1_0_ex.srcs/sources_1/bd/dpss_zcu102_rx/ipshared/b752/hdl/generic_baseblocks_v2_1_vl_rfs.v:2452]
INFO: [Synth 8-6155] done synthesizing module 'axi_crossbar_v2_1_22_si_transactor' (8#1) [c:/Projects/Xilinx/DisplayPort/DisplayPort_1_4_ss2_1_rx_ex_v2020p1/hw/v_dp_rxss1_0_ex.srcs/sources_1/bd/dpss_zcu102_rx/ipshared/b68e/hdl/axi_crossbar_v2_1_vl_rfs.v:3800]
INFO: [Synth 8-6157] synthesizing module 'axi_crossbar_v2_1_22_si_transactor__parameterized0' [c:/Projects/Xilinx/DisplayPort/DisplayPort_1_4_ss2_1_rx_ex_v2020p1/hw/v_dp_rxss1_0_ex.srcs/sources_1/bd/dpss_zcu102_rx/ipshared/b68e/hdl/axi_crossbar_v2_1_vl_rfs.v:3800]
	Parameter C_FAMILY bound to: rtl - type: string 
	Parameter C_SI bound to: 0 - type: integer 
	Parameter C_DIR bound to: 0 - type: integer 
	Parameter C_NUM_ADDR_RANGES bound to: 1 - type: integer 
	Parameter C_NUM_M bound to: 2 - type: integer 
	Parameter C_NUM_M_LOG bound to: 1 - type: integer 
	Parameter C_ACCEPTANCE bound to: 8 - type: integer 
	Parameter C_ACCEPTANCE_LOG bound to: 3 - type: integer 
	Parameter C_ID_WIDTH bound to: 17 - type: integer 
	Parameter C_THREAD_ID_WIDTH bound to: 17 - type: integer 
	Parameter C_ADDR_WIDTH bound to: 40 - type: integer 
	Parameter C_AMESG_WIDTH bound to: 26 - type: integer 
	Parameter C_RMESG_WIDTH bound to: 3 - type: integer 
	Parameter C_BASE_ID bound to: 17'b00000000000000000 
	Parameter C_HIGH_ID bound to: 17'b11111111111111111 
	Parameter C_BASE_ADDR bound to: 128'b11111111111111111111111111111111111111111111111111111111111111110000000000000000000000000000010000000000000000000000000000000000 
	Parameter C_HIGH_ADDR bound to: 128'b00000000000000000000000000000000000000000000000000000000000000000000000000000000000000000000010000011111111111111111111111111111 
	Parameter C_SINGLE_THREAD bound to: 0 - type: integer 
	Parameter C_TARGET_QUAL bound to: 2'b11 
	Parameter C_M_AXI_SECURE bound to: 64'b0000000000000000000000000000000000000000000000000000000000000000 
	Parameter C_RANGE_CHECK bound to: 1 - type: integer 
	Parameter C_ADDR_DECODE bound to: 1 - type: integer 
	Parameter C_ERR_MODE bound to: 64'b0000000000000000000000000000000000000000000000000000000000000000 
	Parameter C_DEBUG bound to: 1 - type: integer 
	Parameter P_WRITE bound to: 0 - type: integer 
	Parameter P_READ bound to: 1 - type: integer 
	Parameter P_RMUX_MESG_WIDTH bound to: 21 - type: integer 
	Parameter P_AXILITE_ERRMODE bound to: 1 - type: integer 
	Parameter P_NONSECURE_BIT bound to: 1 - type: integer 
	Parameter P_NUM_M_LOG_M1 bound to: 1 - type: integer 
	Parameter P_M_AXILITE bound to: 2'b00 
	Parameter P_FIXED bound to: 2'b00 
	Parameter P_NUM_M_DE_LOG bound to: 2 - type: integer 
	Parameter P_THREAD_ID_WIDTH_M1 bound to: 17 - type: integer 
	Parameter P_NUM_ID_VAL bound to: 131072 - type: integer 
	Parameter P_NUM_THREADS bound to: 8 - type: integer 
	Parameter P_M_SECURE_MASK bound to: 2'b00 
INFO: [Synth 8-6157] synthesizing module 'generic_baseblocks_v2_1_0_mux_enc__parameterized0' [c:/Projects/Xilinx/DisplayPort/DisplayPort_1_4_ss2_1_rx_ex_v2020p1/hw/v_dp_rxss1_0_ex.srcs/sources_1/bd/dpss_zcu102_rx/ipshared/b752/hdl/generic_baseblocks_v2_1_vl_rfs.v:2452]
	Parameter C_FAMILY bound to: rtl - type: string 
	Parameter C_RATIO bound to: 3 - type: integer 
	Parameter C_SEL_WIDTH bound to: 2 - type: integer 
	Parameter C_DATA_WIDTH bound to: 21 - type: integer 
INFO: [Synth 8-6155] done synthesizing module 'generic_baseblocks_v2_1_0_mux_enc__parameterized0' (8#1) [c:/Projects/Xilinx/DisplayPort/DisplayPort_1_4_ss2_1_rx_ex_v2020p1/hw/v_dp_rxss1_0_ex.srcs/sources_1/bd/dpss_zcu102_rx/ipshared/b752/hdl/generic_baseblocks_v2_1_vl_rfs.v:2452]
INFO: [Synth 8-6155] done synthesizing module 'axi_crossbar_v2_1_22_si_transactor__parameterized0' (8#1) [c:/Projects/Xilinx/DisplayPort/DisplayPort_1_4_ss2_1_rx_ex_v2020p1/hw/v_dp_rxss1_0_ex.srcs/sources_1/bd/dpss_zcu102_rx/ipshared/b68e/hdl/axi_crossbar_v2_1_vl_rfs.v:3800]
INFO: [Synth 8-6157] synthesizing module 'axi_crossbar_v2_1_22_splitter' [c:/Projects/Xilinx/DisplayPort/DisplayPort_1_4_ss2_1_rx_ex_v2020p1/hw/v_dp_rxss1_0_ex.srcs/sources_1/bd/dpss_zcu102_rx/ipshared/b68e/hdl/axi_crossbar_v2_1_vl_rfs.v:4461]
	Parameter C_NUM_M bound to: 2 - type: integer 
INFO: [Synth 8-6155] done synthesizing module 'axi_crossbar_v2_1_22_splitter' (9#1) [c:/Projects/Xilinx/DisplayPort/DisplayPort_1_4_ss2_1_rx_ex_v2020p1/hw/v_dp_rxss1_0_ex.srcs/sources_1/bd/dpss_zcu102_rx/ipshared/b68e/hdl/axi_crossbar_v2_1_vl_rfs.v:4461]
INFO: [Synth 8-6157] synthesizing module 'axi_crossbar_v2_1_22_wdata_router' [c:/Projects/Xilinx/DisplayPort/DisplayPort_1_4_ss2_1_rx_ex_v2020p1/hw/v_dp_rxss1_0_ex.srcs/sources_1/bd/dpss_zcu102_rx/ipshared/b68e/hdl/axi_crossbar_v2_1_vl_rfs.v:4736]
	Parameter C_FAMILY bound to: rtl - type: string 
	Parameter C_WMESG_WIDTH bound to: 146 - type: integer 
	Parameter C_NUM_MASTER_SLOTS bound to: 3 - type: integer 
	Parameter C_SELECT_WIDTH bound to: 2 - type: integer 
	Parameter C_FIFO_DEPTH_LOG bound to: 3 - type: integer 
	Parameter P_FIFO_DEPTH_LOG bound to: 3 - type: integer 
INFO: [Synth 8-6157] synthesizing module 'axi_data_fifo_v2_1_20_axic_reg_srl_fifo' [c:/Projects/Xilinx/DisplayPort/DisplayPort_1_4_ss2_1_rx_ex_v2020p1/hw/v_dp_rxss1_0_ex.srcs/sources_1/bd/dpss_zcu102_rx/ipshared/47c9/hdl/axi_data_fifo_v2_1_vl_rfs.v:889]
	Parameter C_FAMILY bound to: rtl - type: string 
	Parameter C_FIFO_WIDTH bound to: 2 - type: integer 
	Parameter C_MAX_CTRL_FANOUT bound to: 33 - type: integer 
	Parameter C_FIFO_DEPTH_LOG bound to: 3 - type: integer 
	Parameter C_USE_FULL bound to: 1 - type: integer 
	Parameter P_FIFO_DEPTH_LOG bound to: 3 - type: integer 
	Parameter P_EMPTY bound to: 3'b111 
	Parameter P_ALMOSTEMPTY bound to: 3'b000 
	Parameter P_ALMOSTFULL_TEMP bound to: 4'b1110 
	Parameter P_ALMOSTFULL bound to: 3'b110 
	Parameter P_NUM_REPS bound to: 1 - type: integer 
	Parameter ZERO bound to: 2'b10 
	Parameter ONE bound to: 2'b11 
	Parameter TWO bound to: 2'b01 
INFO: [Synth 8-6157] synthesizing module 'axi_data_fifo_v2_1_20_ndeep_srl__parameterized0' [c:/Projects/Xilinx/DisplayPort/DisplayPort_1_4_ss2_1_rx_ex_v2020p1/hw/v_dp_rxss1_0_ex.srcs/sources_1/bd/dpss_zcu102_rx/ipshared/47c9/hdl/axi_data_fifo_v2_1_vl_rfs.v:1135]
	Parameter C_FAMILY bound to: rtl - type: string 
	Parameter C_A_WIDTH bound to: 3 - type: integer 
	Parameter P_SRLASIZE bound to: 5 - type: integer 
	Parameter P_SRLDEPTH bound to: 32 - type: integer 
	Parameter P_NUMSRLS bound to: 1 - type: integer 
	Parameter P_SHIFT_DEPTH bound to: 8 - type: integer 
INFO: [Synth 8-6155] done synthesizing module 'axi_data_fifo_v2_1_20_ndeep_srl__parameterized0' (9#1) [c:/Projects/Xilinx/DisplayPort/DisplayPort_1_4_ss2_1_rx_ex_v2020p1/hw/v_dp_rxss1_0_ex.srcs/sources_1/bd/dpss_zcu102_rx/ipshared/47c9/hdl/axi_data_fifo_v2_1_vl_rfs.v:1135]
INFO: [Synth 8-155] case statement is not full and has no default [c:/Projects/Xilinx/DisplayPort/DisplayPort_1_4_ss2_1_rx_ex_v2020p1/hw/v_dp_rxss1_0_ex.srcs/sources_1/bd/dpss_zcu102_rx/ipshared/47c9/hdl/axi_data_fifo_v2_1_vl_rfs.v:986]
INFO: [Synth 8-6155] done synthesizing module 'axi_data_fifo_v2_1_20_axic_reg_srl_fifo' (10#1) [c:/Projects/Xilinx/DisplayPort/DisplayPort_1_4_ss2_1_rx_ex_v2020p1/hw/v_dp_rxss1_0_ex.srcs/sources_1/bd/dpss_zcu102_rx/ipshared/47c9/hdl/axi_data_fifo_v2_1_vl_rfs.v:889]
INFO: [Synth 8-6155] done synthesizing module 'axi_crossbar_v2_1_22_wdata_router' (11#1) [c:/Projects/Xilinx/DisplayPort/DisplayPort_1_4_ss2_1_rx_ex_v2020p1/hw/v_dp_rxss1_0_ex.srcs/sources_1/bd/dpss_zcu102_rx/ipshared/b68e/hdl/axi_crossbar_v2_1_vl_rfs.v:4736]
INFO: [Synth 8-6157] synthesizing module 'axi_data_fifo_v2_1_20_axic_srl_fifo__parameterized0' [c:/Projects/Xilinx/DisplayPort/DisplayPort_1_4_ss2_1_rx_ex_v2020p1/hw/v_dp_rxss1_0_ex.srcs/sources_1/bd/dpss_zcu102_rx/ipshared/47c9/hdl/axi_data_fifo_v2_1_vl_rfs.v:698]
	Parameter C_FAMILY bound to: rtl - type: string 
	Parameter C_FIFO_WIDTH bound to: 8 - type: integer 
	Parameter C_MAX_CTRL_FANOUT bound to: 33 - type: integer 
	Parameter C_FIFO_DEPTH_LOG bound to: 3 - type: integer 
	Parameter C_USE_FULL bound to: 0 - type: integer 
	Parameter P_FIFO_DEPTH_LOG bound to: 3 - type: integer 
	Parameter P_EMPTY bound to: 3'b111 
	Parameter P_ALMOSTEMPTY bound to: 3'b000 
	Parameter P_ALMOSTFULL_TEMP bound to: 4'b1110 
	Parameter P_ALMOSTFULL bound to: 3'b110 
	Parameter P_NUM_REPS bound to: 1 - type: integer 
INFO: [Synth 8-6155] done synthesizing module 'axi_data_fifo_v2_1_20_axic_srl_fifo__parameterized0' (11#1) [c:/Projects/Xilinx/DisplayPort/DisplayPort_1_4_ss2_1_rx_ex_v2020p1/hw/v_dp_rxss1_0_ex.srcs/sources_1/bd/dpss_zcu102_rx/ipshared/47c9/hdl/axi_data_fifo_v2_1_vl_rfs.v:698]
INFO: [Synth 8-6157] synthesizing module 'axi_crossbar_v2_1_22_wdata_mux' [c:/Projects/Xilinx/DisplayPort/DisplayPort_1_4_ss2_1_rx_ex_v2020p1/hw/v_dp_rxss1_0_ex.srcs/sources_1/bd/dpss_zcu102_rx/ipshared/b68e/hdl/axi_crossbar_v2_1_vl_rfs.v:4561]
	Parameter C_FAMILY bound to: rtl - type: string 
	Parameter C_WMESG_WIDTH bound to: 146 - type: integer 
	Parameter C_NUM_SLAVE_SLOTS bound to: 1 - type: integer 
	Parameter C_SELECT_WIDTH bound to: 1 - type: integer 
	Parameter C_FIFO_DEPTH_LOG bound to: 3 - type: integer 
	Parameter P_FIFO_DEPTH_LOG bound to: 3 - type: integer 
INFO: [Synth 8-6155] done synthesizing module 'axi_crossbar_v2_1_22_wdata_mux' (12#1) [c:/Projects/Xilinx/DisplayPort/DisplayPort_1_4_ss2_1_rx_ex_v2020p1/hw/v_dp_rxss1_0_ex.srcs/sources_1/bd/dpss_zcu102_rx/ipshared/b68e/hdl/axi_crossbar_v2_1_vl_rfs.v:4561]
INFO: [Synth 8-6157] synthesizing module 'axi_register_slice_v2_1_21_axi_register_slice' [c:/Projects/Xilinx/DisplayPort/DisplayPort_1_4_ss2_1_rx_ex_v2020p1/hw/v_dp_rxss1_0_ex.srcs/sources_1/bd/dpss_zcu102_rx/ipshared/2ef9/hdl/axi_register_slice_v2_1_vl_rfs.v:3726]
	Parameter C_FAMILY bound to: rtl - type: string 
	Parameter C_AXI_PROTOCOL bound to: 0 - type: integer 
	Parameter C_AXI_ID_WIDTH bound to: 17 - type: integer 
	Parameter C_AXI_ADDR_WIDTH bound to: 1 - type: integer 
	Parameter C_AXI_DATA_WIDTH bound to: 128 - type: integer 
	Parameter C_AXI_SUPPORTS_USER_SIGNALS bound to: 1 - type: integer 
	Parameter C_AXI_AWUSER_WIDTH bound to: 1 - type: integer 
	Parameter C_AXI_ARUSER_WIDTH bound to: 1 - type: integer 
	Parameter C_AXI_WUSER_WIDTH bound to: 1 - type: integer 
	Parameter C_AXI_RUSER_WIDTH bound to: 1 - type: integer 
	Parameter C_AXI_BUSER_WIDTH bound to: 1 - type: integer 
	Parameter C_REG_CONFIG_AW bound to: 0 - type: integer 
	Parameter C_REG_CONFIG_W bound to: 0 - type: integer 
	Parameter C_REG_CONFIG_B bound to: 7 - type: integer 
	Parameter C_REG_CONFIG_AR bound to: 0 - type: integer 
	Parameter C_REG_CONFIG_R bound to: 1 - type: integer 
	Parameter C_RESERVE_MODE bound to: 0 - type: integer 
	Parameter C_NUM_SLR_CROSSINGS bound to: 0 - type: integer 
	Parameter C_PIPELINES_MASTER_AW bound to: 0 - type: integer 
	Parameter C_PIPELINES_MASTER_W bound to: 0 - type: integer 
	Parameter C_PIPELINES_MASTER_B bound to: 0 - type: integer 
	Parameter C_PIPELINES_MASTER_AR bound to: 0 - type: integer 
	Parameter C_PIPELINES_MASTER_R bound to: 0 - type: integer 
	Parameter C_PIPELINES_SLAVE_AW bound to: 0 - type: integer 
	Parameter C_PIPELINES_SLAVE_W bound to: 0 - type: integer 
	Parameter C_PIPELINES_SLAVE_B bound to: 0 - type: integer 
	Parameter C_PIPELINES_SLAVE_AR bound to: 0 - type: integer 
	Parameter C_PIPELINES_SLAVE_R bound to: 0 - type: integer 
	Parameter C_PIPELINES_MIDDLE_AW bound to: 0 - type: integer 
	Parameter C_PIPELINES_MIDDLE_W bound to: 0 - type: integer 
	Parameter C_PIPELINES_MIDDLE_B bound to: 0 - type: integer 
	Parameter C_PIPELINES_MIDDLE_AR bound to: 0 - type: integer 
	Parameter C_PIPELINES_MIDDLE_R bound to: 0 - type: integer 
	Parameter C_AXI_SUPPORTS_REGION_SIGNALS bound to: 1 - type: integer 
	Parameter P_FORWARD bound to: 0 - type: integer 
	Parameter P_RESPONSE bound to: 1 - type: integer 
	Parameter G_AXI_AWADDR_INDEX bound to: 0 - type: integer 
	Parameter G_AXI_AWADDR_WIDTH bound to: 1 - type: integer 
	Parameter G_AXI_AWPROT_INDEX bound to: 1 - type: integer 
	Parameter G_AXI_AWPROT_WIDTH bound to: 3 - type: integer 
	Parameter G_AXI_AWSIZE_INDEX bound to: 4 - type: integer 
	Parameter G_AXI_AWSIZE_WIDTH bound to: 3 - type: integer 
	Parameter G_AXI_AWBURST_INDEX bound to: 7 - type: integer 
	Parameter G_AXI_AWBURST_WIDTH bound to: 2 - type: integer 
	Parameter G_AXI_AWCACHE_INDEX bound to: 9 - type: integer 
	Parameter G_AXI_AWCACHE_WIDTH bound to: 4 - type: integer 
	Parameter G_AXI_AWLEN_INDEX bound to: 13 - type: integer 
	Parameter G_AXI_AWLEN_WIDTH bound to: 8 - type: integer 
	Parameter G_AXI_AWLOCK_INDEX bound to: 21 - type: integer 
	Parameter G_AXI_AWLOCK_WIDTH bound to: 1 - type: integer 
	Parameter G_AXI_AWID_INDEX bound to: 22 - type: integer 
	Parameter G_AXI_AWID_WIDTH bound to: 17 - type: integer 
	Parameter G_AXI_AWQOS_INDEX bound to: 39 - type: integer 
	Parameter G_AXI_AWQOS_WIDTH bound to: 4 - type: integer 
	Parameter G_AXI_AWREGION_INDEX bound to: 43 - type: integer 
	Parameter G_AXI_AWREGION_WIDTH bound to: 4 - type: integer 
	Parameter G_AXI_AWUSER_INDEX bound to: 47 - type: integer 
	Parameter G_AXI_AWUSER_WIDTH bound to: 1 - type: integer 
	Parameter G_AXI_AWPAYLOAD_WIDTH bound to: 48 - type: integer 
	Parameter G_AXI_ARADDR_INDEX bound to: 0 - type: integer 
	Parameter G_AXI_ARADDR_WIDTH bound to: 1 - type: integer 
	Parameter G_AXI_ARPROT_INDEX bound to: 1 - type: integer 
	Parameter G_AXI_ARPROT_WIDTH bound to: 3 - type: integer 
	Parameter G_AXI_ARSIZE_INDEX bound to: 4 - type: integer 
	Parameter G_AXI_ARSIZE_WIDTH bound to: 3 - type: integer 
	Parameter G_AXI_ARBURST_INDEX bound to: 7 - type: integer 
	Parameter G_AXI_ARBURST_WIDTH bound to: 2 - type: integer 
	Parameter G_AXI_ARCACHE_INDEX bound to: 9 - type: integer 
	Parameter G_AXI_ARCACHE_WIDTH bound to: 4 - type: integer 
	Parameter G_AXI_ARLEN_INDEX bound to: 13 - type: integer 
	Parameter G_AXI_ARLEN_WIDTH bound to: 8 - type: integer 
	Parameter G_AXI_ARLOCK_INDEX bound to: 21 - type: integer 
	Parameter G_AXI_ARLOCK_WIDTH bound to: 1 - type: integer 
	Parameter G_AXI_ARID_INDEX bound to: 22 - type: integer 
	Parameter G_AXI_ARID_WIDTH bound to: 17 - type: integer 
	Parameter G_AXI_ARQOS_INDEX bound to: 39 - type: integer 
	Parameter G_AXI_ARQOS_WIDTH bound to: 4 - type: integer 
	Parameter G_AXI_ARREGION_INDEX bound to: 43 - type: integer 
	Parameter G_AXI_ARREGION_WIDTH bound to: 4 - type: integer 
	Parameter G_AXI_ARUSER_INDEX bound to: 47 - type: integer 
	Parameter G_AXI_ARUSER_WIDTH bound to: 1 - type: integer 
	Parameter G_AXI_ARPAYLOAD_WIDTH bound to: 48 - type: integer 
	Parameter G_AXI_WDATA_INDEX bound to: 0 - type: integer 
	Parameter G_AXI_WDATA_WIDTH bound to: 128 - type: integer 
	Parameter G_AXI_WSTRB_INDEX bound to: 128 - type: integer 
	Parameter G_AXI_WSTRB_WIDTH bound to: 16 - type: integer 
	Parameter G_AXI_WLAST_INDEX bound to: 144 - type: integer 
	Parameter G_AXI_WLAST_WIDTH bound to: 1 - type: integer 
	Parameter G_AXI_WID_INDEX bound to: 145 - type: integer 
	Parameter G_AXI_WID_WIDTH bound to: 0 - type: integer 
	Parameter G_AXI_WUSER_INDEX bound to: 145 - type: integer 
	Parameter G_AXI_WUSER_WIDTH bound to: 1 - type: integer 
	Parameter G_AXI_WPAYLOAD_WIDTH bound to: 146 - type: integer 
	Parameter G_AXI_BRESP_INDEX bound to: 0 - type: integer 
	Parameter G_AXI_BRESP_WIDTH bound to: 2 - type: integer 
	Parameter G_AXI_BID_INDEX bound to: 2 - type: integer 
	Parameter G_AXI_BID_WIDTH bound to: 17 - type: integer 
	Parameter G_AXI_BUSER_INDEX bound to: 19 - type: integer 
	Parameter G_AXI_BUSER_WIDTH bound to: 1 - type: integer 
	Parameter G_AXI_BPAYLOAD_WIDTH bound to: 20 - type: integer 
	Parameter G_AXI_RDATA_INDEX bound to: 0 - type: integer 
	Parameter G_AXI_RDATA_WIDTH bound to: 128 - type: integer 
	Parameter G_AXI_RRESP_INDEX bound to: 128 - type: integer 
	Parameter G_AXI_RRESP_WIDTH bound to: 2 - type: integer 
	Parameter G_AXI_RLAST_INDEX bound to: 130 - type: integer 
	Parameter G_AXI_RLAST_WIDTH bound to: 1 - type: integer 
	Parameter G_AXI_RID_INDEX bound to: 131 - type: integer 
	Parameter G_AXI_RID_WIDTH bound to: 17 - type: integer 
	Parameter G_AXI_RUSER_INDEX bound to: 148 - type: integer 
	Parameter G_AXI_RUSER_WIDTH bound to: 1 - type: integer 
	Parameter G_AXI_RPAYLOAD_WIDTH bound to: 149 - type: integer 
INFO: [Synth 8-6157] synthesizing module 'axi_infrastructure_v1_1_0_axi2vector' [c:/Projects/Xilinx/DisplayPort/DisplayPort_1_4_ss2_1_rx_ex_v2020p1/hw/v_dp_rxss1_0_ex.srcs/sources_1/bd/dpss_zcu102_rx/ipshared/ec67/hdl/axi_infrastructure_v1_1_vl_rfs.v:60]
	Parameter C_AXI_PROTOCOL bound to: 0 - type: integer 
	Parameter C_AXI_ID_WIDTH bound to: 17 - type: integer 
	Parameter C_AXI_ADDR_WIDTH bound to: 1 - type: integer 
	Parameter C_AXI_DATA_WIDTH bound to: 128 - type: integer 
	Parameter C_AXI_SUPPORTS_USER_SIGNALS bound to: 1 - type: integer 
	Parameter C_AXI_SUPPORTS_REGION_SIGNALS bound to: 1 - type: integer 
	Parameter C_AXI_AWUSER_WIDTH bound to: 1 - type: integer 
	Parameter C_AXI_WUSER_WIDTH bound to: 1 - type: integer 
	Parameter C_AXI_BUSER_WIDTH bound to: 1 - type: integer 
	Parameter C_AXI_ARUSER_WIDTH bound to: 1 - type: integer 
	Parameter C_AXI_RUSER_WIDTH bound to: 1 - type: integer 
	Parameter C_AWPAYLOAD_WIDTH bound to: 48 - type: integer 
	Parameter C_WPAYLOAD_WIDTH bound to: 146 - type: integer 
	Parameter C_BPAYLOAD_WIDTH bound to: 20 - type: integer 
	Parameter C_ARPAYLOAD_WIDTH bound to: 48 - type: integer 
	Parameter C_RPAYLOAD_WIDTH bound to: 149 - type: integer 
	Parameter G_AXI_AWADDR_INDEX bound to: 0 - type: integer 
	Parameter G_AXI_AWADDR_WIDTH bound to: 1 - type: integer 
	Parameter G_AXI_AWPROT_INDEX bound to: 1 - type: integer 
	Parameter G_AXI_AWPROT_WIDTH bound to: 3 - type: integer 
	Parameter G_AXI_AWSIZE_INDEX bound to: 4 - type: integer 
	Parameter G_AXI_AWSIZE_WIDTH bound to: 3 - type: integer 
	Parameter G_AXI_AWBURST_INDEX bound to: 7 - type: integer 
	Parameter G_AXI_AWBURST_WIDTH bound to: 2 - type: integer 
	Parameter G_AXI_AWCACHE_INDEX bound to: 9 - type: integer 
	Parameter G_AXI_AWCACHE_WIDTH bound to: 4 - type: integer 
	Parameter G_AXI_AWLEN_INDEX bound to: 13 - type: integer 
	Parameter G_AXI_AWLEN_WIDTH bound to: 8 - type: integer 
	Parameter G_AXI_AWLOCK_INDEX bound to: 21 - type: integer 
	Parameter G_AXI_AWLOCK_WIDTH bound to: 1 - type: integer 
	Parameter G_AXI_AWID_INDEX bound to: 22 - type: integer 
	Parameter G_AXI_AWID_WIDTH bound to: 17 - type: integer 
	Parameter G_AXI_AWQOS_INDEX bound to: 39 - type: integer 
	Parameter G_AXI_AWQOS_WIDTH bound to: 4 - type: integer 
	Parameter G_AXI_AWREGION_INDEX bound to: 43 - type: integer 
	Parameter G_AXI_AWREGION_WIDTH bound to: 4 - type: integer 
	Parameter G_AXI_AWUSER_INDEX bound to: 47 - type: integer 
	Parameter G_AXI_AWUSER_WIDTH bound to: 1 - type: integer 
	Parameter G_AXI_AWPAYLOAD_WIDTH bound to: 48 - type: integer 
	Parameter G_AXI_ARADDR_INDEX bound to: 0 - type: integer 
	Parameter G_AXI_ARADDR_WIDTH bound to: 1 - type: integer 
	Parameter G_AXI_ARPROT_INDEX bound to: 1 - type: integer 
	Parameter G_AXI_ARPROT_WIDTH bound to: 3 - type: integer 
	Parameter G_AXI_ARSIZE_INDEX bound to: 4 - type: integer 
	Parameter G_AXI_ARSIZE_WIDTH bound to: 3 - type: integer 
	Parameter G_AXI_ARBURST_INDEX bound to: 7 - type: integer 
	Parameter G_AXI_ARBURST_WIDTH bound to: 2 - type: integer 
	Parameter G_AXI_ARCACHE_INDEX bound to: 9 - type: integer 
	Parameter G_AXI_ARCACHE_WIDTH bound to: 4 - type: integer 
	Parameter G_AXI_ARLEN_INDEX bound to: 13 - type: integer 
	Parameter G_AXI_ARLEN_WIDTH bound to: 8 - type: integer 
	Parameter G_AXI_ARLOCK_INDEX bound to: 21 - type: integer 
	Parameter G_AXI_ARLOCK_WIDTH bound to: 1 - type: integer 
	Parameter G_AXI_ARID_INDEX bound to: 22 - type: integer 
	Parameter G_AXI_ARID_WIDTH bound to: 17 - type: integer 
	Parameter G_AXI_ARQOS_INDEX bound to: 39 - type: integer 
	Parameter G_AXI_ARQOS_WIDTH bound to: 4 - type: integer 
	Parameter G_AXI_ARREGION_INDEX bound to: 43 - type: integer 
	Parameter G_AXI_ARREGION_WIDTH bound to: 4 - type: integer 
	Parameter G_AXI_ARUSER_INDEX bound to: 47 - type: integer 
	Parameter G_AXI_ARUSER_WIDTH bound to: 1 - type: integer 
	Parameter G_AXI_ARPAYLOAD_WIDTH bound to: 48 - type: integer 
	Parameter G_AXI_WDATA_INDEX bound to: 0 - type: integer 
	Parameter G_AXI_WDATA_WIDTH bound to: 128 - type: integer 
	Parameter G_AXI_WSTRB_INDEX bound to: 128 - type: integer 
	Parameter G_AXI_WSTRB_WIDTH bound to: 16 - type: integer 
	Parameter G_AXI_WLAST_INDEX bound to: 144 - type: integer 
	Parameter G_AXI_WLAST_WIDTH bound to: 1 - type: integer 
	Parameter G_AXI_WID_INDEX bound to: 145 - type: integer 
	Parameter G_AXI_WID_WIDTH bound to: 0 - type: integer 
	Parameter G_AXI_WUSER_INDEX bound to: 145 - type: integer 
	Parameter G_AXI_WUSER_WIDTH bound to: 1 - type: integer 
	Parameter G_AXI_WPAYLOAD_WIDTH bound to: 146 - type: integer 
	Parameter G_AXI_BRESP_INDEX bound to: 0 - type: integer 
	Parameter G_AXI_BRESP_WIDTH bound to: 2 - type: integer 
	Parameter G_AXI_BID_INDEX bound to: 2 - type: integer 
	Parameter G_AXI_BID_WIDTH bound to: 17 - type: integer 
	Parameter G_AXI_BUSER_INDEX bound to: 19 - type: integer 
	Parameter G_AXI_BUSER_WIDTH bound to: 1 - type: integer 
	Parameter G_AXI_BPAYLOAD_WIDTH bound to: 20 - type: integer 
	Parameter G_AXI_RDATA_INDEX bound to: 0 - type: integer 
	Parameter G_AXI_RDATA_WIDTH bound to: 128 - type: integer 
	Parameter G_AXI_RRESP_INDEX bound to: 128 - type: integer 
	Parameter G_AXI_RRESP_WIDTH bound to: 2 - type: integer 
	Parameter G_AXI_RLAST_INDEX bound to: 130 - type: integer 
	Parameter G_AXI_RLAST_WIDTH bound to: 1 - type: integer 
	Parameter G_AXI_RID_INDEX bound to: 131 - type: integer 
	Parameter G_AXI_RID_WIDTH bound to: 17 - type: integer 
	Parameter G_AXI_RUSER_INDEX bound to: 148 - type: integer 
	Parameter G_AXI_RUSER_WIDTH bound to: 1 - type: integer 
	Parameter G_AXI_RPAYLOAD_WIDTH bound to: 149 - type: integer 
INFO: [Synth 8-6155] done synthesizing module 'axi_infrastructure_v1_1_0_axi2vector' (13#1) [c:/Projects/Xilinx/DisplayPort/DisplayPort_1_4_ss2_1_rx_ex_v2020p1/hw/v_dp_rxss1_0_ex.srcs/sources_1/bd/dpss_zcu102_rx/ipshared/ec67/hdl/axi_infrastructure_v1_1_vl_rfs.v:60]
INFO: [Synth 8-6157] synthesizing module 'axi_infrastructure_v1_1_0_vector2axi' [c:/Projects/Xilinx/DisplayPort/DisplayPort_1_4_ss2_1_rx_ex_v2020p1/hw/v_dp_rxss1_0_ex.srcs/sources_1/bd/dpss_zcu102_rx/ipshared/ec67/hdl/axi_infrastructure_v1_1_vl_rfs.v:474]
	Parameter C_AXI_PROTOCOL bound to: 0 - type: integer 
	Parameter C_AXI_ID_WIDTH bound to: 17 - type: integer 
	Parameter C_AXI_ADDR_WIDTH bound to: 1 - type: integer 
	Parameter C_AXI_DATA_WIDTH bound to: 128 - type: integer 
	Parameter C_AXI_SUPPORTS_USER_SIGNALS bound to: 1 - type: integer 
	Parameter C_AXI_SUPPORTS_REGION_SIGNALS bound to: 1 - type: integer 
	Parameter C_AXI_AWUSER_WIDTH bound to: 1 - type: integer 
	Parameter C_AXI_WUSER_WIDTH bound to: 1 - type: integer 
	Parameter C_AXI_BUSER_WIDTH bound to: 1 - type: integer 
	Parameter C_AXI_ARUSER_WIDTH bound to: 1 - type: integer 
	Parameter C_AXI_RUSER_WIDTH bound to: 1 - type: integer 
	Parameter C_AWPAYLOAD_WIDTH bound to: 48 - type: integer 
	Parameter C_WPAYLOAD_WIDTH bound to: 146 - type: integer 
	Parameter C_BPAYLOAD_WIDTH bound to: 20 - type: integer 
	Parameter C_ARPAYLOAD_WIDTH bound to: 48 - type: integer 
	Parameter C_RPAYLOAD_WIDTH bound to: 149 - type: integer 
	Parameter G_AXI_AWADDR_INDEX bound to: 0 - type: integer 
	Parameter G_AXI_AWADDR_WIDTH bound to: 1 - type: integer 
	Parameter G_AXI_AWPROT_INDEX bound to: 1 - type: integer 
	Parameter G_AXI_AWPROT_WIDTH bound to: 3 - type: integer 
	Parameter G_AXI_AWSIZE_INDEX bound to: 4 - type: integer 
	Parameter G_AXI_AWSIZE_WIDTH bound to: 3 - type: integer 
	Parameter G_AXI_AWBURST_INDEX bound to: 7 - type: integer 
	Parameter G_AXI_AWBURST_WIDTH bound to: 2 - type: integer 
	Parameter G_AXI_AWCACHE_INDEX bound to: 9 - type: integer 
	Parameter G_AXI_AWCACHE_WIDTH bound to: 4 - type: integer 
	Parameter G_AXI_AWLEN_INDEX bound to: 13 - type: integer 
	Parameter G_AXI_AWLEN_WIDTH bound to: 8 - type: integer 
	Parameter G_AXI_AWLOCK_INDEX bound to: 21 - type: integer 
	Parameter G_AXI_AWLOCK_WIDTH bound to: 1 - type: integer 
	Parameter G_AXI_AWID_INDEX bound to: 22 - type: integer 
	Parameter G_AXI_AWID_WIDTH bound to: 17 - type: integer 
	Parameter G_AXI_AWQOS_INDEX bound to: 39 - type: integer 
	Parameter G_AXI_AWQOS_WIDTH bound to: 4 - type: integer 
	Parameter G_AXI_AWREGION_INDEX bound to: 43 - type: integer 
	Parameter G_AXI_AWREGION_WIDTH bound to: 4 - type: integer 
	Parameter G_AXI_AWUSER_INDEX bound to: 47 - type: integer 
	Parameter G_AXI_AWUSER_WIDTH bound to: 1 - type: integer 
	Parameter G_AXI_AWPAYLOAD_WIDTH bound to: 48 - type: integer 
	Parameter G_AXI_ARADDR_INDEX bound to: 0 - type: integer 
	Parameter G_AXI_ARADDR_WIDTH bound to: 1 - type: integer 
	Parameter G_AXI_ARPROT_INDEX bound to: 1 - type: integer 
	Parameter G_AXI_ARPROT_WIDTH bound to: 3 - type: integer 
	Parameter G_AXI_ARSIZE_INDEX bound to: 4 - type: integer 
	Parameter G_AXI_ARSIZE_WIDTH bound to: 3 - type: integer 
	Parameter G_AXI_ARBURST_INDEX bound to: 7 - type: integer 
	Parameter G_AXI_ARBURST_WIDTH bound to: 2 - type: integer 
	Parameter G_AXI_ARCACHE_INDEX bound to: 9 - type: integer 
	Parameter G_AXI_ARCACHE_WIDTH bound to: 4 - type: integer 
	Parameter G_AXI_ARLEN_INDEX bound to: 13 - type: integer 
	Parameter G_AXI_ARLEN_WIDTH bound to: 8 - type: integer 
	Parameter G_AXI_ARLOCK_INDEX bound to: 21 - type: integer 
	Parameter G_AXI_ARLOCK_WIDTH bound to: 1 - type: integer 
	Parameter G_AXI_ARID_INDEX bound to: 22 - type: integer 
	Parameter G_AXI_ARID_WIDTH bound to: 17 - type: integer 
	Parameter G_AXI_ARQOS_INDEX bound to: 39 - type: integer 
	Parameter G_AXI_ARQOS_WIDTH bound to: 4 - type: integer 
	Parameter G_AXI_ARREGION_INDEX bound to: 43 - type: integer 
	Parameter G_AXI_ARREGION_WIDTH bound to: 4 - type: integer 
	Parameter G_AXI_ARUSER_INDEX bound to: 47 - type: integer 
	Parameter G_AXI_ARUSER_WIDTH bound to: 1 - type: integer 
	Parameter G_AXI_ARPAYLOAD_WIDTH bound to: 48 - type: integer 
	Parameter G_AXI_WDATA_INDEX bound to: 0 - type: integer 
	Parameter G_AXI_WDATA_WIDTH bound to: 128 - type: integer 
	Parameter G_AXI_WSTRB_INDEX bound to: 128 - type: integer 
	Parameter G_AXI_WSTRB_WIDTH bound to: 16 - type: integer 
	Parameter G_AXI_WLAST_INDEX bound to: 144 - type: integer 
	Parameter G_AXI_WLAST_WIDTH bound to: 1 - type: integer 
	Parameter G_AXI_WID_INDEX bound to: 145 - type: integer 
	Parameter G_AXI_WID_WIDTH bound to: 0 - type: integer 
	Parameter G_AXI_WUSER_INDEX bound to: 145 - type: integer 
	Parameter G_AXI_WUSER_WIDTH bound to: 1 - type: integer 
	Parameter G_AXI_WPAYLOAD_WIDTH bound to: 146 - type: integer 
	Parameter G_AXI_BRESP_INDEX bound to: 0 - type: integer 
	Parameter G_AXI_BRESP_WIDTH bound to: 2 - type: integer 
	Parameter G_AXI_BID_INDEX bound to: 2 - type: integer 
	Parameter G_AXI_BID_WIDTH bound to: 17 - type: integer 
	Parameter G_AXI_BUSER_INDEX bound to: 19 - type: integer 
	Parameter G_AXI_BUSER_WIDTH bound to: 1 - type: integer 
	Parameter G_AXI_BPAYLOAD_WIDTH bound to: 20 - type: integer 
	Parameter G_AXI_RDATA_INDEX bound to: 0 - type: integer 
	Parameter G_AXI_RDATA_WIDTH bound to: 128 - type: integer 
	Parameter G_AXI_RRESP_INDEX bound to: 128 - type: integer 
	Parameter G_AXI_RRESP_WIDTH bound to: 2 - type: integer 
	Parameter G_AXI_RLAST_INDEX bound to: 130 - type: integer 
	Parameter G_AXI_RLAST_WIDTH bound to: 1 - type: integer 
	Parameter G_AXI_RID_INDEX bound to: 131 - type: integer 
	Parameter G_AXI_RID_WIDTH bound to: 17 - type: integer 
	Parameter G_AXI_RUSER_INDEX bound to: 148 - type: integer 
	Parameter G_AXI_RUSER_WIDTH bound to: 1 - type: integer 
	Parameter G_AXI_RPAYLOAD_WIDTH bound to: 149 - type: integer 
INFO: [Synth 8-6155] done synthesizing module 'axi_infrastructure_v1_1_0_vector2axi' (14#1) [c:/Projects/Xilinx/DisplayPort/DisplayPort_1_4_ss2_1_rx_ex_v2020p1/hw/v_dp_rxss1_0_ex.srcs/sources_1/bd/dpss_zcu102_rx/ipshared/ec67/hdl/axi_infrastructure_v1_1_vl_rfs.v:474]
INFO: [Synth 8-6157] synthesizing module 'axi_register_slice_v2_1_21_axic_register_slice' [c:/Projects/Xilinx/DisplayPort/DisplayPort_1_4_ss2_1_rx_ex_v2020p1/hw/v_dp_rxss1_0_ex.srcs/sources_1/bd/dpss_zcu102_rx/ipshared/2ef9/hdl/axi_register_slice_v2_1_vl_rfs.v:1498]
	Parameter C_FAMILY bound to: rtl - type: string 
	Parameter C_DATA_WIDTH bound to: 48 - type: integer 
	Parameter C_REG_CONFIG bound to: 0 - type: integer 
INFO: [Synth 8-6155] done synthesizing module 'axi_register_slice_v2_1_21_axic_register_slice' (15#1) [c:/Projects/Xilinx/DisplayPort/DisplayPort_1_4_ss2_1_rx_ex_v2020p1/hw/v_dp_rxss1_0_ex.srcs/sources_1/bd/dpss_zcu102_rx/ipshared/2ef9/hdl/axi_register_slice_v2_1_vl_rfs.v:1498]
INFO: [Synth 8-6157] synthesizing module 'axi_register_slice_v2_1_21_axic_register_slice__parameterized0' [c:/Projects/Xilinx/DisplayPort/DisplayPort_1_4_ss2_1_rx_ex_v2020p1/hw/v_dp_rxss1_0_ex.srcs/sources_1/bd/dpss_zcu102_rx/ipshared/2ef9/hdl/axi_register_slice_v2_1_vl_rfs.v:1498]
	Parameter C_FAMILY bound to: rtl - type: string 
	Parameter C_DATA_WIDTH bound to: 146 - type: integer 
	Parameter C_REG_CONFIG bound to: 0 - type: integer 
INFO: [Synth 8-6155] done synthesizing module 'axi_register_slice_v2_1_21_axic_register_slice__parameterized0' (15#1) [c:/Projects/Xilinx/DisplayPort/DisplayPort_1_4_ss2_1_rx_ex_v2020p1/hw/v_dp_rxss1_0_ex.srcs/sources_1/bd/dpss_zcu102_rx/ipshared/2ef9/hdl/axi_register_slice_v2_1_vl_rfs.v:1498]
INFO: [Synth 8-6157] synthesizing module 'axi_register_slice_v2_1_21_axic_register_slice__parameterized1' [c:/Projects/Xilinx/DisplayPort/DisplayPort_1_4_ss2_1_rx_ex_v2020p1/hw/v_dp_rxss1_0_ex.srcs/sources_1/bd/dpss_zcu102_rx/ipshared/2ef9/hdl/axi_register_slice_v2_1_vl_rfs.v:1498]
	Parameter C_FAMILY bound to: rtl - type: string 
	Parameter C_DATA_WIDTH bound to: 20 - type: integer 
	Parameter C_REG_CONFIG bound to: 7 - type: integer 
INFO: [Synth 8-6155] done synthesizing module 'axi_register_slice_v2_1_21_axic_register_slice__parameterized1' (15#1) [c:/Projects/Xilinx/DisplayPort/DisplayPort_1_4_ss2_1_rx_ex_v2020p1/hw/v_dp_rxss1_0_ex.srcs/sources_1/bd/dpss_zcu102_rx/ipshared/2ef9/hdl/axi_register_slice_v2_1_vl_rfs.v:1498]
INFO: [Synth 8-6157] synthesizing module 'axi_register_slice_v2_1_21_axic_register_slice__parameterized2' [c:/Projects/Xilinx/DisplayPort/DisplayPort_1_4_ss2_1_rx_ex_v2020p1/hw/v_dp_rxss1_0_ex.srcs/sources_1/bd/dpss_zcu102_rx/ipshared/2ef9/hdl/axi_register_slice_v2_1_vl_rfs.v:1498]
	Parameter C_FAMILY bound to: rtl - type: string 
	Parameter C_DATA_WIDTH bound to: 149 - type: integer 
	Parameter C_REG_CONFIG bound to: 1 - type: integer 
INFO: [Synth 8-6155] done synthesizing module 'axi_register_slice_v2_1_21_axic_register_slice__parameterized2' (15#1) [c:/Projects/Xilinx/DisplayPort/DisplayPort_1_4_ss2_1_rx_ex_v2020p1/hw/v_dp_rxss1_0_ex.srcs/sources_1/bd/dpss_zcu102_rx/ipshared/2ef9/hdl/axi_register_slice_v2_1_vl_rfs.v:1498]
INFO: [Synth 8-6155] done synthesizing module 'axi_register_slice_v2_1_21_axi_register_slice' (16#1) [c:/Projects/Xilinx/DisplayPort/DisplayPort_1_4_ss2_1_rx_ex_v2020p1/hw/v_dp_rxss1_0_ex.srcs/sources_1/bd/dpss_zcu102_rx/ipshared/2ef9/hdl/axi_register_slice_v2_1_vl_rfs.v:3726]
WARNING: [Synth 8-7071] port 'aclk2x' of module 'axi_register_slice_v2_1_21_axi_register_slice' is unconnected for instance 'reg_slice_mi' [c:/Projects/Xilinx/DisplayPort/DisplayPort_1_4_ss2_1_rx_ex_v2020p1/hw/v_dp_rxss1_0_ex.srcs/sources_1/bd/dpss_zcu102_rx/ipshared/b68e/hdl/axi_crossbar_v2_1_vl_rfs.v:3122]
WARNING: [Synth 8-7023] instance 'reg_slice_mi' of module 'axi_register_slice_v2_1_21_axi_register_slice' has 93 connections declared, but only 92 given [c:/Projects/Xilinx/DisplayPort/DisplayPort_1_4_ss2_1_rx_ex_v2020p1/hw/v_dp_rxss1_0_ex.srcs/sources_1/bd/dpss_zcu102_rx/ipshared/b68e/hdl/axi_crossbar_v2_1_vl_rfs.v:3122]
WARNING: [Synth 8-7071] port 'aclk2x' of module 'axi_register_slice_v2_1_21_axi_register_slice' is unconnected for instance 'reg_slice_mi' [c:/Projects/Xilinx/DisplayPort/DisplayPort_1_4_ss2_1_rx_ex_v2020p1/hw/v_dp_rxss1_0_ex.srcs/sources_1/bd/dpss_zcu102_rx/ipshared/b68e/hdl/axi_crossbar_v2_1_vl_rfs.v:3122]
WARNING: [Synth 8-7023] instance 'reg_slice_mi' of module 'axi_register_slice_v2_1_21_axi_register_slice' has 93 connections declared, but only 92 given [c:/Projects/Xilinx/DisplayPort/DisplayPort_1_4_ss2_1_rx_ex_v2020p1/hw/v_dp_rxss1_0_ex.srcs/sources_1/bd/dpss_zcu102_rx/ipshared/b68e/hdl/axi_crossbar_v2_1_vl_rfs.v:3122]
INFO: [Synth 8-6157] synthesizing module 'axi_data_fifo_v2_1_20_axic_srl_fifo__parameterized1' [c:/Projects/Xilinx/DisplayPort/DisplayPort_1_4_ss2_1_rx_ex_v2020p1/hw/v_dp_rxss1_0_ex.srcs/sources_1/bd/dpss_zcu102_rx/ipshared/47c9/hdl/axi_data_fifo_v2_1_vl_rfs.v:698]
	Parameter C_FAMILY bound to: rtl - type: string 
	Parameter C_FIFO_WIDTH bound to: 8 - type: integer 
	Parameter C_MAX_CTRL_FANOUT bound to: 33 - type: integer 
	Parameter C_FIFO_DEPTH_LOG bound to: 0 - type: integer 
	Parameter C_USE_FULL bound to: 0 - type: integer 
	Parameter P_FIFO_DEPTH_LOG bound to: 2 - type: integer 
	Parameter P_EMPTY bound to: 2'b11 
	Parameter P_ALMOSTEMPTY bound to: 2'b00 
	Parameter P_ALMOSTFULL_TEMP bound to: 3'b110 
	Parameter P_ALMOSTFULL bound to: 2'b10 
	Parameter P_NUM_REPS bound to: 1 - type: integer 
INFO: [Synth 8-6157] synthesizing module 'axi_data_fifo_v2_1_20_ndeep_srl__parameterized1' [c:/Projects/Xilinx/DisplayPort/DisplayPort_1_4_ss2_1_rx_ex_v2020p1/hw/v_dp_rxss1_0_ex.srcs/sources_1/bd/dpss_zcu102_rx/ipshared/47c9/hdl/axi_data_fifo_v2_1_vl_rfs.v:1135]
	Parameter C_FAMILY bound to: rtl - type: string 
	Parameter C_A_WIDTH bound to: 2 - type: integer 
	Parameter P_SRLASIZE bound to: 5 - type: integer 
	Parameter P_SRLDEPTH bound to: 32 - type: integer 
	Parameter P_NUMSRLS bound to: 1 - type: integer 
	Parameter P_SHIFT_DEPTH bound to: 4 - type: integer 
INFO: [Synth 8-6155] done synthesizing module 'axi_data_fifo_v2_1_20_ndeep_srl__parameterized1' (16#1) [c:/Projects/Xilinx/DisplayPort/DisplayPort_1_4_ss2_1_rx_ex_v2020p1/hw/v_dp_rxss1_0_ex.srcs/sources_1/bd/dpss_zcu102_rx/ipshared/47c9/hdl/axi_data_fifo_v2_1_vl_rfs.v:1135]
INFO: [Synth 8-6155] done synthesizing module 'axi_data_fifo_v2_1_20_axic_srl_fifo__parameterized1' (16#1) [c:/Projects/Xilinx/DisplayPort/DisplayPort_1_4_ss2_1_rx_ex_v2020p1/hw/v_dp_rxss1_0_ex.srcs/sources_1/bd/dpss_zcu102_rx/ipshared/47c9/hdl/axi_data_fifo_v2_1_vl_rfs.v:698]
INFO: [Synth 8-6157] synthesizing module 'axi_crossbar_v2_1_22_wdata_mux__parameterized0' [c:/Projects/Xilinx/DisplayPort/DisplayPort_1_4_ss2_1_rx_ex_v2020p1/hw/v_dp_rxss1_0_ex.srcs/sources_1/bd/dpss_zcu102_rx/ipshared/b68e/hdl/axi_crossbar_v2_1_vl_rfs.v:4561]
	Parameter C_FAMILY bound to: rtl - type: string 
	Parameter C_WMESG_WIDTH bound to: 146 - type: integer 
	Parameter C_NUM_SLAVE_SLOTS bound to: 1 - type: integer 
	Parameter C_SELECT_WIDTH bound to: 1 - type: integer 
	Parameter C_FIFO_DEPTH_LOG bound to: 0 - type: integer 
	Parameter P_FIFO_DEPTH_LOG bound to: 0 - type: integer 
INFO: [Synth 8-6155] done synthesizing module 'axi_crossbar_v2_1_22_wdata_mux__parameterized0' (16#1) [c:/Projects/Xilinx/DisplayPort/DisplayPort_1_4_ss2_1_rx_ex_v2020p1/hw/v_dp_rxss1_0_ex.srcs/sources_1/bd/dpss_zcu102_rx/ipshared/b68e/hdl/axi_crossbar_v2_1_vl_rfs.v:4561]
WARNING: [Synth 8-7071] port 'aclk2x' of module 'axi_register_slice_v2_1_21_axi_register_slice' is unconnected for instance 'reg_slice_mi' [c:/Projects/Xilinx/DisplayPort/DisplayPort_1_4_ss2_1_rx_ex_v2020p1/hw/v_dp_rxss1_0_ex.srcs/sources_1/bd/dpss_zcu102_rx/ipshared/b68e/hdl/axi_crossbar_v2_1_vl_rfs.v:3122]
WARNING: [Synth 8-7023] instance 'reg_slice_mi' of module 'axi_register_slice_v2_1_21_axi_register_slice' has 93 connections declared, but only 92 given [c:/Projects/Xilinx/DisplayPort/DisplayPort_1_4_ss2_1_rx_ex_v2020p1/hw/v_dp_rxss1_0_ex.srcs/sources_1/bd/dpss_zcu102_rx/ipshared/b68e/hdl/axi_crossbar_v2_1_vl_rfs.v:3122]
INFO: [Synth 8-6157] synthesizing module 'axi_crossbar_v2_1_22_decerr_slave' [c:/Projects/Xilinx/DisplayPort/DisplayPort_1_4_ss2_1_rx_ex_v2020p1/hw/v_dp_rxss1_0_ex.srcs/sources_1/bd/dpss_zcu102_rx/ipshared/b68e/hdl/axi_crossbar_v2_1_vl_rfs.v:3501]
	Parameter C_AXI_ID_WIDTH bound to: 17 - type: integer 
	Parameter C_AXI_DATA_WIDTH bound to: 128 - type: integer 
	Parameter C_AXI_BUSER_WIDTH bound to: 1 - type: integer 
	Parameter C_AXI_RUSER_WIDTH bound to: 1 - type: integer 
	Parameter C_AXI_PROTOCOL bound to: 0 - type: integer 
	Parameter C_RESP bound to: 3 - type: integer 
	Parameter P_WRITE_IDLE bound to: 2'b00 
	Parameter P_WRITE_DATA bound to: 2'b01 
	Parameter P_WRITE_RESP bound to: 2'b10 
	Parameter P_READ_IDLE bound to: 1'b0 
	Parameter P_READ_DATA bound to: 1'b1 
	Parameter P_AXI4 bound to: 0 - type: integer 
	Parameter P_AXI3 bound to: 1 - type: integer 
	Parameter P_AXILITE bound to: 2 - type: integer 
INFO: [Synth 8-155] case statement is not full and has no default [c:/Projects/Xilinx/DisplayPort/DisplayPort_1_4_ss2_1_rx_ex_v2020p1/hw/v_dp_rxss1_0_ex.srcs/sources_1/bd/dpss_zcu102_rx/ipshared/b68e/hdl/axi_crossbar_v2_1_vl_rfs.v:3633]
INFO: [Synth 8-6155] done synthesizing module 'axi_crossbar_v2_1_22_decerr_slave' (17#1) [c:/Projects/Xilinx/DisplayPort/DisplayPort_1_4_ss2_1_rx_ex_v2020p1/hw/v_dp_rxss1_0_ex.srcs/sources_1/bd/dpss_zcu102_rx/ipshared/b68e/hdl/axi_crossbar_v2_1_vl_rfs.v:3501]
INFO: [Synth 8-6157] synthesizing module 'axi_crossbar_v2_1_22_addr_arbiter' [c:/Projects/Xilinx/DisplayPort/DisplayPort_1_4_ss2_1_rx_ex_v2020p1/hw/v_dp_rxss1_0_ex.srcs/sources_1/bd/dpss_zcu102_rx/ipshared/b68e/hdl/axi_crossbar_v2_1_vl_rfs.v:423]
	Parameter C_FAMILY bound to: rtl - type: string 
	Parameter C_NUM_S bound to: 1 - type: integer 
	Parameter C_NUM_S_LOG bound to: 1 - type: integer 
	Parameter C_NUM_M bound to: 3 - type: integer 
	Parameter C_MESG_WIDTH bound to: 103 - type: integer 
	Parameter C_ARB_PRIORITY bound to: 0 - type: integer 
	Parameter P_PRIO_MASK bound to: 1'b0 
INFO: [Synth 8-6155] done synthesizing module 'axi_crossbar_v2_1_22_addr_arbiter' (18#1) [c:/Projects/Xilinx/DisplayPort/DisplayPort_1_4_ss2_1_rx_ex_v2020p1/hw/v_dp_rxss1_0_ex.srcs/sources_1/bd/dpss_zcu102_rx/ipshared/b68e/hdl/axi_crossbar_v2_1_vl_rfs.v:423]
INFO: [Synth 8-6155] done synthesizing module 'axi_crossbar_v2_1_22_crossbar' (19#1) [c:/Projects/Xilinx/DisplayPort/DisplayPort_1_4_ss2_1_rx_ex_v2020p1/hw/v_dp_rxss1_0_ex.srcs/sources_1/bd/dpss_zcu102_rx/ipshared/b68e/hdl/axi_crossbar_v2_1_vl_rfs.v:2239]
INFO: [Synth 8-6155] done synthesizing module 'axi_crossbar_v2_1_22_axi_crossbar' (20#1) [c:/Projects/Xilinx/DisplayPort/DisplayPort_1_4_ss2_1_rx_ex_v2020p1/hw/v_dp_rxss1_0_ex.srcs/sources_1/bd/dpss_zcu102_rx/ipshared/b68e/hdl/axi_crossbar_v2_1_vl_rfs.v:4884]
INFO: [Synth 8-6155] done synthesizing module 'dpss_zcu102_rx_xbar_1' (21#1) [c:/Projects/Xilinx/DisplayPort/DisplayPort_1_4_ss2_1_rx_ex_v2020p1/hw/v_dp_rxss1_0_ex.srcs/sources_1/bd/dpss_zcu102_rx/ip/dpss_zcu102_rx_xbar_1/synth/dpss_zcu102_rx_xbar_1.v:59]
---------------------------------------------------------------------------------
Finished RTL Elaboration : Time (s): cpu = 00:00:15 ; elapsed = 00:00:17 . Memory (MB): peak = 1744.613 ; gain = 268.777
---------------------------------------------------------------------------------
---------------------------------------------------------------------------------
Start Handling Custom Attributes
---------------------------------------------------------------------------------
---------------------------------------------------------------------------------
Finished Handling Custom Attributes : Time (s): cpu = 00:00:15 ; elapsed = 00:00:17 . Memory (MB): peak = 1744.613 ; gain = 268.777
---------------------------------------------------------------------------------
---------------------------------------------------------------------------------
Finished RTL Optimization Phase 1 : Time (s): cpu = 00:00:15 ; elapsed = 00:00:17 . Memory (MB): peak = 1744.613 ; gain = 268.777
---------------------------------------------------------------------------------
Netlist sorting complete. Time (s): cpu = 00:00:00 ; elapsed = 00:00:00.317 . Memory (MB): peak = 1744.613 ; gain = 0.000
INFO: [Project 1-570] Preparing netlist for logic optimization

Processing XDC Constraints
Initializing timing engine
Parsing XDC File [c:/Projects/Xilinx/DisplayPort/DisplayPort_1_4_ss2_1_rx_ex_v2020p1/hw/v_dp_rxss1_0_ex.srcs/sources_1/bd/dpss_zcu102_rx/ip/dpss_zcu102_rx_xbar_1/dpss_zcu102_rx_xbar_1_ooc.xdc] for cell 'inst'
Finished Parsing XDC File [c:/Projects/Xilinx/DisplayPort/DisplayPort_1_4_ss2_1_rx_ex_v2020p1/hw/v_dp_rxss1_0_ex.srcs/sources_1/bd/dpss_zcu102_rx/ip/dpss_zcu102_rx_xbar_1/dpss_zcu102_rx_xbar_1_ooc.xdc] for cell 'inst'
Parsing XDC File [C:/Projects/Xilinx/DisplayPort/DisplayPort_1_4_ss2_1_rx_ex_v2020p1/hw/v_dp_rxss1_0_ex.runs/dpss_zcu102_rx_xbar_1_synth_1/dont_touch.xdc]
Finished Parsing XDC File [C:/Projects/Xilinx/DisplayPort/DisplayPort_1_4_ss2_1_rx_ex_v2020p1/hw/v_dp_rxss1_0_ex.runs/dpss_zcu102_rx_xbar_1_synth_1/dont_touch.xdc]
Completed Processing XDC Constraints

Netlist sorting complete. Time (s): cpu = 00:00:00 ; elapsed = 00:00:00.005 . Memory (MB): peak = 1868.578 ; gain = 0.000
INFO: [Project 1-111] Unisim Transformation Summary:
No Unisim elements were transformed.

Constraint Validation Runtime : Time (s): cpu = 00:00:01 ; elapsed = 00:00:00.285 . Memory (MB): peak = 1868.660 ; gain = 0.082
---------------------------------------------------------------------------------
Finished Constraint Validation : Time (s): cpu = 00:00:30 ; elapsed = 00:00:32 . Memory (MB): peak = 1868.660 ; gain = 392.824
---------------------------------------------------------------------------------
---------------------------------------------------------------------------------
Start Loading Part and Timing Information
---------------------------------------------------------------------------------
Loading part: xczu9eg-ffvb1156-2-e
INFO: [Synth 8-6742] Reading net delay rules and data
---------------------------------------------------------------------------------
Finished Loading Part and Timing Information : Time (s): cpu = 00:00:30 ; elapsed = 00:00:32 . Memory (MB): peak = 1868.660 ; gain = 392.824
---------------------------------------------------------------------------------
---------------------------------------------------------------------------------
Start Applying 'set_property' XDC Constraints
---------------------------------------------------------------------------------
Applied set_property DONT_TOUCH = true for inst. (constraint file  C:/Projects/Xilinx/DisplayPort/DisplayPort_1_4_ss2_1_rx_ex_v2020p1/hw/v_dp_rxss1_0_ex.runs/dpss_zcu102_rx_xbar_1_synth_1/dont_touch.xdc, line 9).
---------------------------------------------------------------------------------
Finished applying 'set_property' XDC Constraints : Time (s): cpu = 00:00:30 ; elapsed = 00:00:32 . Memory (MB): peak = 1868.660 ; gain = 392.824
---------------------------------------------------------------------------------
INFO: [Synth 8-802] inferred FSM for state register 'gen_axi.write_cs_reg' in module 'axi_crossbar_v2_1_22_decerr_slave'
INFO: [Synth 8-802] inferred FSM for state register 'state_reg' in module 'axi_data_fifo_v2_1_20_axic_reg_srl_fifo'
---------------------------------------------------------------------------------------------------
                   State |                     New Encoding |                Previous Encoding 
---------------------------------------------------------------------------------------------------
            P_WRITE_IDLE |                              001 |                               00
            P_WRITE_DATA |                              010 |                               01
            P_WRITE_RESP |                              100 |                               10
---------------------------------------------------------------------------------------------------
INFO: [Synth 8-3354] encoded FSM with state register 'gen_axi.write_cs_reg' using encoding 'one-hot' in module 'axi_crossbar_v2_1_22_decerr_slave'
---------------------------------------------------------------------------------------------------
                   State |                     New Encoding |                Previous Encoding 
---------------------------------------------------------------------------------------------------
                    ZERO |                             1000 |                               10
                     ONE |                             0010 |                               11
                     TWO |                             0001 |                               01
                  iSTATE |                             0100 |                               00
---------------------------------------------------------------------------------------------------
INFO: [Synth 8-3354] encoded FSM with state register 'state_reg' using encoding 'one-hot' in module 'axi_data_fifo_v2_1_20_axic_reg_srl_fifo'
---------------------------------------------------------------------------------
Finished RTL Optimization Phase 2 : Time (s): cpu = 00:00:31 ; elapsed = 00:00:33 . Memory (MB): peak = 1868.660 ; gain = 392.824
---------------------------------------------------------------------------------
---------------------------------------------------------------------------------
Start RTL Component Statistics 
---------------------------------------------------------------------------------
Detailed RTL Component Info : 
+---Adders : 
	   2 Input    8 Bit       Adders := 3     
	   2 Input    4 Bit       Adders := 38    
	   2 Input    3 Bit       Adders := 4     
	   2 Input    2 Bit       Adders := 1     
	   2 Input    1 Bit       Adders := 2     
+---XORs : 
	   2 Input      1 Bit         XORs := 20    
+---Registers : 
	              149 Bit    Registers := 6     
	              103 Bit    Registers := 2     
	               20 Bit    Registers := 3     
	               17 Bit    Registers := 18    
	                8 Bit    Registers := 3     
	                4 Bit    Registers := 18    
	                3 Bit    Registers := 9     
	                2 Bit    Registers := 10    
	                1 Bit    Registers := 47    
+---Muxes : 
	   2 Input  149 Bit        Muxes := 6     
	   2 Input   64 Bit        Muxes := 16    
	   2 Input   24 Bit        Muxes := 6     
	   2 Input    8 Bit        Muxes := 1     
	   3 Input    4 Bit        Muxes := 17    
	   2 Input    4 Bit        Muxes := 7     
	   2 Input    3 Bit        Muxes := 3     
	   2 Input    2 Bit        Muxes := 46    
	   3 Input    1 Bit        Muxes := 9     
	   2 Input    1 Bit        Muxes := 58    
	   4 Input    1 Bit        Muxes := 3     
---------------------------------------------------------------------------------
Finished RTL Component Statistics 
---------------------------------------------------------------------------------
---------------------------------------------------------------------------------
Start Part Resource Summary
---------------------------------------------------------------------------------
Part Resources:
DSPs: 2520 (col length:168)
BRAMs: 1824 (col length: RAMB18 168 RAMB36 84)
---------------------------------------------------------------------------------
Finished Part Resource Summary
---------------------------------------------------------------------------------
---------------------------------------------------------------------------------
Start Cross Boundary and Area Optimization
---------------------------------------------------------------------------------
---------------------------------------------------------------------------------
Finished Cross Boundary and Area Optimization : Time (s): cpu = 00:00:43 ; elapsed = 00:00:45 . Memory (MB): peak = 1868.660 ; gain = 392.824
---------------------------------------------------------------------------------
---------------------------------------------------------------------------------
Start Applying XDC Timing Constraints
---------------------------------------------------------------------------------
---------------------------------------------------------------------------------
Finished Applying XDC Timing Constraints : Time (s): cpu = 00:00:56 ; elapsed = 00:00:59 . Memory (MB): peak = 2334.359 ; gain = 858.523
---------------------------------------------------------------------------------
---------------------------------------------------------------------------------
Start Timing Optimization
---------------------------------------------------------------------------------
---------------------------------------------------------------------------------
Finished Timing Optimization : Time (s): cpu = 00:01:00 ; elapsed = 00:01:03 . Memory (MB): peak = 2441.582 ; gain = 965.746
---------------------------------------------------------------------------------
---------------------------------------------------------------------------------
Start Technology Mapping
---------------------------------------------------------------------------------
---------------------------------------------------------------------------------
Finished Technology Mapping : Time (s): cpu = 00:01:01 ; elapsed = 00:01:04 . Memory (MB): peak = 2451.652 ; gain = 975.816
---------------------------------------------------------------------------------
---------------------------------------------------------------------------------
Start IO Insertion
---------------------------------------------------------------------------------
---------------------------------------------------------------------------------
Start Flattening Before IO Insertion
---------------------------------------------------------------------------------
---------------------------------------------------------------------------------
Finished Flattening Before IO Insertion
---------------------------------------------------------------------------------
---------------------------------------------------------------------------------
Start Final Netlist Cleanup
---------------------------------------------------------------------------------
---------------------------------------------------------------------------------
Finished Final Netlist Cleanup
---------------------------------------------------------------------------------
---------------------------------------------------------------------------------
Finished IO Insertion : Time (s): cpu = 00:01:05 ; elapsed = 00:01:08 . Memory (MB): peak = 2451.652 ; gain = 975.816
---------------------------------------------------------------------------------
---------------------------------------------------------------------------------
Start Renaming Generated Instances
---------------------------------------------------------------------------------
---------------------------------------------------------------------------------
Finished Renaming Generated Instances : Time (s): cpu = 00:01:05 ; elapsed = 00:01:08 . Memory (MB): peak = 2451.652 ; gain = 975.816
---------------------------------------------------------------------------------
---------------------------------------------------------------------------------
Start Rebuilding User Hierarchy
---------------------------------------------------------------------------------
---------------------------------------------------------------------------------
Finished Rebuilding User Hierarchy : Time (s): cpu = 00:01:05 ; elapsed = 00:01:09 . Memory (MB): peak = 2451.652 ; gain = 975.816
---------------------------------------------------------------------------------
---------------------------------------------------------------------------------
Start Renaming Generated Ports
---------------------------------------------------------------------------------
---------------------------------------------------------------------------------
Finished Renaming Generated Ports : Time (s): cpu = 00:01:05 ; elapsed = 00:01:09 . Memory (MB): peak = 2451.652 ; gain = 975.816
---------------------------------------------------------------------------------
---------------------------------------------------------------------------------
Start Handling Custom Attributes
---------------------------------------------------------------------------------
---------------------------------------------------------------------------------
Finished Handling Custom Attributes : Time (s): cpu = 00:01:05 ; elapsed = 00:01:09 . Memory (MB): peak = 2451.652 ; gain = 975.816
---------------------------------------------------------------------------------
---------------------------------------------------------------------------------
Start Renaming Generated Nets
---------------------------------------------------------------------------------
---------------------------------------------------------------------------------
Finished Renaming Generated Nets : Time (s): cpu = 00:01:05 ; elapsed = 00:01:09 . Memory (MB): peak = 2451.652 ; gain = 975.816
---------------------------------------------------------------------------------
---------------------------------------------------------------------------------
Start ROM, RAM, DSP and Shift Register Reporting
---------------------------------------------------------------------------------

Dynamic Shift Register Report:
+------------+------------------------------------------------+--------+------------+--------+---------+--------+--------+--------+
|Module Name | RTL Name                                       | Length | Data Width | SRL16E | SRLC32E | Mux F7 | Mux F8 | Mux F9 | 
+------------+------------------------------------------------+--------+------------+--------+---------+--------+--------+--------+
|dsrl        | gen_rtl_shifter.gen_inferred_srl.shift_reg_reg | 32     | 1          | 0      | 1       | 0      | 0      | 0      | 
|dsrl__1     | gen_rtl_shifter.gen_inferred_srl.shift_reg_reg | 32     | 1          | 0      | 1       | 0      | 0      | 0      | 
|dsrl__2     | gen_rtl_shifter.gen_inferred_srl.shift_reg_reg | 32     | 1          | 0      | 1       | 0      | 0      | 0      | 
+------------+------------------------------------------------+--------+------------+--------+---------+--------+--------+--------+

---------------------------------------------------------------------------------
Finished ROM, RAM, DSP and Shift Register Reporting
---------------------------------------------------------------------------------
---------------------------------------------------------------------------------
Start Writing Synthesis Report
---------------------------------------------------------------------------------

Report BlackBoxes: 
+-+--------------+----------+
| |BlackBox name |Instances |
+-+--------------+----------+
+-+--------------+----------+

Report Cell Usage: 
+------+--------+------+
|      |Cell    |Count |
+------+--------+------+
|1     |CARRY8  |    32|
|2     |LUT1    |    45|
|3     |LUT2    |     6|
|4     |LUT3    |   348|
|5     |LUT4    |   181|
|6     |LUT5    |   152|
|7     |LUT6    |   277|
|8     |MUXF7   |     1|
|9     |SRLC32E |     1|
|10    |FDRE    |  1343|
|11    |FDSE    |    12|
+------+--------+------+
---------------------------------------------------------------------------------
Finished Writing Synthesis Report : Time (s): cpu = 00:01:05 ; elapsed = 00:01:09 . Memory (MB): peak = 2451.652 ; gain = 975.816
---------------------------------------------------------------------------------
Synthesis finished with 0 errors, 0 critical warnings and 0 warnings.
Synthesis Optimization Runtime : Time (s): cpu = 00:00:40 ; elapsed = 00:00:59 . Memory (MB): peak = 2451.652 ; gain = 851.770
Synthesis Optimization Complete : Time (s): cpu = 00:01:05 ; elapsed = 00:01:09 . Memory (MB): peak = 2451.652 ; gain = 975.816
INFO: [Project 1-571] Translating synthesized netlist
Netlist sorting complete. Time (s): cpu = 00:00:00 ; elapsed = 00:00:00.088 . Memory (MB): peak = 2454.488 ; gain = 0.000
INFO: [Netlist 29-17] Analyzing 33 Unisim elements for replacement
INFO: [Netlist 29-28] Unisim Transformation completed in 0 CPU seconds
INFO: [Project 1-570] Preparing netlist for logic optimization
INFO: [Opt 31-138] Pushed 0 inverter(s) to 0 load pin(s).
Netlist sorting complete. Time (s): cpu = 00:00:00 ; elapsed = 00:00:00.001 . Memory (MB): peak = 2463.168 ; gain = 0.000
INFO: [Project 1-111] Unisim Transformation Summary:
No Unisim elements were transformed.

INFO: [Common 17-83] Releasing license: Synthesis
83 Infos, 6 Warnings, 0 Critical Warnings and 0 Errors encountered.
synth_design completed successfully
synth_design: Time (s): cpu = 00:01:18 ; elapsed = 00:01:23 . Memory (MB): peak = 2463.168 ; gain = 1427.336
INFO: [Common 17-1381] The checkpoint 'C:/Projects/Xilinx/DisplayPort/DisplayPort_1_4_ss2_1_rx_ex_v2020p1/hw/v_dp_rxss1_0_ex.runs/dpss_zcu102_rx_xbar_1_synth_1/dpss_zcu102_rx_xbar_1.dcp' has been generated.
WARNING: [Common 17-576] 'use_project_ipc' is deprecated. This option is deprecated and no longer used.
INFO: [Coretcl 2-1648] Added synthesis output to IP cache for IP dpss_zcu102_rx_xbar_1, cache-ID = f22267377107087c
INFO: [Coretcl 2-1174] Renamed 23 cell refs.
INFO: [Common 17-1381] The checkpoint 'C:/Projects/Xilinx/DisplayPort/DisplayPort_1_4_ss2_1_rx_ex_v2020p1/hw/v_dp_rxss1_0_ex.runs/dpss_zcu102_rx_xbar_1_synth_1/dpss_zcu102_rx_xbar_1.dcp' has been generated.
INFO: [runtcl-4] Executing : report_utilization -file dpss_zcu102_rx_xbar_1_utilization_synth.rpt -pb dpss_zcu102_rx_xbar_1_utilization_synth.pb
INFO: [Common 17-206] Exiting Vivado at Sun Apr 18 13:18:17 2021...
