Copyright 1986-2020 Xilinx, Inc. All Rights Reserved.
----------------------------------------------------------------------------------------------------------------------------------------------------------------------------------------
| Tool Version     : Vivado v.2020.1 (win64) Build 2902540 Wed May 27 19:54:49 MDT 2020
| Date             : Wed Apr  7 19:12:04 2021
| Host             : DESKTOP-LB2DFM9 running 64-bit major release  (build 9200)
| Command          : report_power -file dpss_zcu102_rx_wrapper_power_routed.rpt -pb dpss_zcu102_rx_wrapper_power_summary_routed.pb -rpx dpss_zcu102_rx_wrapper_power_routed.rpx
| Design           : dpss_zcu102_rx_wrapper
| Device           : xczu9eg-ffvb1156-2-e
| Design State     : routed
| Grade            : extended
| Process          : typical
| Characterization : Production
----------------------------------------------------------------------------------------------------------------------------------------------------------------------------------------

Power Report

Table of Contents
-----------------
1. Summary
1.1 On-Chip Components
1.2 Power Supply Summary
1.3 Confidence Level
2. Settings
2.1 Environment
2.2 Clock Constraints
3. Detailed Reports
3.1 By Hierarchy

1. Summary
----------

+--------------------------+--------------+
| Total On-Chip Power (W)  | 5.087        |
| Design Power Budget (W)  | Unspecified* |
| Power Budget Margin (W)  | NA           |
| Dynamic (W)              | 4.302        |
| Device Static (W)        | 0.785        |
| Effective TJA (C/W)      | 1.0          |
| Max Ambient (C)          | 95.0         |
| Junction Temperature (C) | 30.0         |
| Confidence Level         | Low          |
| Setting File             | ---          |
| Simulation Activity File | ---          |
| Design Nets Matched      | NA           |
+--------------------------+--------------+
* Specify Design Power Budget using, set_operating_conditions -design_power_budget <value in Watts>


1.1 On-Chip Components
----------------------

+--------------------------+-----------+----------+-----------+-----------------+
| On-Chip                  | Power (W) | Used     | Available | Utilization (%) |
+--------------------------+-----------+----------+-----------+-----------------+
| Clocks                   |     0.271 |       17 |       --- |             --- |
| CLB Logic                |     0.101 |    82952 |       --- |             --- |
|   LUT as Logic           |     0.054 |    28836 |    274080 |           10.52 |
|   LUT as Distributed RAM |     0.036 |     3579 |    144000 |            2.49 |
|   LUT as Shift Register  |     0.006 |      795 |    144000 |            0.55 |
|   Register               |     0.004 |    38066 |    548160 |            6.94 |
|   CARRY8                 |    <0.001 |      295 |     34260 |            0.86 |
|   BUFG                   |    <0.001 |        6 |        32 |           18.75 |
|   Others                 |     0.000 |     2396 |       --- |             --- |
|   F7/F8 Muxes            |     0.000 |     1778 |    274080 |            0.65 |
| Signals                  |     0.098 |    61314 |       --- |             --- |
| Block RAM                |     0.009 |      5.5 |       912 |            0.60 |
| MMCM                     |     0.099 |        0 |       --- |             --- |
| I/O                      |     0.016 |       12 |       328 |            3.66 |
| GTH                      |     0.972 |        4 |        24 |           16.67 |
| PS8                      |     2.736 |        1 |       --- |             --- |
| Static Power             |     0.785 |          |           |                 |
|   PS Static              |     0.100 |          |           |                 |
|   PL Static              |     0.684 |          |           |                 |
| Total                    |     5.087 |          |           |                 |
+--------------------------+-----------+----------+-----------+-----------------+


1.2 Power Supply Summary
------------------------

+-----------------+-------------+-----------+-------------+------------+-------------+-------------+------------+
| Source          | Voltage (V) | Total (A) | Dynamic (A) | Static (A) | Powerup (A) | Budget (A)  | Margin (A) |
+-----------------+-------------+-----------+-------------+------------+-------------+-------------+------------+
| Vccint          |       0.850 |     0.996 |       0.784 |      0.212 |       NA    | Unspecified | NA         |
| Vccint_io       |       0.850 |     0.038 |       0.002 |      0.036 |       NA    | Unspecified | NA         |
| Vccbram         |       0.850 |     0.004 |       0.001 |      0.003 |       NA    | Unspecified | NA         |
| Vccaux          |       1.800 |     0.247 |       0.055 |      0.192 |       NA    | Unspecified | NA         |
| Vccaux_io       |       1.800 |     0.041 |       0.008 |      0.033 |       NA    | Unspecified | NA         |
| Vcco33          |       3.300 |     0.009 |       0.000 |      0.009 |       NA    | Unspecified | NA         |
| Vcco25          |       2.500 |     0.000 |       0.000 |      0.000 |       NA    | Unspecified | NA         |
| Vcco18          |       1.800 |     0.000 |       0.000 |      0.000 |       NA    | Unspecified | NA         |
| Vcco15          |       1.500 |     0.000 |       0.000 |      0.000 |       NA    | Unspecified | NA         |
| Vcco135         |       1.350 |     0.000 |       0.000 |      0.000 |       NA    | Unspecified | NA         |
| Vcco12          |       1.200 |     0.000 |       0.000 |      0.000 |       NA    | Unspecified | NA         |
| Vcco10          |       1.000 |     0.000 |       0.000 |      0.000 |       NA    | Unspecified | NA         |
| Vccadc          |       1.800 |     0.008 |       0.000 |      0.008 |       NA    | Unspecified | NA         |
| VCC_PSINTFP     |       0.850 |     1.093 |       1.057 |      0.036 |       NA    | Unspecified | NA         |
| VCC_PSINTLP     |       0.850 |     0.249 |       0.242 |      0.007 |       NA    | Unspecified | NA         |
| VPS_MGTRAVCC    |       0.850 |     0.190 |       0.189 |      0.001 |       NA    | Unspecified | NA         |
| VCC_PSINTFP_DDR |       0.850 |     0.730 |       0.726 |      0.005 |       NA    | Unspecified | NA         |
| VCC_PSPLL       |       1.200 |     0.071 |       0.069 |      0.002 |       NA    | Unspecified | NA         |
| VPS_MGTRAVTT    |       1.800 |     0.034 |       0.033 |      0.001 |       NA    | Unspecified | NA         |
| VCCO_PSDDR_504  |       1.200 |     0.626 |       0.592 |      0.034 |       NA    | Unspecified | NA         |
| VCC_PSAUX       |       1.800 |     0.002 |       0.000 |      0.002 |       NA    | Unspecified | NA         |
| VCC_PSBATT      |       1.200 |     0.000 |       0.000 |      0.000 |       NA    | Unspecified | NA         |
| VCC_PSDDR_PLL   |       1.800 |     0.001 |       0.000 |      0.001 |       NA    | Unspecified | NA         |
| VCCO_PSIO0_500  |       1.800 |     0.001 |       0.001 |      0.001 |       NA    | Unspecified | NA         |
| VCCO_PSIO1_501  |       1.800 |     0.001 |       0.000 |      0.001 |       NA    | Unspecified | NA         |
| VCCO_PSIO2_502  |       1.800 |     0.001 |       0.000 |      0.001 |       NA    | Unspecified | NA         |
| VCCO_PSIO3_503  |       3.300 |     0.001 |       0.000 |      0.001 |       NA    | Unspecified | NA         |
| VCC_PSADC       |       1.800 |     0.002 |       0.000 |      0.002 |       NA    | Unspecified | NA         |
| MGTAVcc         |       0.900 |     0.349 |       0.342 |      0.007 |       NA    | Unspecified | NA         |
| MGTAVtt         |       1.200 |     0.411 |       0.397 |      0.014 |       NA    | Unspecified | NA         |
| MGTVccaux       |       1.800 |     0.000 |       0.000 |      0.000 |       NA    | Unspecified | NA         |
+-----------------+-------------+-----------+-------------+------------+-------------+-------------+------------+


1.3 Confidence Level
--------------------

+-----------------------------+------------+--------------------------------------------------------+------------------------------------------------------------------------------------------------------------+
| User Input Data             | Confidence | Details                                                | Action                                                                                                     |
+-----------------------------+------------+--------------------------------------------------------+------------------------------------------------------------------------------------------------------------+
| Design implementation state | High       | Design is routed                                       |                                                                                                            |
| Clock nodes activity        | High       | User specified more than 95% of clocks                 |                                                                                                            |
| I/O nodes activity          | Low        | More than 75% of inputs are missing user specification | Provide missing input activity with simulation results or by editing the "By Resource Type -> I/Os" view   |
| Internal nodes activity     | Medium     | User specified less than 25% of internal nodes         | Provide missing internal nodes activity with simulation results or by editing the "By Resource Type" views |
| Device models               | High       | Device models are Production                           |                                                                                                            |
|                             |            |                                                        |                                                                                                            |
| Overall confidence level    | Low        |                                                        |                                                                                                            |
+-----------------------------+------------+--------------------------------------------------------+------------------------------------------------------------------------------------------------------------+


2. Settings
-----------

2.1 Environment
---------------

+-----------------------+--------------------------+
| Ambient Temp (C)      | 25.0                     |
| ThetaJA (C/W)         | 1.0                      |
| Airflow (LFM)         | 250                      |
| Heat Sink             | medium (Medium Profile)  |
| ThetaSA (C/W)         | 1.5                      |
| Board Selection       | medium (10"x10")         |
| # of Board Layers     | 12to15 (12 to 15 Layers) |
| Board Temperature (C) | 25.0                     |
+-----------------------+--------------------------+


2.2 Clock Constraints
---------------------

+---------------------------------------------------------------------------------------------------------------------------------------------------------------------------------------------------------------------------------------------------------------------------------------------------------------------------------------------------------------------------------------------+------------------------------------------------------------------------------------------------------------------------------------------------------------------------------------------------------------------------------------------------------------------------------------------------------------------------------------------------------------------------------+-----------------+
| Clock                                                                                                                                                                                                                                                                                                                                                                                       | Domain                                                                                                                                                                                                                                                                                                                                                                       | Constraint (ns) |
+---------------------------------------------------------------------------------------------------------------------------------------------------------------------------------------------------------------------------------------------------------------------------------------------------------------------------------------------------------------------------------------------+------------------------------------------------------------------------------------------------------------------------------------------------------------------------------------------------------------------------------------------------------------------------------------------------------------------------------------------------------------------------------+-----------------+
| clk_out1_dpss_zcu102_rx_clk_wiz_0_0                                                                                                                                                                                                                                                                                                                                                         | dpss_zcu102_rx_i/clk_wiz_0/inst/clk_out1_dpss_zcu102_rx_clk_wiz_0_0                                                                                                                                                                                                                                                                                                          |            25.0 |
| clk_out2_dpss_zcu102_rx_clk_wiz_0_0                                                                                                                                                                                                                                                                                                                                                         | dpss_zcu102_rx_i/clk_wiz_0/inst/clk_out2_dpss_zcu102_rx_clk_wiz_0_0                                                                                                                                                                                                                                                                                                          |             3.3 |
| clk_pl_0                                                                                                                                                                                                                                                                                                                                                                                    | dpss_zcu102_rx_i/zynq_ultra_ps_e_0/inst/pl_clk_unbuffered[0]                                                                                                                                                                                                                                                                                                                 |            10.0 |
| dbg_hub/inst/BSCANID.u_xsdbm_id/SWITCH_N_EXT_BSCAN.bscan_inst/SERIES7_BSCAN.bscan_inst/INTERNAL_TCK                                                                                                                                                                                                                                                                                         | dbg_hub/inst/BSCANID.u_xsdbm_id/SWITCH_N_EXT_BSCAN.bscan_inst/in0                                                                                                                                                                                                                                                                                                            |            50.0 |
| dpss_zcu102_rx_i/dp_rx_hier_0/vid_phy_controller_0/inst/gt_wrapper_inst/inst/gen_gtwizard_gthe4_top.dpss_zcu102_rx_vid_phy_controller_0_0_gtwrapper_gtwizard_gthe4_inst/gen_gtwizard_gthe4.gen_channel_container[26].gen_enabled_channel.gthe4_channel_wrapper_inst/channel_inst/gthe4_channel_gen.gen_gthe4_channel_inst[0].GTHE4_CHANNEL_PRIM_INST/RXOUTCLK                               | dpss_zcu102_rx_i/dp_rx_hier_0/vid_phy_controller_0/inst/gt_wrapper_inst/inst/gen_gtwizard_gthe4_top.dpss_zcu102_rx_vid_phy_controller_0_0_gtwrapper_gtwizard_gthe4_inst/gen_gtwizard_gthe4.gen_channel_container[26].gen_enabled_channel.gthe4_channel_wrapper_inst/channel_inst/rxoutclk_out[0]                                                                             |             2.5 |
| dpss_zcu102_rx_i/dp_rx_hier_0/vid_phy_controller_0/inst/gt_wrapper_inst/inst/gen_gtwizard_gthe4_top.dpss_zcu102_rx_vid_phy_controller_0_0_gtwrapper_gtwizard_gthe4_inst/gen_gtwizard_gthe4.gen_channel_container[26].gen_enabled_channel.gthe4_channel_wrapper_inst/channel_inst/gthe4_channel_gen.gen_gthe4_channel_inst[0].GTHE4_CHANNEL_PRIM_INST/RXOUTCLK                               | dpss_zcu102_rx_i/dp_rx_hier_0/vid_phy_controller_0/inst/gt_wrapper_inst/inst/gen_gtwizard_gthe4_top.dpss_zcu102_rx_vid_phy_controller_0_0_gtwrapper_gtwizard_gthe4_inst/gen_gtwizard_gthe4.gen_channel_container[26].gen_enabled_channel.gthe4_channel_wrapper_inst/channel_inst/rxoutclk_out[1]                                                                             |             2.5 |
| dpss_zcu102_rx_i/dp_rx_hier_0/vid_phy_controller_0/inst/gt_wrapper_inst/inst/gen_gtwizard_gthe4_top.dpss_zcu102_rx_vid_phy_controller_0_0_gtwrapper_gtwizard_gthe4_inst/gen_gtwizard_gthe4.gen_channel_container[26].gen_enabled_channel.gthe4_channel_wrapper_inst/channel_inst/gthe4_channel_gen.gen_gthe4_channel_inst[0].GTHE4_CHANNEL_PRIM_INST/RXOUTCLK                               | dpss_zcu102_rx_i/dp_rx_hier_0/vid_phy_controller_0/inst/gt_wrapper_inst/inst/gen_gtwizard_gthe4_top.dpss_zcu102_rx_vid_phy_controller_0_0_gtwrapper_gtwizard_gthe4_inst/gen_gtwizard_gthe4.gen_channel_container[26].gen_enabled_channel.gthe4_channel_wrapper_inst/channel_inst/rxoutclk_out[2]                                                                             |             2.5 |
| dpss_zcu102_rx_i/dp_rx_hier_0/vid_phy_controller_0/inst/gt_wrapper_inst/inst/gen_gtwizard_gthe4_top.dpss_zcu102_rx_vid_phy_controller_0_0_gtwrapper_gtwizard_gthe4_inst/gen_gtwizard_gthe4.gen_channel_container[26].gen_enabled_channel.gthe4_channel_wrapper_inst/channel_inst/gthe4_channel_gen.gen_gthe4_channel_inst[0].GTHE4_CHANNEL_PRIM_INST/RXOUTCLK                               | dpss_zcu102_rx_i/dp_rx_hier_0/vid_phy_controller_0/inst/gt_wrapper_inst/inst/gen_gtwizard_gthe4_top.dpss_zcu102_rx_vid_phy_controller_0_0_gtwrapper_gtwizard_gthe4_inst/gen_gtwizard_gthe4.gen_channel_container[26].gen_enabled_channel.gthe4_channel_wrapper_inst/channel_inst/rxoutclk_out[3]                                                                             |             2.5 |
| dpss_zcu102_rx_i/dp_rx_hier_0/vid_phy_controller_0/inst/gt_wrapper_inst/inst/gen_gtwizard_gthe4_top.dpss_zcu102_rx_vid_phy_controller_0_0_gtwrapper_gtwizard_gthe4_inst/gen_gtwizard_gthe4.gen_cpll_cal_gthe4.gen_cpll_cal_inst[0].gen_inst_cpll_cal.gtwizard_ultrascale_v1_7_8_gthe4_cpll_cal_inst/gtwizard_ultrascale_v1_7_8_gthe4_cpll_cal_rx_i/gen_cal_rx_en.bufg_gt_rxoutclkmon_inst/O | dpss_zcu102_rx_i/dp_rx_hier_0/vid_phy_controller_0/inst/gt_wrapper_inst/inst/gen_gtwizard_gthe4_top.dpss_zcu102_rx_vid_phy_controller_0_0_gtwrapper_gtwizard_gthe4_inst/gen_gtwizard_gthe4.gen_cpll_cal_gthe4.gen_cpll_cal_inst[0].gen_inst_cpll_cal.gtwizard_ultrascale_v1_7_8_gthe4_cpll_cal_inst/gtwizard_ultrascale_v1_7_8_gthe4_cpll_cal_rx_i/gen_cal_rx_en.rxoutclkmon |             6.2 |
| dpss_zcu102_rx_i/dp_rx_hier_0/vid_phy_controller_0/inst/gt_wrapper_inst/inst/gen_gtwizard_gthe4_top.dpss_zcu102_rx_vid_phy_controller_0_0_gtwrapper_gtwizard_gthe4_inst/gen_gtwizard_gthe4.gen_cpll_cal_gthe4.gen_cpll_cal_inst[0].gen_inst_cpll_cal.gtwizard_ultrascale_v1_7_8_gthe4_cpll_cal_inst/gtwizard_ultrascale_v1_7_8_gthe4_cpll_cal_tx_i/bufg_gt_txoutclkmon_inst/O               | dpss_zcu102_rx_i/dp_rx_hier_0/vid_phy_controller_0/inst/gt_wrapper_inst/inst/gen_gtwizard_gthe4_top.dpss_zcu102_rx_vid_phy_controller_0_0_gtwrapper_gtwizard_gthe4_inst/gen_gtwizard_gthe4.gen_cpll_cal_gthe4.gen_cpll_cal_inst[0].gen_inst_cpll_cal.gtwizard_ultrascale_v1_7_8_gthe4_cpll_cal_inst/gtwizard_ultrascale_v1_7_8_gthe4_cpll_cal_tx_i/txoutclkmon               |             6.2 |
| dpss_zcu102_rx_i/dp_rx_hier_0/vid_phy_controller_0/inst/gt_wrapper_inst/inst/gen_gtwizard_gthe4_top.dpss_zcu102_rx_vid_phy_controller_0_0_gtwrapper_gtwizard_gthe4_inst/gen_gtwizard_gthe4.gen_cpll_cal_gthe4.gen_cpll_cal_inst[1].gen_inst_cpll_cal.gtwizard_ultrascale_v1_7_8_gthe4_cpll_cal_inst/gtwizard_ultrascale_v1_7_8_gthe4_cpll_cal_rx_i/gen_cal_rx_en.bufg_gt_rxoutclkmon_inst/O | dpss_zcu102_rx_i/dp_rx_hier_0/vid_phy_controller_0/inst/gt_wrapper_inst/inst/gen_gtwizard_gthe4_top.dpss_zcu102_rx_vid_phy_controller_0_0_gtwrapper_gtwizard_gthe4_inst/gen_gtwizard_gthe4.gen_cpll_cal_gthe4.gen_cpll_cal_inst[1].gen_inst_cpll_cal.gtwizard_ultrascale_v1_7_8_gthe4_cpll_cal_inst/gtwizard_ultrascale_v1_7_8_gthe4_cpll_cal_rx_i/gen_cal_rx_en.rxoutclkmon |             6.2 |
| dpss_zcu102_rx_i/dp_rx_hier_0/vid_phy_controller_0/inst/gt_wrapper_inst/inst/gen_gtwizard_gthe4_top.dpss_zcu102_rx_vid_phy_controller_0_0_gtwrapper_gtwizard_gthe4_inst/gen_gtwizard_gthe4.gen_cpll_cal_gthe4.gen_cpll_cal_inst[1].gen_inst_cpll_cal.gtwizard_ultrascale_v1_7_8_gthe4_cpll_cal_inst/gtwizard_ultrascale_v1_7_8_gthe4_cpll_cal_tx_i/bufg_gt_txoutclkmon_inst/O               | dpss_zcu102_rx_i/dp_rx_hier_0/vid_phy_controller_0/inst/gt_wrapper_inst/inst/gen_gtwizard_gthe4_top.dpss_zcu102_rx_vid_phy_controller_0_0_gtwrapper_gtwizard_gthe4_inst/gen_gtwizard_gthe4.gen_cpll_cal_gthe4.gen_cpll_cal_inst[1].gen_inst_cpll_cal.gtwizard_ultrascale_v1_7_8_gthe4_cpll_cal_inst/gtwizard_ultrascale_v1_7_8_gthe4_cpll_cal_tx_i/txoutclkmon               |             6.2 |
| dpss_zcu102_rx_i/dp_rx_hier_0/vid_phy_controller_0/inst/gt_wrapper_inst/inst/gen_gtwizard_gthe4_top.dpss_zcu102_rx_vid_phy_controller_0_0_gtwrapper_gtwizard_gthe4_inst/gen_gtwizard_gthe4.gen_cpll_cal_gthe4.gen_cpll_cal_inst[2].gen_inst_cpll_cal.gtwizard_ultrascale_v1_7_8_gthe4_cpll_cal_inst/gtwizard_ultrascale_v1_7_8_gthe4_cpll_cal_rx_i/gen_cal_rx_en.bufg_gt_rxoutclkmon_inst/O | dpss_zcu102_rx_i/dp_rx_hier_0/vid_phy_controller_0/inst/gt_wrapper_inst/inst/gen_gtwizard_gthe4_top.dpss_zcu102_rx_vid_phy_controller_0_0_gtwrapper_gtwizard_gthe4_inst/gen_gtwizard_gthe4.gen_cpll_cal_gthe4.gen_cpll_cal_inst[2].gen_inst_cpll_cal.gtwizard_ultrascale_v1_7_8_gthe4_cpll_cal_inst/gtwizard_ultrascale_v1_7_8_gthe4_cpll_cal_rx_i/gen_cal_rx_en.rxoutclkmon |             6.2 |
| dpss_zcu102_rx_i/dp_rx_hier_0/vid_phy_controller_0/inst/gt_wrapper_inst/inst/gen_gtwizard_gthe4_top.dpss_zcu102_rx_vid_phy_controller_0_0_gtwrapper_gtwizard_gthe4_inst/gen_gtwizard_gthe4.gen_cpll_cal_gthe4.gen_cpll_cal_inst[2].gen_inst_cpll_cal.gtwizard_ultrascale_v1_7_8_gthe4_cpll_cal_inst/gtwizard_ultrascale_v1_7_8_gthe4_cpll_cal_tx_i/bufg_gt_txoutclkmon_inst/O               | dpss_zcu102_rx_i/dp_rx_hier_0/vid_phy_controller_0/inst/gt_wrapper_inst/inst/gen_gtwizard_gthe4_top.dpss_zcu102_rx_vid_phy_controller_0_0_gtwrapper_gtwizard_gthe4_inst/gen_gtwizard_gthe4.gen_cpll_cal_gthe4.gen_cpll_cal_inst[2].gen_inst_cpll_cal.gtwizard_ultrascale_v1_7_8_gthe4_cpll_cal_inst/gtwizard_ultrascale_v1_7_8_gthe4_cpll_cal_tx_i/txoutclkmon               |             6.2 |
| dpss_zcu102_rx_i/dp_rx_hier_0/vid_phy_controller_0/inst/gt_wrapper_inst/inst/gen_gtwizard_gthe4_top.dpss_zcu102_rx_vid_phy_controller_0_0_gtwrapper_gtwizard_gthe4_inst/gen_gtwizard_gthe4.gen_cpll_cal_gthe4.gen_cpll_cal_inst[3].gen_inst_cpll_cal.gtwizard_ultrascale_v1_7_8_gthe4_cpll_cal_inst/gtwizard_ultrascale_v1_7_8_gthe4_cpll_cal_rx_i/gen_cal_rx_en.bufg_gt_rxoutclkmon_inst/O | dpss_zcu102_rx_i/dp_rx_hier_0/vid_phy_controller_0/inst/gt_wrapper_inst/inst/gen_gtwizard_gthe4_top.dpss_zcu102_rx_vid_phy_controller_0_0_gtwrapper_gtwizard_gthe4_inst/gen_gtwizard_gthe4.gen_cpll_cal_gthe4.gen_cpll_cal_inst[3].gen_inst_cpll_cal.gtwizard_ultrascale_v1_7_8_gthe4_cpll_cal_inst/gtwizard_ultrascale_v1_7_8_gthe4_cpll_cal_rx_i/gen_cal_rx_en.rxoutclkmon |             6.2 |
| dpss_zcu102_rx_i/dp_rx_hier_0/vid_phy_controller_0/inst/gt_wrapper_inst/inst/gen_gtwizard_gthe4_top.dpss_zcu102_rx_vid_phy_controller_0_0_gtwrapper_gtwizard_gthe4_inst/gen_gtwizard_gthe4.gen_cpll_cal_gthe4.gen_cpll_cal_inst[3].gen_inst_cpll_cal.gtwizard_ultrascale_v1_7_8_gthe4_cpll_cal_inst/gtwizard_ultrascale_v1_7_8_gthe4_cpll_cal_tx_i/bufg_gt_txoutclkmon_inst/O               | dpss_zcu102_rx_i/dp_rx_hier_0/vid_phy_controller_0/inst/gt_wrapper_inst/inst/gen_gtwizard_gthe4_top.dpss_zcu102_rx_vid_phy_controller_0_0_gtwrapper_gtwizard_gthe4_inst/gen_gtwizard_gthe4.gen_cpll_cal_gthe4.gen_cpll_cal_inst[3].gen_inst_cpll_cal.gtwizard_ultrascale_v1_7_8_gthe4_cpll_cal_inst/gtwizard_ultrascale_v1_7_8_gthe4_cpll_cal_tx_i/txoutclkmon               |             6.2 |
| user_si570_sysclk_clk_p                                                                                                                                                                                                                                                                                                                                                                     | user_si570_sysclk_clk_p                                                                                                                                                                                                                                                                                                                                                      |             3.3 |
| vid_phy_controller_0_rxoutclk                                                                                                                                                                                                                                                                                                                                                               | dpss_zcu102_rx_i/dp_rx_hier_0/vid_phy_controller_0/inst/gt_usrclk_source_inst/CLK                                                                                                                                                                                                                                                                                            |             2.5 |
+---------------------------------------------------------------------------------------------------------------------------------------------------------------------------------------------------------------------------------------------------------------------------------------------------------------------------------------------------------------------------------------------+------------------------------------------------------------------------------------------------------------------------------------------------------------------------------------------------------------------------------------------------------------------------------------------------------------------------------------------------------------------------------+-----------------+


3. Detailed Reports
-------------------

3.1 By Hierarchy
----------------

+----------------------------+-----------+
| Name                       | Power (W) |
+----------------------------+-----------+
| dpss_zcu102_rx_wrapper     |     4.302 |
|   dbg_hub                  |     0.005 |
|     inst                   |     0.005 |
|       BSCANID.u_xsdbm_id   |     0.005 |
|   dpss_zcu102_rx_i         |     4.296 |
|     axi_iic_0              |     0.002 |
|       U0                   |     0.002 |
|     axi_timer_0            |     0.003 |
|       U0                   |     0.003 |
|     clk_wiz_0              |     0.102 |
|       inst                 |     0.102 |
|     dp_rx_hier_0           |     1.343 |
|       util_ds_buf_0        |     0.006 |
|       util_ds_buf_1        |     0.006 |
|       v_dp_rxss1_0         |     0.274 |
|       vid_edid_0           |     0.011 |
|       vid_phy_controller_0 |     1.004 |
|       video_frame_crc_0    |     0.042 |
|     ps8_0_axi_periph       |     0.066 |
|       m00_couplers         |     0.007 |
|       m01_couplers         |     0.007 |
|       m02_couplers         |     0.008 |
|       m03_couplers         |     0.006 |
|       m04_couplers         |     0.009 |
|       m05_couplers         |     0.007 |
|       xbar                 |     0.021 |
|     system_ila_1           |     0.014 |
|       inst                 |     0.014 |
|     system_ila_2           |     0.026 |
|       inst                 |     0.026 |
|     zynq_ultra_ps_e_0      |     2.739 |
|       inst                 |     2.739 |
+----------------------------+-----------+


